#
# There is insufficient memory for the Java Runtime Environment to continue.
# Native memory allocation (mmap) failed to map 266338304 bytes for Failed to commit area from 0x0000000702000000 to 0x0000000711e00000 of length 266338304.
# Possible reasons:
#   The system is out of physical RAM or swap space
#   The process is running with CompressedOops enabled, and the Java Heap may be blocking the growth of the native heap
# Possible solutions:
#   Reduce memory load on the system
#   Increase physical memory or swap space
#   Check if swap backing store is full
#   Decrease Java heap size (-Xmx/-Xms)
#   Decrease number of Java threads
#   Decrease Java thread stack sizes (-Xss)
#   Set larger code cache with -XX:ReservedCodeCacheSize=
# This output file may be truncated or incomplete.
#
#  Out of Memory Error (./src/hotspot/os/windows/os_windows.cpp:3521), pid=4560, tid=4184
#
# JRE version:  (11.0.12+7) (build )
# Java VM: OpenJDK 64-Bit Server VM (11.0.12+7-b1504.28-7817840, mixed mode, sharing, tiered, compressed oops, g1 gc, windows-amd64)
# No core dump will be written. Minidumps are not enabled by default on client versions of Windows
#

---------------  S U M M A R Y ------------

Command Line: 

Host: Intel(R) Core(TM) i7-8565U CPU @ 1.80GHz, 8 cores, 15G,  Windows 10 , 64 bit Build 22000 (10.0.22000.708)
Time: Fri Jul 29 21:51:49 2022 West Bank Gaza Standard Time elapsed time: 0.074311 seconds (0d 0h 0m 0s)

---------------  T H R E A D  ---------------

Current thread (0x00000201b014b800):  JavaThread "Unknown thread" [_thread_in_vm, id=4184, stack(0x0000004a95600000,0x0000004a95700000)]

Stack: [0x0000004a95600000,0x0000004a95700000]
Native frames: (J=compiled Java code, j=interpreted, Vv=VM code, C=native code)
V  [jvm.dll+0x5fbcea]
V  [jvm.dll+0x731905]
V  [jvm.dll+0x732f1d]
V  [jvm.dll+0x7335d3]
V  [jvm.dll+0x247bf8]
V  [jvm.dll+0x5f90b4]
V  [jvm.dll+0x5edc85]
V  [jvm.dll+0x305aeb]
V  [jvm.dll+0x305a5a]
V  [jvm.dll+0x305932]
V  [jvm.dll+0x30a896]
V  [jvm.dll+0x353803]
V  [jvm.dll+0x353f06]
V  [jvm.dll+0x353903]
V  [jvm.dll+0x2e0678]
V  [jvm.dll+0x2e1827]
V  [jvm.dll+0x710037]
V  [jvm.dll+0x71182c]
V  [jvm.dll+0x360da9]
V  [jvm.dll+0x6f390e]
V  [jvm.dll+0x3c9723]
V  [jvm.dll+0x3cb9b1]
C  [jli.dll+0x536b]
C  [ucrtbase.dll+0x26c0c]
C  [KERNEL32.DLL+0x154e0]
C  [ntdll.dll+0x485b]


---------------  P R O C E S S  ---------------

Threads class SMR info:
_java_thread_list=0x00000201ae7df150, length=0, elements={
}

Java Threads: ( => current thread )

Other Threads:
  0x00000201b0163000 GCTaskThread "GC Thread#0" [stack: 0x0000004a95700000,0x0000004a95800000] [id=21252]
  0x00000201b01bd800 ConcurrentGCThread "G1 Main Marker" [stack: 0x0000004a95800000,0x0000004a95900000] [id=12416]
  0x00000201b01bf000 ConcurrentGCThread "G1 Conc#0" [stack: 0x0000004a95900000,0x0000004a95a00000] [id=7660]

[error occurred during error reporting (printing all threads), id 0xc0000005, EXCEPTION_ACCESS_VIOLATION (0xc0000005) at pc=0x00007ffc272f0be7]

VM state:not at safepoint (not fully initialized)

VM Mutex/Monitor currently owned by a thread:  ([mutex/lock_event])
[0x00000201b0146ea0] Heap_lock - owner thread: 0x00000201b014b800

Heap address: 0x0000000702000000, size: 4064 MB, Compressed Oops mode: Non-zero based: 0x0000000702000000
Narrow klass base: 0x0000000000000000, Narrow klass shift: 0

GC Heap History (0 events):
No events

Deoptimization events (0 events):
No events

Classes redefined (0 events):
No events

Internal exceptions (0 events):
No events

Events (1 events):
Event: 0.042 Loaded shared library C:\Program Files\Android\Android Studio4\jre\bin\zip.dll


Dynamic libraries:
0x00007ff646490000 - 0x00007ff64649a000 	C:\Program Files\Android\Android Studio4\jre\bin\java.EXE
0x00007ffcb8b20000 - 0x00007ffcb8d29000 	C:\WINDOWS\SYSTEM32\ntdll.dll
0x00007ffcb7a50000 - 0x00007ffcb7b0d000 	C:\WINDOWS\System32\KERNEL32.DLL
0x00007ffcb62d0000 - 0x00007ffcb6649000 	C:\WINDOWS\System32\KERNELBASE.dll
0x00007ffcb6650000 - 0x00007ffcb6761000 	C:\WINDOWS\System32\ucrtbase.dll
0x00007ffca19f0000 - 0x00007ffca1a07000 	C:\Program Files\Android\Android Studio4\jre\bin\VCRUNTIME140.dll
0x00007ffca1990000 - 0x00007ffca19a9000 	C:\Program Files\Android\Android Studio4\jre\bin\jli.dll
0x00007ffcb7b10000 - 0x00007ffcb7cbc000 	C:\WINDOWS\System32\USER32.dll
0x00007ffcb61e0000 - 0x00007ffcb6206000 	C:\WINDOWS\System32\win32u.dll
0x00007ffcb6ee0000 - 0x00007ffcb6f09000 	C:\WINDOWS\System32\GDI32.dll
0x00007ffcb67f0000 - 0x00007ffcb6902000 	C:\WINDOWS\System32\gdi32full.dll
0x00007ffcb6910000 - 0x00007ffcb69ad000 	C:\WINDOWS\System32\msvcp_win.dll
0x00007ffc9b930000 - 0x00007ffc9bbd5000 	C:\WINDOWS\WinSxS\amd64_microsoft.windows.common-controls_6595b64144ccf1df_6.0.22000.120_none_9d947278b86cc467\COMCTL32.dll
0x00007ffcb6b80000 - 0x00007ffcb6c23000 	C:\WINDOWS\System32\msvcrt.dll
0x00007ffcb81e0000 - 0x00007ffcb8211000 	C:\WINDOWS\System32\IMM32.DLL
0x00007ffc96bb0000 - 0x00007ffc96c4d000 	C:\Program Files\Android\Android Studio4\jre\bin\msvcp140.dll
0x00007ffc27000000 - 0x00007ffc27ae5000 	C:\Program Files\Android\Android Studio4\jre\bin\server\jvm.dll
0x00007ffcb6ad0000 - 0x00007ffcb6b7e000 	C:\WINDOWS\System32\ADVAPI32.dll
0x00007ffcb6c30000 - 0x00007ffcb6cce000 	C:\WINDOWS\System32\sechost.dll
0x00007ffcb69b0000 - 0x00007ffcb6ad0000 	C:\WINDOWS\System32\RPCRT4.dll
0x00007ffcb82f0000 - 0x00007ffcb82f8000 	C:\WINDOWS\System32\PSAPI.DLL
0x00007ffcafc20000 - 0x00007ffcafc29000 	C:\WINDOWS\SYSTEM32\WSOCK32.dll
0x00007ffcafb00000 - 0x00007ffcafb33000 	C:\WINDOWS\SYSTEM32\WINMM.dll
0x00007ffcb6d40000 - 0x00007ffcb6daf000 	C:\WINDOWS\System32\WS2_32.dll
0x00007ffcaf350000 - 0x00007ffcaf35a000 	C:\WINDOWS\SYSTEM32\VERSION.dll
0x00007ffcb51f0000 - 0x00007ffcb5208000 	C:\WINDOWS\SYSTEM32\kernel.appcore.dll
0x00007ffca1930000 - 0x00007ffca1941000 	C:\Program Files\Android\Android Studio4\jre\bin\verify.dll
0x00007ffcb3b80000 - 0x00007ffcb3da1000 	C:\WINDOWS\SYSTEM32\DBGHELP.DLL
0x00007ffc91e60000 - 0x00007ffc91e91000 	C:\WINDOWS\SYSTEM32\dbgcore.DLL
0x00007ffcb6770000 - 0x00007ffcb67ef000 	C:\WINDOWS\System32\bcryptPrimitives.dll
0x00007ffc9cd30000 - 0x00007ffc9cd59000 	C:\Program Files\Android\Android Studio4\jre\bin\java.dll
0x00007ffcafc10000 - 0x00007ffcafc1b000 	C:\Program Files\Android\Android Studio4\jre\bin\jimage.dll
0x00007ffc9bfa0000 - 0x00007ffc9bfb8000 	C:\Program Files\Android\Android Studio4\jre\bin\zip.dll

dbghelp: loaded successfully - version: 4.0.5 - missing functions: none
symbol engine: initialized successfully - sym options: 0x614 - pdb path: .;C:\Program Files\Android\Android Studio4\jre\bin;C:\WINDOWS\SYSTEM32;C:\WINDOWS\WinSxS\amd64_microsoft.windows.common-controls_6595b64144ccf1df_6.0.22000.120_none_9d947278b86cc467;C:\Program Files\Android\Android Studio4\jre\bin\server

VM Arguments:
java_command: <unknown>
java_class_path (initial): <not set>
Launcher Type: SUN_STANDARD

[Global flags]
     intx CICompilerCount                          = 4                                         {product} {ergonomic}
     uint ConcGCThreads                            = 2                                         {product} {ergonomic}
     uint G1ConcRefinementThreads                  = 8                                         {product} {ergonomic}
   size_t G1HeapRegionSize                         = 1048576                                   {product} {ergonomic}
    uintx GCDrainStackTargetSize                   = 64                                        {product} {ergonomic}
   size_t InitialHeapSize                          = 266338304                                 {product} {ergonomic}
   size_t MarkStackSize                            = 4194304                                   {product} {ergonomic}
   size_t MaxHeapSize                              = 4261412864                                {product} {ergonomic}
   size_t MinHeapDeltaBytes                        = 1048576                                   {product} {ergonomic}
    uintx NonNMethodCodeHeapSize                   = 5836300                                {pd product} {ergonomic}
    uintx NonProfiledCodeHeapSize                  = 122910970                              {pd product} {ergonomic}
    uintx ProfiledCodeHeapSize                     = 122910970                              {pd product} {ergonomic}
    uintx ReservedCodeCacheSize                    = 251658240                              {pd product} {ergonomic}
     bool SegmentedCodeCache                       = true                                      {product} {ergonomic}
     bool UseCompressedClassPointers               = true                                 {lp64_product} {ergonomic}
     bool UseCompressedOops                        = true                                 {lp64_product} {ergonomic}
     bool UseG1GC                                  = true                                      {product} {ergonomic}
     bool UseLargePagesIndividualAllocation        = false                                  {pd product} {ergonomic}

Logging:
Log output configuration:
 #0: stdout all=warning uptime,level,tags
 #1: stderr all=off uptime,level,tags

Environment Variables:
PATH=C:\WINDOWS\system32;C:\WINDOWS;C:\WINDOWS\System32\Wbem;C:\WINDOWS\System32\WindowsPowerShell\v1.0\;C:\WINDOWS\System32\OpenSSH\;C:\Program Files\Git\cmd;C:\Users\ahmed\AppData\Local\Microsoft\WindowsApps;E:\development\dart-sdk\bin;E:\development\flutter\bin;C:\Users\ahmed\AppData\Local\Programs\Microsoft VS Code\bin;;E:\development\flutter\bin\mingit\cmd
USERNAME=Rawan
OS=Windows_NT
PROCESSOR_IDENTIFIER=Intel64 Family 6 Model 142 Stepping 12, GenuineIntel



---------------  S Y S T E M  ---------------

OS: Windows 10 , 64 bit Build 22000 (10.0.22000.708)
OS uptime: 0 days 10:02 hours

CPU:total 8 (initial active 8) (4 cores per cpu, 2 threads per core) family 6 model 142 stepping 12 microcode 0xec, cmov, cx8, fxsr, mmx, sse, sse2, sse3, ssse3, sse4.1, sse4.2, popcnt, avx, avx2, aes, clmul, erms, 3dnowpref, lzcnt, ht, tsc, tscinvbit, bmi1, bmi2, adx, fma

Memory: 4k page, system-wide physical 16254M (950M free)
TotalPageFile size 20350M (AvailPageFile size 115M)
current process WorkingSet (physical memory assigned to process): 10M, peak: 10M
current process commit charge ("private bytes"): 60M, peak: 314M

vm_info: OpenJDK 64-Bit Server VM (11.0.12+7-b1504.28-7817840) for windows-amd64 JRE (11.0.12+7-b1504.28-7817840), built on Oct 13 2021 22:12:33 by "builder" with MS VC++ 14.0 (VS2015)

END.
