#
# There is insufficient memory for the Java Runtime Environment to continue.
# Native memory allocation (malloc) failed to allocate 2346896 bytes for Chunk::new
# Possible reasons:
#   The system is out of physical RAM or swap space
#   The process is running with CompressedOops enabled, and the Java Heap may be blocking the growth of the native heap
# Possible solutions:
#   Reduce memory load on the system
#   Increase physical memory or swap space
#   Check if swap backing store is full
#   Decrease Java heap size (-Xmx/-Xms)
#   Decrease number of Java threads
#   Decrease Java thread stack sizes (-Xss)
#   Set larger code cache with -XX:ReservedCodeCacheSize=
#   JVM is running with Unscaled Compressed Oops mode in which the Java heap is
#     placed in the first 4GB address space. The Java Heap base address is the
#     maximum limit for the native heap growth. Please use -XX:HeapBaseMinAddress
#     to set the Java Heap base and to place the Java Heap above 4GB virtual address.
# This output file may be truncated or incomplete.
#
#  Out of Memory Error (./src/hotspot/share/memory/arena.cpp:197), pid=22708, tid=4808
#
# JRE version: OpenJDK Runtime Environment (11.0.12+7) (build 11.0.12+7-b1504.28-7817840)
# Java VM: OpenJDK 64-Bit Server VM (11.0.12+7-b1504.28-7817840, mixed mode, tiered, compressed oops, g1 gc, windows-amd64)
# No core dump will be written. Minidumps are not enabled by default on client versions of Windows
#

---------------  S U M M A R Y ------------

Command Line: --add-opens=java.base/java.util=ALL-UNNAMED --add-opens=java.base/java.lang=ALL-UNNAMED --add-opens=java.base/java.lang.invoke=ALL-UNNAMED --add-opens=java.base/java.util=ALL-UNNAMED --add-opens=java.prefs/java.util.prefs=ALL-UNNAMED --add-opens=java.prefs/java.util.prefs=ALL-UNNAMED --add-opens=java.base/java.nio.charset=ALL-UNNAMED --add-opens=java.base/java.net=ALL-UNNAMED --add-opens=java.base/java.util.concurrent.atomic=ALL-UNNAMED -Xmx1536M -Dfile.encoding=windows-1256 -Duser.country=US -Duser.language=en -Duser.variant org.gradle.launcher.daemon.bootstrap.GradleDaemon 7.4

Host: Intel(R) Core(TM) i7-8565U CPU @ 1.80GHz, 8 cores, 15G,  Windows 10 , 64 bit Build 22000 (10.0.22000.708)
Time: Sat Jul 23 02:47:30 2022 West Bank Gaza Standard Time elapsed time: 23.177866 seconds (0d 0h 0m 23s)

---------------  T H R E A D  ---------------

Current thread (0x00000210c8417000):  JavaThread "C2 CompilerThread0" daemon [_thread_in_native, id=4808, stack(0x000000d447f00000,0x000000d448000000)]


Current CompileTask:
C2:  23178 7151   !   4       com.google.common.reflect.TypeVisitor::visit (244 bytes)

Stack: [0x000000d447f00000,0x000000d448000000]
Native frames: (J=compiled Java code, j=interpreted, Vv=VM code, C=native code)
V  [jvm.dll+0x5fbcea]
V  [jvm.dll+0x731905]
V  [jvm.dll+0x732f1d]
V  [jvm.dll+0x7335d3]
V  [jvm.dll+0x247bf8]
V  [jvm.dll+0xc018c]
V  [jvm.dll+0xc06cc]
V  [jvm.dll+0x35b31d]
V  [jvm.dll+0x328803]
V  [jvm.dll+0x327cfa]
V  [jvm.dll+0x200602]
V  [jvm.dll+0x1ff794]
V  [jvm.dll+0x18868c]
V  [jvm.dll+0x20e0d7]
V  [jvm.dll+0x20c901]
V  [jvm.dll+0x6f9b7f]
V  [jvm.dll+0x6f26a5]
V  [jvm.dll+0x5fabf6]
C  [ucrtbase.dll+0x26c0c]
C  [KERNEL32.DLL+0x154e0]
C  [ntdll.dll+0x485b]


---------------  P R O C E S S  ---------------

Threads class SMR info:
_java_thread_list=0x00000210ca284ff0, length=122, elements={
0x00000210ae9b1800, 0x00000210c83ab800, 0x00000210c83ae800, 0x00000210c8412800,
0x00000210c8414800, 0x00000210c8416000, 0x00000210c8417000, 0x00000210c8418000,
0x00000210c841b800, 0x00000210c8586800, 0x00000210c9968800, 0x00000210c9a33800,
0x00000210ca54d800, 0x00000210cb07e800, 0x00000210c862c000, 0x00000210c97c5000,
0x00000210c97b6000, 0x00000210c98f8000, 0x00000210c8627000, 0x00000210ca5f9800,
0x00000210ca5fa800, 0x00000210ca5fb000, 0x00000210ca5fc000, 0x00000210cad52000,
0x00000210cad4c000, 0x00000210cad4e800, 0x00000210cad51000, 0x00000210cad4f800,
0x00000210cad4b000, 0x00000210cad50000, 0x00000210cad58800, 0x00000210cad5a000,
0x00000210cad59000, 0x00000210cad57800, 0x00000210ce220000, 0x00000210ce221800,
0x00000210ce223000, 0x00000210ce225000, 0x00000210ce224000, 0x00000210ce221000,
0x00000210ce21f000, 0x00000210ce228000, 0x00000210ce226800, 0x00000210ce227800,
0x00000210ce225800, 0x00000210ce222800, 0x00000210ce22a800, 0x00000210ce229000,
0x00000210ce22a000, 0x00000210ce22b800, 0x00000210ce22c000, 0x00000210ce22d000,
0x00000210ce22e000, 0x00000210cad4d000, 0x00000210d0d9c000, 0x00000210d0d9d000,
0x00000210d0d9e000, 0x00000210d0d9b800, 0x00000210d0d9a800, 0x00000210d0d98000,
0x00000210d0d9e800, 0x00000210d0d99000, 0x00000210d0d99800, 0x00000210d0da0800,
0x00000210d0da1000, 0x00000210d0da2000, 0x00000210d0da2800, 0x00000210d0da3800,
0x00000210d0da4800, 0x00000210d0da5000, 0x00000210d0d9f800, 0x00000210d0da6000,
0x00000210d0da7000, 0x00000210ce286000, 0x00000210ce287000, 0x00000210ce283000,
0x00000210ce283800, 0x00000210ce282000, 0x00000210ce284800, 0x00000210ce285000,
0x00000210ce281000, 0x00000210ce28c000, 0x00000210ce288800, 0x00000210ce28c800,
0x00000210ce28a000, 0x00000210ce28b000, 0x00000210ce28d800, 0x00000210ce287800,
0x00000210ce28e000, 0x00000210ce28f000, 0x00000210ce289800, 0x00000210ce290000,
0x00000210cf779000, 0x00000210cf777000, 0x00000210cf778800, 0x00000210cf775000,
0x00000210cf777800, 0x00000210cf77a000, 0x00000210cf774800, 0x00000210cf77b000,
0x00000210cf77b800, 0x00000210cf776000, 0x00000210cf77e000, 0x00000210cf77d800,
0x00000210cf77f000, 0x00000210cf77f800, 0x00000210cf780800, 0x00000210cf781800,
0x00000210cf782000, 0x00000210cf77c800, 0x00000210cf783000, 0x00000210cd9d3800,
0x00000210cd9d5800, 0x00000210cd9d4800, 0x00000210cd9d6000, 0x00000210cd9d7000,
0x00000210cd9d7800, 0x00000210cd9d2000, 0x00000210cd9d3000, 0x00000210cd9db000,
0x00000210cd9d9800, 0x00000210cd9d8800
}

Java Threads: ( => current thread )
  0x00000210ae9b1800 JavaThread "main" [_thread_blocked, id=22100, stack(0x000000d447300000,0x000000d447400000)]
  0x00000210c83ab800 JavaThread "Reference Handler" daemon [_thread_blocked, id=21892, stack(0x000000d447a00000,0x000000d447b00000)]
  0x00000210c83ae800 JavaThread "Finalizer" daemon [_thread_blocked, id=11992, stack(0x000000d447b00000,0x000000d447c00000)]
  0x00000210c8412800 JavaThread "Signal Dispatcher" daemon [_thread_blocked, id=10796, stack(0x000000d447c00000,0x000000d447d00000)]
  0x00000210c8414800 JavaThread "Attach Listener" daemon [_thread_blocked, id=3764, stack(0x000000d447d00000,0x000000d447e00000)]
  0x00000210c8416000 JavaThread "Service Thread" daemon [_thread_blocked, id=13540, stack(0x000000d447e00000,0x000000d447f00000)]
=>0x00000210c8417000 JavaThread "C2 CompilerThread0" daemon [_thread_in_native, id=4808, stack(0x000000d447f00000,0x000000d448000000)]
  0x00000210c8418000 JavaThread "C1 CompilerThread0" daemon [_thread_blocked, id=19348, stack(0x000000d448000000,0x000000d448100000)]
  0x00000210c841b800 JavaThread "Sweeper thread" daemon [_thread_blocked, id=3772, stack(0x000000d448100000,0x000000d448200000)]
  0x00000210c8586800 JavaThread "Common-Cleaner" daemon [_thread_blocked, id=22524, stack(0x000000d448200000,0x000000d448300000)]
  0x00000210c9968800 JavaThread "Daemon health stats" [_thread_blocked, id=15664, stack(0x000000d448a00000,0x000000d448b00000)]
  0x00000210c9a33800 JavaThread "Incoming local TCP Connector on port 65395" [_thread_in_native, id=13060, stack(0x000000d448900000,0x000000d448a00000)]
  0x00000210ca54d800 JavaThread "Daemon periodic checks" [_thread_blocked, id=9152, stack(0x000000d448b00000,0x000000d448c00000)]
  0x00000210cb07e800 JavaThread "Daemon" [_thread_blocked, id=18184, stack(0x000000d448c00000,0x000000d448d00000)]
  0x00000210c862c000 JavaThread "Handler for socket connection from /127.0.0.1:65395 to /127.0.0.1:65396" [_thread_in_native, id=13860, stack(0x000000d448d00000,0x000000d448e00000)]
  0x00000210c97c5000 JavaThread "Cancel handler" [_thread_blocked, id=11012, stack(0x000000d448e00000,0x000000d448f00000)]
  0x00000210c97b6000 JavaThread "Daemon worker" [_thread_in_vm, id=7292, stack(0x000000d448f00000,0x000000d449000000)]
  0x00000210c98f8000 JavaThread "Asynchronous log dispatcher for DefaultDaemonConnection: socket connection from /127.0.0.1:65395 to /127.0.0.1:65396" [_thread_blocked, id=11180, stack(0x000000d449000000,0x000000d449100000)]
  0x00000210c8627000 JavaThread "Stdin handler" [_thread_blocked, id=2208, stack(0x000000d449100000,0x000000d449200000)]
  0x00000210ca5f9800 JavaThread "Daemon client event forwarder" [_thread_blocked, id=20216, stack(0x000000d449200000,0x000000d449300000)]
  0x00000210ca5fa800 JavaThread "Cache worker for journal cache (C:\Users\ahmed\.gradle\caches\journal-1)" [_thread_blocked, id=18488, stack(0x000000d449300000,0x000000d449400000)]
  0x00000210ca5fb000 JavaThread "File lock request listener" [_thread_in_native, id=22468, stack(0x000000d449400000,0x000000d449500000)]
  0x00000210ca5fc000 JavaThread "Cache worker for file hash cache (C:\Users\ahmed\.gradle\caches\7.4\fileHashes)" [_thread_blocked, id=15712, stack(0x000000d449500000,0x000000d449600000)]
  0x00000210cad52000 JavaThread "File watcher server" daemon [_thread_in_native, id=20116, stack(0x000000d449a00000,0x000000d449b00000)]
  0x00000210cad4c000 JavaThread "File watcher consumer" daemon [_thread_blocked, id=13112, stack(0x000000d449b00000,0x000000d449c00000)]
  0x00000210cad4e800 JavaThread "Cache worker for checksums cache (C:\Users\ahmed\StudioProjects\azkar_app\android\.gradle\7.4\checksums)" [_thread_blocked, id=9536, stack(0x000000d449c00000,0x000000d449d00000)]
  0x00000210cad51000 JavaThread "Cache worker for cache directory md-rule (C:\Users\ahmed\.gradle\caches\7.4\md-rule)" [_thread_blocked, id=11644, stack(0x000000d449d00000,0x000000d449e00000)]
  0x00000210cad4f800 JavaThread "Cache worker for file hash cache (C:\Users\ahmed\StudioProjects\azkar_app\android\.gradle\7.4\fileHashes)" [_thread_blocked, id=1920, stack(0x000000d449e00000,0x000000d449f00000)]
  0x00000210cad4b000 JavaThread "Cache worker for cache directory md-supplier (C:\Users\ahmed\.gradle\caches\7.4\md-supplier)" [_thread_blocked, id=23048, stack(0x000000d449f00000,0x000000d44a000000)]
  0x00000210cad50000 JavaThread "Cache worker for execution history cache (C:\Users\ahmed\.gradle\caches\7.4\executionHistory)" [_thread_blocked, id=20756, stack(0x000000d44a000000,0x000000d44a100000)]
  0x00000210cad58800 JavaThread "jar transforms" [_thread_blocked, id=15000, stack(0x000000d44a200000,0x000000d44a300000)]
  0x00000210cad5a000 JavaThread "jar transforms Thread 2" [_thread_blocked, id=20496, stack(0x000000d44a300000,0x000000d44a400000)]
  0x00000210cad59000 JavaThread "Cache worker for file content cache (C:\Users\ahmed\.gradle\caches\7.4\fileContent)" [_thread_blocked, id=10396, stack(0x000000d44a400000,0x000000d44a500000)]
  0x00000210cad57800 JavaThread "jar transforms Thread 3" [_thread_blocked, id=3092, stack(0x000000d44a500000,0x000000d44a600000)]
  0x00000210ce220000 JavaThread "jar transforms Thread 4" [_thread_blocked, id=19832, stack(0x000000d44a600000,0x000000d44a700000)]
  0x00000210ce221800 JavaThread "Cache worker for dependencies-accessors (C:\Users\ahmed\StudioProjects\azkar_app\android\.gradle\7.4\dependencies-accessors)" [_thread_blocked, id=4824, stack(0x000000d44a700000,0x000000d44a800000)]
  0x00000210ce223000 JavaThread "jar transforms Thread 5" [_thread_blocked, id=7272, stack(0x000000d44a800000,0x000000d44a900000)]
  0x00000210ce225000 JavaThread "Cache worker for Build Output Cleanup Cache (C:\Users\ahmed\StudioProjects\azkar_app\android\.gradle\buildOutputCleanup)" [_thread_blocked, id=4784, stack(0x000000d44a900000,0x000000d44aa00000)]
  0x00000210ce224000 JavaThread "Unconstrained build operations" [_thread_blocked, id=19948, stack(0x000000d44a100000,0x000000d44a200000)]
  0x00000210ce221000 JavaThread "Unconstrained build operations Thread 2" [_thread_blocked, id=13120, stack(0x000000d44aa00000,0x000000d44ab00000)]
  0x00000210ce21f000 JavaThread "Unconstrained build operations Thread 3" [_thread_blocked, id=5920, stack(0x000000d44ab00000,0x000000d44ac00000)]
  0x00000210ce228000 JavaThread "Unconstrained build operations Thread 4" [_thread_blocked, id=10452, stack(0x000000d44ac00000,0x000000d44ad00000)]
  0x00000210ce226800 JavaThread "Unconstrained build operations Thread 5" [_thread_blocked, id=22988, stack(0x000000d44ad00000,0x000000d44ae00000)]
  0x00000210ce227800 JavaThread "Unconstrained build operations Thread 6" [_thread_blocked, id=23264, stack(0x000000d44ae00000,0x000000d44af00000)]
  0x00000210ce225800 JavaThread "Unconstrained build operations Thread 7" [_thread_blocked, id=3128, stack(0x000000d44af00000,0x000000d44b000000)]
  0x00000210ce222800 JavaThread "Unconstrained build operations Thread 8" [_thread_blocked, id=1816, stack(0x000000d44b000000,0x000000d44b100000)]
  0x00000210ce22a800 JavaThread "Unconstrained build operations Thread 9" [_thread_blocked, id=20444, stack(0x000000d44b100000,0x000000d44b200000)]
  0x00000210ce229000 JavaThread "Unconstrained build operations Thread 10" [_thread_blocked, id=3424, stack(0x000000d44b200000,0x000000d44b300000)]
  0x00000210ce22a000 JavaThread "Unconstrained build operations Thread 11" [_thread_blocked, id=19620, stack(0x000000d44b300000,0x000000d44b400000)]
  0x00000210ce22b800 JavaThread "Unconstrained build operations Thread 12" [_thread_blocked, id=2196, stack(0x000000d44b400000,0x000000d44b500000)]
  0x00000210ce22c000 JavaThread "Unconstrained build operations Thread 13" [_thread_blocked, id=10428, stack(0x000000d44b500000,0x000000d44b600000)]
  0x00000210ce22d000 JavaThread "Unconstrained build operations Thread 14" [_thread_blocked, id=20832, stack(0x000000d44b600000,0x000000d44b700000)]
  0x00000210ce22e000 JavaThread "Unconstrained build operations Thread 15" [_thread_blocked, id=2792, stack(0x000000d44b700000,0x000000d44b800000)]
  0x00000210cad4d000 JavaThread "Unconstrained build operations Thread 16" [_thread_blocked, id=20400, stack(0x000000d44b800000,0x000000d44b900000)]
  0x00000210d0d9c000 JavaThread "Unconstrained build operations Thread 17" [_thread_blocked, id=17912, stack(0x000000d44b900000,0x000000d44ba00000)]
  0x00000210d0d9d000 JavaThread "Unconstrained build operations Thread 18" [_thread_blocked, id=15864, stack(0x000000d44ba00000,0x000000d44bb00000)]
  0x00000210d0d9e000 JavaThread "Unconstrained build operations Thread 19" [_thread_blocked, id=23360, stack(0x000000d44bb00000,0x000000d44bc00000)]
  0x00000210d0d9b800 JavaThread "Unconstrained build operations Thread 20" [_thread_blocked, id=19924, stack(0x000000d44bc00000,0x000000d44bd00000)]
  0x00000210d0d9a800 JavaThread "Unconstrained build operations Thread 21" [_thread_blocked, id=7232, stack(0x000000d44bd00000,0x000000d44be00000)]
  0x00000210d0d98000 JavaThread "Unconstrained build operations Thread 22" [_thread_blocked, id=16812, stack(0x000000d44be00000,0x000000d44bf00000)]
  0x00000210d0d9e800 JavaThread "Unconstrained build operations Thread 23" [_thread_blocked, id=16448, stack(0x000000d44bf00000,0x000000d44c000000)]
  0x00000210d0d99000 JavaThread "Unconstrained build operations Thread 24" [_thread_blocked, id=13512, stack(0x000000d44c000000,0x000000d44c100000)]
  0x00000210d0d99800 JavaThread "Unconstrained build operations Thread 25" [_thread_blocked, id=23004, stack(0x000000d44c100000,0x000000d44c200000)]
  0x00000210d0da0800 JavaThread "Unconstrained build operations Thread 26" [_thread_blocked, id=11716, stack(0x000000d44c200000,0x000000d44c300000)]
  0x00000210d0da1000 JavaThread "Unconstrained build operations Thread 27" [_thread_blocked, id=21052, stack(0x000000d44c300000,0x000000d44c400000)]
  0x00000210d0da2000 JavaThread "Unconstrained build operations Thread 28" [_thread_blocked, id=20228, stack(0x000000d44c400000,0x000000d44c500000)]
  0x00000210d0da2800 JavaThread "Unconstrained build operations Thread 29" [_thread_blocked, id=3428, stack(0x000000d44c500000,0x000000d44c600000)]
  0x00000210d0da3800 JavaThread "Unconstrained build operations Thread 30" [_thread_blocked, id=18616, stack(0x000000d44c600000,0x000000d44c700000)]
  0x00000210d0da4800 JavaThread "Unconstrained build operations Thread 31" [_thread_blocked, id=14684, stack(0x000000d44c700000,0x000000d44c800000)]
  0x00000210d0da5000 JavaThread "Unconstrained build operations Thread 32" [_thread_blocked, id=11728, stack(0x000000d44c800000,0x000000d44c900000)]
  0x00000210d0d9f800 JavaThread "Unconstrained build operations Thread 33" [_thread_blocked, id=22312, stack(0x000000d44c900000,0x000000d44ca00000)]
  0x00000210d0da6000 JavaThread "Unconstrained build operations Thread 34" [_thread_blocked, id=20072, stack(0x000000d44ca00000,0x000000d44cb00000)]
  0x00000210d0da7000 JavaThread "Unconstrained build operations Thread 35" [_thread_blocked, id=3944, stack(0x000000d44cb00000,0x000000d44cc00000)]
  0x00000210ce286000 JavaThread "Unconstrained build operations Thread 36" [_thread_blocked, id=13028, stack(0x000000d44cc00000,0x000000d44cd00000)]
  0x00000210ce287000 JavaThread "Unconstrained build operations Thread 37" [_thread_blocked, id=21356, stack(0x000000d44cd00000,0x000000d44ce00000)]
  0x00000210ce283000 JavaThread "Unconstrained build operations Thread 38" [_thread_blocked, id=15748, stack(0x000000d44ce00000,0x000000d44cf00000)]
  0x00000210ce283800 JavaThread "Unconstrained build operations Thread 39" [_thread_blocked, id=18336, stack(0x000000d44cf00000,0x000000d44d000000)]
  0x00000210ce282000 JavaThread "Unconstrained build operations Thread 40" [_thread_blocked, id=20384, stack(0x000000d44d000000,0x000000d44d100000)]
  0x00000210ce284800 JavaThread "Unconstrained build operations Thread 41" [_thread_blocked, id=20376, stack(0x000000d44d100000,0x000000d44d200000)]
  0x00000210ce285000 JavaThread "Unconstrained build operations Thread 42" [_thread_blocked, id=11472, stack(0x000000d44d200000,0x000000d44d300000)]
  0x00000210ce281000 JavaThread "Unconstrained build operations Thread 43" [_thread_blocked, id=11492, stack(0x000000d44d300000,0x000000d44d400000)]
  0x00000210ce28c000 JavaThread "Unconstrained build operations Thread 44" [_thread_blocked, id=23424, stack(0x000000d44d400000,0x000000d44d500000)]
  0x00000210ce288800 JavaThread "Unconstrained build operations Thread 45" [_thread_blocked, id=16608, stack(0x000000d44d500000,0x000000d44d600000)]
  0x00000210ce28c800 JavaThread "Unconstrained build operations Thread 46" [_thread_blocked, id=17372, stack(0x000000d44d600000,0x000000d44d700000)]
  0x00000210ce28a000 JavaThread "Unconstrained build operations Thread 47" [_thread_blocked, id=5388, stack(0x000000d44d700000,0x000000d44d800000)]
  0x00000210ce28b000 JavaThread "Unconstrained build operations Thread 48" [_thread_blocked, id=23040, stack(0x000000d44d800000,0x000000d44d900000)]
  0x00000210ce28d800 JavaThread "Unconstrained build operations Thread 49" [_thread_blocked, id=11632, stack(0x000000d44d900000,0x000000d44da00000)]
  0x00000210ce287800 JavaThread "Unconstrained build operations Thread 50" [_thread_blocked, id=17348, stack(0x000000d44da00000,0x000000d44db00000)]
  0x00000210ce28e000 JavaThread "Unconstrained build operations Thread 51" [_thread_blocked, id=11484, stack(0x000000d44db00000,0x000000d44dc00000)]
  0x00000210ce28f000 JavaThread "Unconstrained build operations Thread 52" [_thread_blocked, id=17276, stack(0x000000d44dc00000,0x000000d44dd00000)]
  0x00000210ce289800 JavaThread "Unconstrained build operations Thread 53" [_thread_blocked, id=23156, stack(0x000000d44dd00000,0x000000d44de00000)]
  0x00000210ce290000 JavaThread "Unconstrained build operations Thread 54" [_thread_blocked, id=21824, stack(0x000000d44de00000,0x000000d44df00000)]
  0x00000210cf779000 JavaThread "Unconstrained build operations Thread 55" [_thread_blocked, id=19848, stack(0x000000d44df00000,0x000000d44e000000)]
  0x00000210cf777000 JavaThread "Unconstrained build operations Thread 56" [_thread_blocked, id=5500, stack(0x000000d44e000000,0x000000d44e100000)]
  0x00000210cf778800 JavaThread "Unconstrained build operations Thread 57" [_thread_blocked, id=19596, stack(0x000000d44e100000,0x000000d44e200000)]
  0x00000210cf775000 JavaThread "Unconstrained build operations Thread 58" [_thread_blocked, id=2564, stack(0x000000d44e200000,0x000000d44e300000)]
  0x00000210cf777800 JavaThread "Unconstrained build operations Thread 59" [_thread_blocked, id=14396, stack(0x000000d44e300000,0x000000d44e400000)]
  0x00000210cf77a000 JavaThread "Unconstrained build operations Thread 60" [_thread_blocked, id=11320, stack(0x000000d44e400000,0x000000d44e500000)]
  0x00000210cf774800 JavaThread "Unconstrained build operations Thread 61" [_thread_blocked, id=20440, stack(0x000000d44e500000,0x000000d44e600000)]
  0x00000210cf77b000 JavaThread "Unconstrained build operations Thread 62" [_thread_blocked, id=9156, stack(0x000000d44e600000,0x000000d44e700000)]
  0x00000210cf77b800 JavaThread "Unconstrained build operations Thread 63" [_thread_blocked, id=9004, stack(0x000000d44e700000,0x000000d44e800000)]
  0x00000210cf776000 JavaThread "Unconstrained build operations Thread 64" [_thread_blocked, id=20076, stack(0x000000d44e800000,0x000000d44e900000)]
  0x00000210cf77e000 JavaThread "Unconstrained build operations Thread 65" [_thread_blocked, id=8776, stack(0x000000d44e900000,0x000000d44ea00000)]
  0x00000210cf77d800 JavaThread "Unconstrained build operations Thread 66" [_thread_blocked, id=3276, stack(0x000000d44ea00000,0x000000d44eb00000)]
  0x00000210cf77f000 JavaThread "Unconstrained build operations Thread 67" [_thread_blocked, id=6152, stack(0x000000d44eb00000,0x000000d44ec00000)]
  0x00000210cf77f800 JavaThread "Unconstrained build operations Thread 68" [_thread_blocked, id=19936, stack(0x000000d44ec00000,0x000000d44ed00000)]
  0x00000210cf780800 JavaThread "Unconstrained build operations Thread 69" [_thread_blocked, id=5720, stack(0x000000d44ed00000,0x000000d44ee00000)]
  0x00000210cf781800 JavaThread "Unconstrained build operations Thread 70" [_thread_blocked, id=7180, stack(0x000000d44ee00000,0x000000d44ef00000)]
  0x00000210cf782000 JavaThread "Unconstrained build operations Thread 71" [_thread_blocked, id=21412, stack(0x000000d44ef00000,0x000000d44f000000)]
  0x00000210cf77c800 JavaThread "Unconstrained build operations Thread 72" [_thread_blocked, id=8940, stack(0x000000d44f000000,0x000000d44f100000)]
  0x00000210cf783000 JavaThread "Unconstrained build operations Thread 73" [_thread_blocked, id=22404, stack(0x000000d44f100000,0x000000d44f200000)]
  0x00000210cd9d3800 JavaThread "Unconstrained build operations Thread 74" [_thread_blocked, id=6608, stack(0x000000d44f200000,0x000000d44f300000)]
  0x00000210cd9d5800 JavaThread "Unconstrained build operations Thread 75" [_thread_blocked, id=13332, stack(0x000000d44f300000,0x000000d44f400000)]
  0x00000210cd9d4800 JavaThread "Unconstrained build operations Thread 76" [_thread_blocked, id=21716, stack(0x000000d44f400000,0x000000d44f500000)]
  0x00000210cd9d6000 JavaThread "Unconstrained build operations Thread 77" [_thread_blocked, id=6512, stack(0x000000d44f500000,0x000000d44f600000)]
  0x00000210cd9d7000 JavaThread "Unconstrained build operations Thread 78" [_thread_blocked, id=10424, stack(0x000000d44f600000,0x000000d44f700000)]
  0x00000210cd9d7800 JavaThread "Unconstrained build operations Thread 79" [_thread_blocked, id=8432, stack(0x000000d44f700000,0x000000d44f800000)]
  0x00000210cd9d2000 JavaThread "Unconstrained build operations Thread 80" [_thread_blocked, id=19572, stack(0x000000d44f800000,0x000000d44f900000)]
  0x00000210cd9d3000 JavaThread "jar transforms Thread 6" [_thread_blocked, id=10360, stack(0x000000d44fa00000,0x000000d44fb00000)]
  0x00000210cd9db000 JavaThread "jar transforms Thread 7" [_thread_blocked, id=10408, stack(0x000000d44fb00000,0x000000d44fc00000)]
  0x00000210cd9d9800 JavaThread "jar transforms Thread 8" [_thread_blocked, id=11160, stack(0x000000d44fc00000,0x000000d44fd00000)]
  0x00000210cd9d8800 JavaThread "C2 CompilerThread1" daemon [_thread_in_native, id=3200, stack(0x000000d449900000,0x000000d449a00000)]

Other Threads:
  0x00000210c8388800 VMThread "VM Thread" [stack: 0x000000d447900000,0x000000d447a00000] [id=2732]
  0x00000210c85a7800 WatcherThread [stack: 0x000000d448300000,0x000000d448400000] [id=9184]
  0x00000210ae9cc000 GCTaskThread "GC Thread#0" [stack: 0x000000d447400000,0x000000d447500000] [id=5404]
  0x00000210c8d66800 GCTaskThread "GC Thread#1" [stack: 0x000000d448400000,0x000000d448500000] [id=22456]
  0x00000210c93d3000 GCTaskThread "GC Thread#2" [stack: 0x000000d448500000,0x000000d448600000] [id=7768]
  0x00000210c936b800 GCTaskThread "GC Thread#3" [stack: 0x000000d448600000,0x000000d448700000] [id=13136]
  0x00000210c9364000 GCTaskThread "GC Thread#4" [stack: 0x000000d448700000,0x000000d448800000] [id=10480]
  0x00000210c95a4800 GCTaskThread "GC Thread#5" [stack: 0x000000d448800000,0x000000d448900000] [id=19580]
  0x00000210ca88b000 GCTaskThread "GC Thread#6" [stack: 0x000000d449600000,0x000000d449700000] [id=3864]
  0x00000210c8e6f000 GCTaskThread "GC Thread#7" [stack: 0x000000d449700000,0x000000d449800000] [id=17168]
  0x00000210ae9f5000 ConcurrentGCThread "G1 Main Marker" [stack: 0x000000d447500000,0x000000d447600000] [id=18176]
  0x00000210ae9f6000 ConcurrentGCThread "G1 Conc#0" [stack: 0x000000d447600000,0x000000d447700000] [id=12108]
  0x00000210c96c8000 ConcurrentGCThread "G1 Conc#1" [stack: 0x000000d449800000,0x000000d449900000] [id=10688]
  0x00000210c79f4800 ConcurrentGCThread "G1 Refine#0" [stack: 0x000000d447700000,0x000000d447800000] [id=22932]
  0x00000210c79f5800 ConcurrentGCThread "G1 Young RemSet Sampling" [stack: 0x000000d447800000,0x000000d447900000] [id=21932]

Threads with active compile tasks:
C2 CompilerThread0  23235 7151   !   4       com.google.common.reflect.TypeVisitor::visit (244 bytes)
C2 CompilerThread1  23235 7188       4       org.objectweb.asm.Frame::execute (2318 bytes)

VM state:not at safepoint (normal execution)

VM Mutex/Monitor currently owned by a thread: None

Heap address: 0x00000000a0000000, size: 1536 MB, Compressed Oops mode: 32-bit
Narrow klass base: 0x0000000000000000, Narrow klass shift: 3
Compressed class space size: 1073741824 Address: 0x0000000100000000

Heap:
 garbage-first heap   total 260096K, used 85663K [0x00000000a0000000, 0x0000000100000000)
  region size 1024K, 48 young (49152K), 15 survivors (15360K)
 Metaspace       used 62978K, capacity 64638K, committed 64668K, reserved 1105920K
  class space    used 8048K, capacity 8677K, committed 8704K, reserved 1048576K
Heap Regions: E=young(eden), S=young(survivor), O=old, HS=humongous(starts), HC=humongous(continues), CS=collection set, F=free, A=archive, TAMS=top-at-mark-start (previous, next)
|   0|0x00000000a0000000, 0x00000000a0100000, 0x00000000a0100000|100%| O|  |TAMS 0x00000000a0100000, 0x00000000a0000000| Untracked 
|   1|0x00000000a0100000, 0x00000000a0200000, 0x00000000a0200000|100%| O|  |TAMS 0x00000000a0200000, 0x00000000a0100000| Untracked 
|   2|0x00000000a0200000, 0x00000000a0300000, 0x00000000a0300000|100%| O|  |TAMS 0x00000000a0300000, 0x00000000a0200000| Untracked 
|   3|0x00000000a0300000, 0x00000000a0400000, 0x00000000a0400000|100%|HS|  |TAMS 0x00000000a0400000, 0x00000000a0300000| Complete 
|   4|0x00000000a0400000, 0x00000000a0500000, 0x00000000a0500000|100%|HC|  |TAMS 0x00000000a0500000, 0x00000000a0400000| Complete 
|   5|0x00000000a0500000, 0x00000000a0600000, 0x00000000a0600000|100%|HC|  |TAMS 0x00000000a0600000, 0x00000000a0500000| Complete 
|   6|0x00000000a0600000, 0x00000000a0700000, 0x00000000a0700000|100%| O|  |TAMS 0x00000000a0700000, 0x00000000a0600000| Untracked 
|   7|0x00000000a0700000, 0x00000000a0800000, 0x00000000a0800000|100%| O|  |TAMS 0x00000000a0800000, 0x00000000a0700000| Untracked 
|   8|0x00000000a0800000, 0x00000000a0900000, 0x00000000a0900000|100%| O|  |TAMS 0x00000000a0900000, 0x00000000a0800000| Untracked 
|   9|0x00000000a0900000, 0x00000000a0a00000, 0x00000000a0a00000|100%| O|  |TAMS 0x00000000a0a00000, 0x00000000a0900000| Untracked 
|  10|0x00000000a0a00000, 0x00000000a0b00000, 0x00000000a0b00000|100%| O|  |TAMS 0x00000000a0b00000, 0x00000000a0a00000| Untracked 
|  11|0x00000000a0b00000, 0x00000000a0c00000, 0x00000000a0c00000|100%| O|  |TAMS 0x00000000a0c00000, 0x00000000a0b00000| Untracked 
|  12|0x00000000a0c00000, 0x00000000a0d00000, 0x00000000a0d00000|100%| O|  |TAMS 0x00000000a0d00000, 0x00000000a0c00000| Untracked 
|  13|0x00000000a0d00000, 0x00000000a0e00000, 0x00000000a0e00000|100%| O|  |TAMS 0x00000000a0e00000, 0x00000000a0d00000| Untracked 
|  14|0x00000000a0e00000, 0x00000000a0f00000, 0x00000000a0f00000|100%| O|  |TAMS 0x00000000a0f00000, 0x00000000a0e00000| Untracked 
|  15|0x00000000a0f00000, 0x00000000a1000000, 0x00000000a1000000|100%| O|  |TAMS 0x00000000a1000000, 0x00000000a0f00000| Untracked 
|  16|0x00000000a1000000, 0x00000000a1100000, 0x00000000a1100000|100%| O|  |TAMS 0x00000000a1100000, 0x00000000a1000000| Untracked 
|  17|0x00000000a1100000, 0x00000000a1200000, 0x00000000a1200000|100%| O|  |TAMS 0x00000000a1200000, 0x00000000a1100000| Untracked 
|  18|0x00000000a1200000, 0x00000000a1300000, 0x00000000a1300000|100%| O|  |TAMS 0x00000000a1300000, 0x00000000a1200000| Untracked 
|  19|0x00000000a1300000, 0x00000000a1400000, 0x00000000a1400000|100%| O|  |TAMS 0x00000000a1400000, 0x00000000a1300000| Untracked 
|  20|0x00000000a1400000, 0x00000000a1500000, 0x00000000a1500000|100%| O|  |TAMS 0x00000000a1500000, 0x00000000a1400000| Untracked 
|  21|0x00000000a1500000, 0x00000000a1600000, 0x00000000a1600000|100%| O|  |TAMS 0x00000000a1600000, 0x00000000a1500000| Untracked 
|  22|0x00000000a1600000, 0x00000000a1700000, 0x00000000a1700000|100%|HS|  |TAMS 0x00000000a1700000, 0x00000000a1600000| Complete 
|  23|0x00000000a1700000, 0x00000000a1800000, 0x00000000a1800000|100%|HS|  |TAMS 0x00000000a1800000, 0x00000000a1700000| Complete 
|  24|0x00000000a1800000, 0x00000000a1900000, 0x00000000a1900000|100%|HS|  |TAMS 0x00000000a1900000, 0x00000000a1800000| Complete 
|  25|0x00000000a1900000, 0x00000000a1a00000, 0x00000000a1a00000|100%|HS|  |TAMS 0x00000000a1a00000, 0x00000000a1900000| Complete 
|  26|0x00000000a1a00000, 0x00000000a1b00000, 0x00000000a1b00000|100%|HS|  |TAMS 0x00000000a1b00000, 0x00000000a1a00000| Complete 
|  27|0x00000000a1b00000, 0x00000000a1c00000, 0x00000000a1c00000|100%|HC|  |TAMS 0x00000000a1c00000, 0x00000000a1b00000| Complete 
|  28|0x00000000a1c00000, 0x00000000a1d00000, 0x00000000a1d00000|100%|HC|  |TAMS 0x00000000a1d00000, 0x00000000a1c00000| Complete 
|  29|0x00000000a1d00000, 0x00000000a1e00000, 0x00000000a1e00000|100%|HS|  |TAMS 0x00000000a1e00000, 0x00000000a1d00000| Complete 
|  30|0x00000000a1e00000, 0x00000000a1f00000, 0x00000000a1f00000|100%|HC|  |TAMS 0x00000000a1f00000, 0x00000000a1e00000| Complete 
|  31|0x00000000a1f00000, 0x00000000a2000000, 0x00000000a2000000|100%| O|  |TAMS 0x00000000a2000000, 0x00000000a1f00000| Untracked 
|  32|0x00000000a2000000, 0x00000000a2100000, 0x00000000a2100000|100%| O|  |TAMS 0x00000000a2100000, 0x00000000a2000000| Untracked 
|  33|0x00000000a2100000, 0x00000000a2200000, 0x00000000a2200000|100%| O|  |TAMS 0x00000000a2200000, 0x00000000a2100000| Untracked 
|  34|0x00000000a2200000, 0x00000000a2300000, 0x00000000a2300000|100%| O|  |TAMS 0x00000000a2300000, 0x00000000a2200000| Untracked 
|  35|0x00000000a2300000, 0x00000000a2400000, 0x00000000a2400000|100%| O|  |TAMS 0x00000000a2400000, 0x00000000a2300000| Untracked 
|  36|0x00000000a2400000, 0x00000000a2500000, 0x00000000a2500000|100%| O|  |TAMS 0x00000000a2500000, 0x00000000a2400000| Untracked 
|  37|0x00000000a2500000, 0x00000000a2560800, 0x00000000a2600000| 37%| O|  |TAMS 0x00000000a2560800, 0x00000000a2500000| Untracked 
|  38|0x00000000a2600000, 0x00000000a2600000, 0x00000000a2700000|  0%| F|  |TAMS 0x00000000a2600000, 0x00000000a2600000| Untracked 
|  39|0x00000000a2700000, 0x00000000a2700000, 0x00000000a2800000|  0%| F|  |TAMS 0x00000000a2700000, 0x00000000a2700000| Untracked 
|  40|0x00000000a2800000, 0x00000000a2800000, 0x00000000a2900000|  0%| F|  |TAMS 0x00000000a2800000, 0x00000000a2800000| Untracked 
|  41|0x00000000a2900000, 0x00000000a2900000, 0x00000000a2a00000|  0%| F|  |TAMS 0x00000000a2900000, 0x00000000a2900000| Untracked 
|  42|0x00000000a2a00000, 0x00000000a2a00000, 0x00000000a2b00000|  0%| F|  |TAMS 0x00000000a2a00000, 0x00000000a2a00000| Untracked 
|  43|0x00000000a2b00000, 0x00000000a2b00000, 0x00000000a2c00000|  0%| F|  |TAMS 0x00000000a2b00000, 0x00000000a2b00000| Untracked 
|  44|0x00000000a2c00000, 0x00000000a2c00000, 0x00000000a2d00000|  0%| F|  |TAMS 0x00000000a2c00000, 0x00000000a2c00000| Untracked 
|  45|0x00000000a2d00000, 0x00000000a2d00000, 0x00000000a2e00000|  0%| F|  |TAMS 0x00000000a2d00000, 0x00000000a2d00000| Untracked 
|  46|0x00000000a2e00000, 0x00000000a2e00000, 0x00000000a2f00000|  0%| F|  |TAMS 0x00000000a2e00000, 0x00000000a2e00000| Untracked 
|  47|0x00000000a2f00000, 0x00000000a2f00000, 0x00000000a3000000|  0%| F|  |TAMS 0x00000000a2f00000, 0x00000000a2f00000| Untracked 
|  48|0x00000000a3000000, 0x00000000a3000000, 0x00000000a3100000|  0%| F|  |TAMS 0x00000000a3000000, 0x00000000a3000000| Untracked 
|  49|0x00000000a3100000, 0x00000000a3100000, 0x00000000a3200000|  0%| F|  |TAMS 0x00000000a3100000, 0x00000000a3100000| Untracked 
|  50|0x00000000a3200000, 0x00000000a3200000, 0x00000000a3300000|  0%| F|  |TAMS 0x00000000a3200000, 0x00000000a3200000| Untracked 
|  51|0x00000000a3300000, 0x00000000a3300000, 0x00000000a3400000|  0%| F|  |TAMS 0x00000000a3300000, 0x00000000a3300000| Untracked 
|  52|0x00000000a3400000, 0x00000000a3400000, 0x00000000a3500000|  0%| F|  |TAMS 0x00000000a3400000, 0x00000000a3400000| Untracked 
|  53|0x00000000a3500000, 0x00000000a3500000, 0x00000000a3600000|  0%| F|  |TAMS 0x00000000a3500000, 0x00000000a3500000| Untracked 
|  54|0x00000000a3600000, 0x00000000a3600000, 0x00000000a3700000|  0%| F|  |TAMS 0x00000000a3600000, 0x00000000a3600000| Untracked 
|  55|0x00000000a3700000, 0x00000000a3700000, 0x00000000a3800000|  0%| F|  |TAMS 0x00000000a3700000, 0x00000000a3700000| Untracked 
|  56|0x00000000a3800000, 0x00000000a3800000, 0x00000000a3900000|  0%| F|  |TAMS 0x00000000a3800000, 0x00000000a3800000| Untracked 
|  57|0x00000000a3900000, 0x00000000a3900000, 0x00000000a3a00000|  0%| F|  |TAMS 0x00000000a3900000, 0x00000000a3900000| Untracked 
|  58|0x00000000a3a00000, 0x00000000a3a00000, 0x00000000a3b00000|  0%| F|  |TAMS 0x00000000a3a00000, 0x00000000a3a00000| Untracked 
|  59|0x00000000a3b00000, 0x00000000a3b00000, 0x00000000a3c00000|  0%| F|  |TAMS 0x00000000a3b00000, 0x00000000a3b00000| Untracked 
|  60|0x00000000a3c00000, 0x00000000a3c00000, 0x00000000a3d00000|  0%| F|  |TAMS 0x00000000a3c00000, 0x00000000a3c00000| Untracked 
|  61|0x00000000a3d00000, 0x00000000a3d00000, 0x00000000a3e00000|  0%| F|  |TAMS 0x00000000a3d00000, 0x00000000a3d00000| Untracked 
|  62|0x00000000a3e00000, 0x00000000a3e00000, 0x00000000a3f00000|  0%| F|  |TAMS 0x00000000a3e00000, 0x00000000a3e00000| Untracked 
|  63|0x00000000a3f00000, 0x00000000a3f00000, 0x00000000a4000000|  0%| F|  |TAMS 0x00000000a3f00000, 0x00000000a3f00000| Untracked 
|  64|0x00000000a4000000, 0x00000000a4000000, 0x00000000a4100000|  0%| F|  |TAMS 0x00000000a4000000, 0x00000000a4000000| Untracked 
|  65|0x00000000a4100000, 0x00000000a4100000, 0x00000000a4200000|  0%| F|  |TAMS 0x00000000a4100000, 0x00000000a4100000| Untracked 
|  66|0x00000000a4200000, 0x00000000a4200000, 0x00000000a4300000|  0%| F|  |TAMS 0x00000000a4200000, 0x00000000a4200000| Untracked 
|  67|0x00000000a4300000, 0x00000000a4300000, 0x00000000a4400000|  0%| F|  |TAMS 0x00000000a4300000, 0x00000000a4300000| Untracked 
|  68|0x00000000a4400000, 0x00000000a4400000, 0x00000000a4500000|  0%| F|  |TAMS 0x00000000a4400000, 0x00000000a4400000| Untracked 
|  69|0x00000000a4500000, 0x00000000a4500000, 0x00000000a4600000|  0%| F|  |TAMS 0x00000000a4500000, 0x00000000a4500000| Untracked 
|  70|0x00000000a4600000, 0x00000000a4600000, 0x00000000a4700000|  0%| F|  |TAMS 0x00000000a4600000, 0x00000000a4600000| Untracked 
|  71|0x00000000a4700000, 0x00000000a4700000, 0x00000000a4800000|  0%| F|  |TAMS 0x00000000a4700000, 0x00000000a4700000| Untracked 
|  72|0x00000000a4800000, 0x00000000a4800000, 0x00000000a4900000|  0%| F|  |TAMS 0x00000000a4800000, 0x00000000a4800000| Untracked 
|  73|0x00000000a4900000, 0x00000000a4900000, 0x00000000a4a00000|  0%| F|  |TAMS 0x00000000a4900000, 0x00000000a4900000| Untracked 
|  74|0x00000000a4a00000, 0x00000000a4a00000, 0x00000000a4b00000|  0%| F|  |TAMS 0x00000000a4a00000, 0x00000000a4a00000| Untracked 
|  75|0x00000000a4b00000, 0x00000000a4b00000, 0x00000000a4c00000|  0%| F|  |TAMS 0x00000000a4b00000, 0x00000000a4b00000| Untracked 
|  76|0x00000000a4c00000, 0x00000000a4c00000, 0x00000000a4d00000|  0%| F|  |TAMS 0x00000000a4c00000, 0x00000000a4c00000| Untracked 
|  77|0x00000000a4d00000, 0x00000000a4d00000, 0x00000000a4e00000|  0%| F|  |TAMS 0x00000000a4d00000, 0x00000000a4d00000| Untracked 
|  78|0x00000000a4e00000, 0x00000000a4e00000, 0x00000000a4f00000|  0%| F|  |TAMS 0x00000000a4e00000, 0x00000000a4e00000| Untracked 
|  79|0x00000000a4f00000, 0x00000000a4f00000, 0x00000000a5000000|  0%| F|  |TAMS 0x00000000a4f00000, 0x00000000a4f00000| Untracked 
|  80|0x00000000a5000000, 0x00000000a5000000, 0x00000000a5100000|  0%| F|  |TAMS 0x00000000a5000000, 0x00000000a5000000| Untracked 
|  81|0x00000000a5100000, 0x00000000a5100000, 0x00000000a5200000|  0%| F|  |TAMS 0x00000000a5100000, 0x00000000a5100000| Untracked 
|  82|0x00000000a5200000, 0x00000000a5200000, 0x00000000a5300000|  0%| F|  |TAMS 0x00000000a5200000, 0x00000000a5200000| Untracked 
|  83|0x00000000a5300000, 0x00000000a5300000, 0x00000000a5400000|  0%| F|  |TAMS 0x00000000a5300000, 0x00000000a5300000| Untracked 
|  84|0x00000000a5400000, 0x00000000a5400000, 0x00000000a5500000|  0%| F|  |TAMS 0x00000000a5400000, 0x00000000a5400000| Untracked 
|  85|0x00000000a5500000, 0x00000000a5500000, 0x00000000a5600000|  0%| F|  |TAMS 0x00000000a5500000, 0x00000000a5500000| Untracked 
|  86|0x00000000a5600000, 0x00000000a5600000, 0x00000000a5700000|  0%| F|  |TAMS 0x00000000a5600000, 0x00000000a5600000| Untracked 
|  87|0x00000000a5700000, 0x00000000a5700000, 0x00000000a5800000|  0%| F|  |TAMS 0x00000000a5700000, 0x00000000a5700000| Untracked 
|  88|0x00000000a5800000, 0x00000000a5800000, 0x00000000a5900000|  0%| F|  |TAMS 0x00000000a5800000, 0x00000000a5800000| Untracked 
|  89|0x00000000a5900000, 0x00000000a5900000, 0x00000000a5a00000|  0%| F|  |TAMS 0x00000000a5900000, 0x00000000a5900000| Untracked 
|  90|0x00000000a5a00000, 0x00000000a5a00000, 0x00000000a5b00000|  0%| F|  |TAMS 0x00000000a5a00000, 0x00000000a5a00000| Untracked 
|  91|0x00000000a5b00000, 0x00000000a5b00000, 0x00000000a5c00000|  0%| F|  |TAMS 0x00000000a5b00000, 0x00000000a5b00000| Untracked 
|  92|0x00000000a5c00000, 0x00000000a5c00000, 0x00000000a5d00000|  0%| F|  |TAMS 0x00000000a5c00000, 0x00000000a5c00000| Untracked 
|  93|0x00000000a5d00000, 0x00000000a5d00000, 0x00000000a5e00000|  0%| F|  |TAMS 0x00000000a5d00000, 0x00000000a5d00000| Untracked 
|  94|0x00000000a5e00000, 0x00000000a5e00000, 0x00000000a5f00000|  0%| F|  |TAMS 0x00000000a5e00000, 0x00000000a5e00000| Untracked 
|  95|0x00000000a5f00000, 0x00000000a5f00000, 0x00000000a6000000|  0%| F|  |TAMS 0x00000000a5f00000, 0x00000000a5f00000| Untracked 
|  96|0x00000000a6000000, 0x00000000a6000000, 0x00000000a6100000|  0%| F|  |TAMS 0x00000000a6000000, 0x00000000a6000000| Untracked 
|  97|0x00000000a6100000, 0x00000000a6100000, 0x00000000a6200000|  0%| F|  |TAMS 0x00000000a6100000, 0x00000000a6100000| Untracked 
|  98|0x00000000a6200000, 0x00000000a6200000, 0x00000000a6300000|  0%| F|  |TAMS 0x00000000a6200000, 0x00000000a6200000| Untracked 
|  99|0x00000000a6300000, 0x00000000a6300000, 0x00000000a6400000|  0%| F|  |TAMS 0x00000000a6300000, 0x00000000a6300000| Untracked 
| 100|0x00000000a6400000, 0x00000000a6400000, 0x00000000a6500000|  0%| F|  |TAMS 0x00000000a6400000, 0x00000000a6400000| Untracked 
| 101|0x00000000a6500000, 0x00000000a6500000, 0x00000000a6600000|  0%| F|  |TAMS 0x00000000a6500000, 0x00000000a6500000| Untracked 
| 102|0x00000000a6600000, 0x00000000a6600000, 0x00000000a6700000|  0%| F|  |TAMS 0x00000000a6600000, 0x00000000a6600000| Untracked 
| 103|0x00000000a6700000, 0x00000000a6700000, 0x00000000a6800000|  0%| F|  |TAMS 0x00000000a6700000, 0x00000000a6700000| Untracked 
| 104|0x00000000a6800000, 0x00000000a6800000, 0x00000000a6900000|  0%| F|  |TAMS 0x00000000a6800000, 0x00000000a6800000| Untracked 
| 105|0x00000000a6900000, 0x00000000a6900000, 0x00000000a6a00000|  0%| F|  |TAMS 0x00000000a6900000, 0x00000000a6900000| Untracked 
| 106|0x00000000a6a00000, 0x00000000a6a00000, 0x00000000a6b00000|  0%| F|  |TAMS 0x00000000a6a00000, 0x00000000a6a00000| Untracked 
| 107|0x00000000a6b00000, 0x00000000a6b00000, 0x00000000a6c00000|  0%| F|  |TAMS 0x00000000a6b00000, 0x00000000a6b00000| Untracked 
| 108|0x00000000a6c00000, 0x00000000a6c00000, 0x00000000a6d00000|  0%| F|  |TAMS 0x00000000a6c00000, 0x00000000a6c00000| Untracked 
| 109|0x00000000a6d00000, 0x00000000a6d00000, 0x00000000a6e00000|  0%| F|  |TAMS 0x00000000a6d00000, 0x00000000a6d00000| Untracked 
| 110|0x00000000a6e00000, 0x00000000a6e00000, 0x00000000a6f00000|  0%| F|  |TAMS 0x00000000a6e00000, 0x00000000a6e00000| Untracked 
| 111|0x00000000a6f00000, 0x00000000a6f00000, 0x00000000a7000000|  0%| F|  |TAMS 0x00000000a6f00000, 0x00000000a6f00000| Untracked 
| 112|0x00000000a7000000, 0x00000000a7000000, 0x00000000a7100000|  0%| F|  |TAMS 0x00000000a7000000, 0x00000000a7000000| Untracked 
| 113|0x00000000a7100000, 0x00000000a7100000, 0x00000000a7200000|  0%| F|  |TAMS 0x00000000a7100000, 0x00000000a7100000| Untracked 
| 114|0x00000000a7200000, 0x00000000a7200000, 0x00000000a7300000|  0%| F|  |TAMS 0x00000000a7200000, 0x00000000a7200000| Untracked 
| 115|0x00000000a7300000, 0x00000000a7300000, 0x00000000a7400000|  0%| F|  |TAMS 0x00000000a7300000, 0x00000000a7300000| Untracked 
| 116|0x00000000a7400000, 0x00000000a7400000, 0x00000000a7500000|  0%| F|  |TAMS 0x00000000a7400000, 0x00000000a7400000| Untracked 
| 117|0x00000000a7500000, 0x00000000a7500000, 0x00000000a7600000|  0%| F|  |TAMS 0x00000000a7500000, 0x00000000a7500000| Untracked 
| 118|0x00000000a7600000, 0x00000000a7600000, 0x00000000a7700000|  0%| F|  |TAMS 0x00000000a7600000, 0x00000000a7600000| Untracked 
| 119|0x00000000a7700000, 0x00000000a7700000, 0x00000000a7800000|  0%| F|  |TAMS 0x00000000a7700000, 0x00000000a7700000| Untracked 
| 120|0x00000000a7800000, 0x00000000a7800000, 0x00000000a7900000|  0%| F|  |TAMS 0x00000000a7800000, 0x00000000a7800000| Untracked 
| 121|0x00000000a7900000, 0x00000000a7900000, 0x00000000a7a00000|  0%| F|  |TAMS 0x00000000a7900000, 0x00000000a7900000| Untracked 
| 122|0x00000000a7a00000, 0x00000000a7a00000, 0x00000000a7b00000|  0%| F|  |TAMS 0x00000000a7a00000, 0x00000000a7a00000| Untracked 
| 123|0x00000000a7b00000, 0x00000000a7b00000, 0x00000000a7c00000|  0%| F|  |TAMS 0x00000000a7b00000, 0x00000000a7b00000| Untracked 
| 124|0x00000000a7c00000, 0x00000000a7c00000, 0x00000000a7d00000|  0%| F|  |TAMS 0x00000000a7c00000, 0x00000000a7c00000| Untracked 
| 125|0x00000000a7d00000, 0x00000000a7d00000, 0x00000000a7e00000|  0%| F|  |TAMS 0x00000000a7d00000, 0x00000000a7d00000| Untracked 
| 126|0x00000000a7e00000, 0x00000000a7e47708, 0x00000000a7f00000| 27%| S|CS|TAMS 0x00000000a7e00000, 0x00000000a7e00000| Complete 
| 127|0x00000000a7f00000, 0x00000000a8000000, 0x00000000a8000000|100%| S|CS|TAMS 0x00000000a7f00000, 0x00000000a7f00000| Complete 
| 128|0x00000000a8000000, 0x00000000a8100000, 0x00000000a8100000|100%| S|CS|TAMS 0x00000000a8000000, 0x00000000a8000000| Complete 
| 129|0x00000000a8100000, 0x00000000a8200000, 0x00000000a8200000|100%| S|CS|TAMS 0x00000000a8100000, 0x00000000a8100000| Complete 
| 130|0x00000000a8200000, 0x00000000a8300000, 0x00000000a8300000|100%| S|CS|TAMS 0x00000000a8200000, 0x00000000a8200000| Complete 
| 131|0x00000000a8300000, 0x00000000a8400000, 0x00000000a8400000|100%| S|CS|TAMS 0x00000000a8300000, 0x00000000a8300000| Complete 
| 132|0x00000000a8400000, 0x00000000a8500000, 0x00000000a8500000|100%| S|CS|TAMS 0x00000000a8400000, 0x00000000a8400000| Complete 
| 133|0x00000000a8500000, 0x00000000a8600000, 0x00000000a8600000|100%| S|CS|TAMS 0x00000000a8500000, 0x00000000a8500000| Complete 
| 134|0x00000000a8600000, 0x00000000a8700000, 0x00000000a8700000|100%| S|CS|TAMS 0x00000000a8600000, 0x00000000a8600000| Complete 
| 135|0x00000000a8700000, 0x00000000a8800000, 0x00000000a8800000|100%| S|CS|TAMS 0x00000000a8700000, 0x00000000a8700000| Complete 
| 136|0x00000000a8800000, 0x00000000a8900000, 0x00000000a8900000|100%| S|CS|TAMS 0x00000000a8800000, 0x00000000a8800000| Complete 
| 137|0x00000000a8900000, 0x00000000a8a00000, 0x00000000a8a00000|100%| S|CS|TAMS 0x00000000a8900000, 0x00000000a8900000| Complete 
| 138|0x00000000a8a00000, 0x00000000a8b00000, 0x00000000a8b00000|100%| S|CS|TAMS 0x00000000a8a00000, 0x00000000a8a00000| Complete 
| 139|0x00000000a8b00000, 0x00000000a8c00000, 0x00000000a8c00000|100%| S|CS|TAMS 0x00000000a8b00000, 0x00000000a8b00000| Complete 
| 140|0x00000000a8c00000, 0x00000000a8d00000, 0x00000000a8d00000|100%| S|CS|TAMS 0x00000000a8c00000, 0x00000000a8c00000| Complete 
| 141|0x00000000a8d00000, 0x00000000a8d00000, 0x00000000a8e00000|  0%| F|  |TAMS 0x00000000a8d00000, 0x00000000a8d00000| Untracked 
| 142|0x00000000a8e00000, 0x00000000a8e00000, 0x00000000a8f00000|  0%| F|  |TAMS 0x00000000a8e00000, 0x00000000a8e00000| Untracked 
| 143|0x00000000a8f00000, 0x00000000a8f00000, 0x00000000a9000000|  0%| F|  |TAMS 0x00000000a8f00000, 0x00000000a8f00000| Untracked 
| 144|0x00000000a9000000, 0x00000000a9000000, 0x00000000a9100000|  0%| F|  |TAMS 0x00000000a9000000, 0x00000000a9000000| Untracked 
| 145|0x00000000a9100000, 0x00000000a9100000, 0x00000000a9200000|  0%| F|  |TAMS 0x00000000a9100000, 0x00000000a9100000| Untracked 
| 146|0x00000000a9200000, 0x00000000a9200000, 0x00000000a9300000|  0%| F|  |TAMS 0x00000000a9200000, 0x00000000a9200000| Untracked 
| 147|0x00000000a9300000, 0x00000000a9300000, 0x00000000a9400000|  0%| F|  |TAMS 0x00000000a9300000, 0x00000000a9300000| Untracked 
| 148|0x00000000a9400000, 0x00000000a9400000, 0x00000000a9500000|  0%| F|  |TAMS 0x00000000a9400000, 0x00000000a9400000| Untracked 
| 149|0x00000000a9500000, 0x00000000a9500000, 0x00000000a9600000|  0%| F|  |TAMS 0x00000000a9500000, 0x00000000a9500000| Untracked 
| 150|0x00000000a9600000, 0x00000000a9600000, 0x00000000a9700000|  0%| F|  |TAMS 0x00000000a9600000, 0x00000000a9600000| Untracked 
| 151|0x00000000a9700000, 0x00000000a9700000, 0x00000000a9800000|  0%| F|  |TAMS 0x00000000a9700000, 0x00000000a9700000| Untracked 
| 152|0x00000000a9800000, 0x00000000a9800000, 0x00000000a9900000|  0%| F|  |TAMS 0x00000000a9800000, 0x00000000a9800000| Untracked 
| 153|0x00000000a9900000, 0x00000000a9900000, 0x00000000a9a00000|  0%| F|  |TAMS 0x00000000a9900000, 0x00000000a9900000| Untracked 
| 154|0x00000000a9a00000, 0x00000000a9a00000, 0x00000000a9b00000|  0%| F|  |TAMS 0x00000000a9a00000, 0x00000000a9a00000| Untracked 
| 155|0x00000000a9b00000, 0x00000000a9b00000, 0x00000000a9c00000|  0%| F|  |TAMS 0x00000000a9b00000, 0x00000000a9b00000| Untracked 
| 156|0x00000000a9c00000, 0x00000000a9c00000, 0x00000000a9d00000|  0%| F|  |TAMS 0x00000000a9c00000, 0x00000000a9c00000| Untracked 
| 157|0x00000000a9d00000, 0x00000000a9d00000, 0x00000000a9e00000|  0%| F|  |TAMS 0x00000000a9d00000, 0x00000000a9d00000| Untracked 
| 158|0x00000000a9e00000, 0x00000000a9e00000, 0x00000000a9f00000|  0%| F|  |TAMS 0x00000000a9e00000, 0x00000000a9e00000| Untracked 
| 159|0x00000000a9f00000, 0x00000000a9f00000, 0x00000000aa000000|  0%| F|  |TAMS 0x00000000a9f00000, 0x00000000a9f00000| Untracked 
| 160|0x00000000aa000000, 0x00000000aa000000, 0x00000000aa100000|  0%| F|  |TAMS 0x00000000aa000000, 0x00000000aa000000| Untracked 
| 161|0x00000000aa100000, 0x00000000aa100000, 0x00000000aa200000|  0%| F|  |TAMS 0x00000000aa100000, 0x00000000aa100000| Untracked 
| 162|0x00000000aa200000, 0x00000000aa200000, 0x00000000aa300000|  0%| F|  |TAMS 0x00000000aa200000, 0x00000000aa200000| Untracked 
| 163|0x00000000aa300000, 0x00000000aa300000, 0x00000000aa400000|  0%| F|  |TAMS 0x00000000aa300000, 0x00000000aa300000| Untracked 
| 164|0x00000000aa400000, 0x00000000aa400000, 0x00000000aa500000|  0%| F|  |TAMS 0x00000000aa400000, 0x00000000aa400000| Untracked 
| 165|0x00000000aa500000, 0x00000000aa500000, 0x00000000aa600000|  0%| F|  |TAMS 0x00000000aa500000, 0x00000000aa500000| Untracked 
| 166|0x00000000aa600000, 0x00000000aa600000, 0x00000000aa700000|  0%| F|  |TAMS 0x00000000aa600000, 0x00000000aa600000| Untracked 
| 167|0x00000000aa700000, 0x00000000aa700000, 0x00000000aa800000|  0%| F|  |TAMS 0x00000000aa700000, 0x00000000aa700000| Untracked 
| 168|0x00000000aa800000, 0x00000000aa800000, 0x00000000aa900000|  0%| F|  |TAMS 0x00000000aa800000, 0x00000000aa800000| Untracked 
| 169|0x00000000aa900000, 0x00000000aa900000, 0x00000000aaa00000|  0%| F|  |TAMS 0x00000000aa900000, 0x00000000aa900000| Untracked 
| 170|0x00000000aaa00000, 0x00000000aaa00000, 0x00000000aab00000|  0%| F|  |TAMS 0x00000000aaa00000, 0x00000000aaa00000| Untracked 
| 171|0x00000000aab00000, 0x00000000aab00000, 0x00000000aac00000|  0%| F|  |TAMS 0x00000000aab00000, 0x00000000aab00000| Untracked 
| 172|0x00000000aac00000, 0x00000000aac00000, 0x00000000aad00000|  0%| F|  |TAMS 0x00000000aac00000, 0x00000000aac00000| Untracked 
| 173|0x00000000aad00000, 0x00000000aad00000, 0x00000000aae00000|  0%| F|  |TAMS 0x00000000aad00000, 0x00000000aad00000| Untracked 
| 174|0x00000000aae00000, 0x00000000aae00000, 0x00000000aaf00000|  0%| F|  |TAMS 0x00000000aae00000, 0x00000000aae00000| Untracked 
| 175|0x00000000aaf00000, 0x00000000aaf00000, 0x00000000ab000000|  0%| F|  |TAMS 0x00000000aaf00000, 0x00000000aaf00000| Untracked 
| 176|0x00000000ab000000, 0x00000000ab000000, 0x00000000ab100000|  0%| F|  |TAMS 0x00000000ab000000, 0x00000000ab000000| Untracked 
| 177|0x00000000ab100000, 0x00000000ab100000, 0x00000000ab200000|  0%| F|  |TAMS 0x00000000ab100000, 0x00000000ab100000| Untracked 
| 178|0x00000000ab200000, 0x00000000ab200000, 0x00000000ab300000|  0%| F|  |TAMS 0x00000000ab200000, 0x00000000ab200000| Untracked 
| 179|0x00000000ab300000, 0x00000000ab300000, 0x00000000ab400000|  0%| F|  |TAMS 0x00000000ab300000, 0x00000000ab300000| Untracked 
| 180|0x00000000ab400000, 0x00000000ab400000, 0x00000000ab500000|  0%| F|  |TAMS 0x00000000ab400000, 0x00000000ab400000| Untracked 
| 181|0x00000000ab500000, 0x00000000ab500000, 0x00000000ab600000|  0%| F|  |TAMS 0x00000000ab500000, 0x00000000ab500000| Untracked 
| 182|0x00000000ab600000, 0x00000000ab600000, 0x00000000ab700000|  0%| F|  |TAMS 0x00000000ab600000, 0x00000000ab600000| Untracked 
| 183|0x00000000ab700000, 0x00000000ab700000, 0x00000000ab800000|  0%| F|  |TAMS 0x00000000ab700000, 0x00000000ab700000| Untracked 
| 184|0x00000000ab800000, 0x00000000ab800000, 0x00000000ab900000|  0%| F|  |TAMS 0x00000000ab800000, 0x00000000ab800000| Untracked 
| 185|0x00000000ab900000, 0x00000000ab900000, 0x00000000aba00000|  0%| F|  |TAMS 0x00000000ab900000, 0x00000000ab900000| Untracked 
| 186|0x00000000aba00000, 0x00000000aba00000, 0x00000000abb00000|  0%| F|  |TAMS 0x00000000aba00000, 0x00000000aba00000| Untracked 
| 187|0x00000000abb00000, 0x00000000abb00000, 0x00000000abc00000|  0%| F|  |TAMS 0x00000000abb00000, 0x00000000abb00000| Untracked 
| 188|0x00000000abc00000, 0x00000000abc00000, 0x00000000abd00000|  0%| F|  |TAMS 0x00000000abc00000, 0x00000000abc00000| Untracked 
| 189|0x00000000abd00000, 0x00000000abd00000, 0x00000000abe00000|  0%| F|  |TAMS 0x00000000abd00000, 0x00000000abd00000| Untracked 
| 190|0x00000000abe00000, 0x00000000abe00000, 0x00000000abf00000|  0%| F|  |TAMS 0x00000000abe00000, 0x00000000abe00000| Untracked 
| 191|0x00000000abf00000, 0x00000000abf00000, 0x00000000ac000000|  0%| F|  |TAMS 0x00000000abf00000, 0x00000000abf00000| Untracked 
| 192|0x00000000ac000000, 0x00000000ac000000, 0x00000000ac100000|  0%| F|  |TAMS 0x00000000ac000000, 0x00000000ac000000| Untracked 
| 193|0x00000000ac100000, 0x00000000ac100000, 0x00000000ac200000|  0%| F|  |TAMS 0x00000000ac100000, 0x00000000ac100000| Untracked 
| 194|0x00000000ac200000, 0x00000000ac200000, 0x00000000ac300000|  0%| F|  |TAMS 0x00000000ac200000, 0x00000000ac200000| Untracked 
| 195|0x00000000ac300000, 0x00000000ac300000, 0x00000000ac400000|  0%| F|  |TAMS 0x00000000ac300000, 0x00000000ac300000| Untracked 
| 196|0x00000000ac400000, 0x00000000ac400000, 0x00000000ac500000|  0%| F|  |TAMS 0x00000000ac400000, 0x00000000ac400000| Untracked 
| 197|0x00000000ac500000, 0x00000000ac500000, 0x00000000ac600000|  0%| F|  |TAMS 0x00000000ac500000, 0x00000000ac500000| Untracked 
| 198|0x00000000ac600000, 0x00000000ac600000, 0x00000000ac700000|  0%| F|  |TAMS 0x00000000ac600000, 0x00000000ac600000| Untracked 
| 199|0x00000000ac700000, 0x00000000ac700000, 0x00000000ac800000|  0%| F|  |TAMS 0x00000000ac700000, 0x00000000ac700000| Untracked 
| 200|0x00000000ac800000, 0x00000000ac800000, 0x00000000ac900000|  0%| F|  |TAMS 0x00000000ac800000, 0x00000000ac800000| Untracked 
| 201|0x00000000ac900000, 0x00000000ac900000, 0x00000000aca00000|  0%| F|  |TAMS 0x00000000ac900000, 0x00000000ac900000| Untracked 
| 202|0x00000000aca00000, 0x00000000aca00000, 0x00000000acb00000|  0%| F|  |TAMS 0x00000000aca00000, 0x00000000aca00000| Untracked 
| 203|0x00000000acb00000, 0x00000000acb00000, 0x00000000acc00000|  0%| F|  |TAMS 0x00000000acb00000, 0x00000000acb00000| Untracked 
| 204|0x00000000acc00000, 0x00000000acc00000, 0x00000000acd00000|  0%| F|  |TAMS 0x00000000acc00000, 0x00000000acc00000| Untracked 
| 205|0x00000000acd00000, 0x00000000acd00000, 0x00000000ace00000|  0%| F|  |TAMS 0x00000000acd00000, 0x00000000acd00000| Untracked 
| 206|0x00000000ace00000, 0x00000000ace00000, 0x00000000acf00000|  0%| F|  |TAMS 0x00000000ace00000, 0x00000000ace00000| Untracked 
| 207|0x00000000acf00000, 0x00000000acf00000, 0x00000000ad000000|  0%| F|  |TAMS 0x00000000acf00000, 0x00000000acf00000| Untracked 
| 208|0x00000000ad000000, 0x00000000ad000000, 0x00000000ad100000|  0%| F|  |TAMS 0x00000000ad000000, 0x00000000ad000000| Untracked 
| 209|0x00000000ad100000, 0x00000000ad100000, 0x00000000ad200000|  0%| F|  |TAMS 0x00000000ad100000, 0x00000000ad100000| Untracked 
| 210|0x00000000ad200000, 0x00000000ad200000, 0x00000000ad300000|  0%| F|  |TAMS 0x00000000ad200000, 0x00000000ad200000| Untracked 
| 211|0x00000000ad300000, 0x00000000ad300000, 0x00000000ad400000|  0%| F|  |TAMS 0x00000000ad300000, 0x00000000ad300000| Untracked 
| 212|0x00000000ad400000, 0x00000000ad400000, 0x00000000ad500000|  0%| F|  |TAMS 0x00000000ad400000, 0x00000000ad400000| Untracked 
| 213|0x00000000ad500000, 0x00000000ad500000, 0x00000000ad600000|  0%| F|  |TAMS 0x00000000ad500000, 0x00000000ad500000| Untracked 
| 214|0x00000000ad600000, 0x00000000ad600000, 0x00000000ad700000|  0%| F|  |TAMS 0x00000000ad600000, 0x00000000ad600000| Untracked 
| 215|0x00000000ad700000, 0x00000000ad700000, 0x00000000ad800000|  0%| F|  |TAMS 0x00000000ad700000, 0x00000000ad700000| Untracked 
| 216|0x00000000ad800000, 0x00000000ad800000, 0x00000000ad900000|  0%| F|  |TAMS 0x00000000ad800000, 0x00000000ad800000| Untracked 
| 217|0x00000000ad900000, 0x00000000ad900000, 0x00000000ada00000|  0%| F|  |TAMS 0x00000000ad900000, 0x00000000ad900000| Untracked 
| 218|0x00000000ada00000, 0x00000000ada00000, 0x00000000adb00000|  0%| F|  |TAMS 0x00000000ada00000, 0x00000000ada00000| Untracked 
| 219|0x00000000adb00000, 0x00000000adb00000, 0x00000000adc00000|  0%| F|  |TAMS 0x00000000adb00000, 0x00000000adb00000| Untracked 
| 220|0x00000000adc00000, 0x00000000adc00000, 0x00000000add00000|  0%| F|  |TAMS 0x00000000adc00000, 0x00000000adc00000| Untracked 
| 221|0x00000000add00000, 0x00000000ade00000, 0x00000000ade00000|100%| E|  |TAMS 0x00000000add00000, 0x00000000add00000| Complete 
| 222|0x00000000ade00000, 0x00000000adf00000, 0x00000000adf00000|100%| E|CS|TAMS 0x00000000ade00000, 0x00000000ade00000| Complete 
| 223|0x00000000adf00000, 0x00000000ae000000, 0x00000000ae000000|100%| E|CS|TAMS 0x00000000adf00000, 0x00000000adf00000| Complete 
| 224|0x00000000ae000000, 0x00000000ae100000, 0x00000000ae100000|100%| E|CS|TAMS 0x00000000ae000000, 0x00000000ae000000| Complete 
| 225|0x00000000ae100000, 0x00000000ae200000, 0x00000000ae200000|100%| E|CS|TAMS 0x00000000ae100000, 0x00000000ae100000| Complete 
| 226|0x00000000ae200000, 0x00000000ae300000, 0x00000000ae300000|100%| E|CS|TAMS 0x00000000ae200000, 0x00000000ae200000| Complete 
| 227|0x00000000ae300000, 0x00000000ae400000, 0x00000000ae400000|100%| E|CS|TAMS 0x00000000ae300000, 0x00000000ae300000| Complete 
| 228|0x00000000ae400000, 0x00000000ae500000, 0x00000000ae500000|100%| E|CS|TAMS 0x00000000ae400000, 0x00000000ae400000| Complete 
| 229|0x00000000ae500000, 0x00000000ae600000, 0x00000000ae600000|100%| E|CS|TAMS 0x00000000ae500000, 0x00000000ae500000| Complete 
| 230|0x00000000ae600000, 0x00000000ae700000, 0x00000000ae700000|100%| E|CS|TAMS 0x00000000ae600000, 0x00000000ae600000| Complete 
| 231|0x00000000ae700000, 0x00000000ae800000, 0x00000000ae800000|100%| E|CS|TAMS 0x00000000ae700000, 0x00000000ae700000| Complete 
| 232|0x00000000ae800000, 0x00000000ae900000, 0x00000000ae900000|100%| E|CS|TAMS 0x00000000ae800000, 0x00000000ae800000| Complete 
| 233|0x00000000ae900000, 0x00000000aea00000, 0x00000000aea00000|100%| E|CS|TAMS 0x00000000ae900000, 0x00000000ae900000| Complete 
| 234|0x00000000aea00000, 0x00000000aeb00000, 0x00000000aeb00000|100%| E|CS|TAMS 0x00000000aea00000, 0x00000000aea00000| Complete 
| 235|0x00000000aeb00000, 0x00000000aec00000, 0x00000000aec00000|100%| E|CS|TAMS 0x00000000aeb00000, 0x00000000aeb00000| Complete 
| 236|0x00000000aec00000, 0x00000000aed00000, 0x00000000aed00000|100%| E|CS|TAMS 0x00000000aec00000, 0x00000000aec00000| Complete 
| 237|0x00000000aed00000, 0x00000000aee00000, 0x00000000aee00000|100%| E|CS|TAMS 0x00000000aed00000, 0x00000000aed00000| Complete 
| 238|0x00000000aee00000, 0x00000000aef00000, 0x00000000aef00000|100%| E|CS|TAMS 0x00000000aee00000, 0x00000000aee00000| Complete 
| 239|0x00000000aef00000, 0x00000000af000000, 0x00000000af000000|100%| E|CS|TAMS 0x00000000aef00000, 0x00000000aef00000| Complete 
| 240|0x00000000af000000, 0x00000000af100000, 0x00000000af100000|100%| E|CS|TAMS 0x00000000af000000, 0x00000000af000000| Complete 
| 241|0x00000000af100000, 0x00000000af200000, 0x00000000af200000|100%| E|CS|TAMS 0x00000000af100000, 0x00000000af100000| Complete 
| 242|0x00000000af200000, 0x00000000af300000, 0x00000000af300000|100%| E|CS|TAMS 0x00000000af200000, 0x00000000af200000| Complete 
| 243|0x00000000af300000, 0x00000000af400000, 0x00000000af400000|100%| E|CS|TAMS 0x00000000af300000, 0x00000000af300000| Complete 
| 244|0x00000000af400000, 0x00000000af500000, 0x00000000af500000|100%| E|CS|TAMS 0x00000000af400000, 0x00000000af400000| Complete 
| 245|0x00000000af500000, 0x00000000af600000, 0x00000000af600000|100%| E|CS|TAMS 0x00000000af500000, 0x00000000af500000| Complete 
| 246|0x00000000af600000, 0x00000000af700000, 0x00000000af700000|100%| E|CS|TAMS 0x00000000af600000, 0x00000000af600000| Complete 
| 247|0x00000000af700000, 0x00000000af800000, 0x00000000af800000|100%| E|CS|TAMS 0x00000000af700000, 0x00000000af700000| Complete 
| 248|0x00000000af800000, 0x00000000af900000, 0x00000000af900000|100%| E|CS|TAMS 0x00000000af800000, 0x00000000af800000| Complete 
| 249|0x00000000af900000, 0x00000000afa00000, 0x00000000afa00000|100%| E|CS|TAMS 0x00000000af900000, 0x00000000af900000| Complete 
| 250|0x00000000afa00000, 0x00000000afb00000, 0x00000000afb00000|100%| E|CS|TAMS 0x00000000afa00000, 0x00000000afa00000| Complete 
| 251|0x00000000afb00000, 0x00000000afc00000, 0x00000000afc00000|100%| E|CS|TAMS 0x00000000afb00000, 0x00000000afb00000| Complete 
| 252|0x00000000afc00000, 0x00000000afd00000, 0x00000000afd00000|100%| E|CS|TAMS 0x00000000afc00000, 0x00000000afc00000| Complete 
| 253|0x00000000afd00000, 0x00000000afe00000, 0x00000000afe00000|100%| E|CS|TAMS 0x00000000afd00000, 0x00000000afd00000| Complete 

Card table byte_map: [0x00000210c1b00000,0x00000210c1e00000] _byte_map_base: 0x00000210c1600000

Marking Bits (Prev, Next): (CMBitMap*) 0x00000210ae9ee120, (CMBitMap*) 0x00000210ae9ee0e8
 Prev Bits: [0x00000210c3900000, 0x00000210c5100000)
 Next Bits: [0x00000210c2100000, 0x00000210c3900000)

Polling page: 0x00000210ae190000

Metaspace:

Usage:
  Non-class:     54.65 MB capacity,    53.65 MB ( 98%) used,   854.20 KB (  2%) free+waste,   168.19 KB ( <1%) overhead. 
      Class:      8.47 MB capacity,     7.86 MB ( 93%) used,   548.90 KB (  6%) free+waste,    79.19 KB ( <1%) overhead. 
       Both:     63.12 MB capacity,    61.51 MB ( 97%) used,     1.37 MB (  2%) free+waste,   247.38 KB ( <1%) overhead. 

Virtual space:
  Non-class space:       56.00 MB reserved,      54.65 MB ( 98%) committed 
      Class space:        1.00 GB reserved,       8.50 MB ( <1%) committed 
             Both:        1.05 GB reserved,      63.15 MB (  6%) committed 

Chunk freelists:
   Non-Class:  2.00 KB
       Class:  27.00 KB
        Both:  29.00 KB

MaxMetaspaceSize: 17179869184.00 GB
CompressedClassSpaceSize: 1.00 GB
Initial GC threshold: 20.80 MB
Current GC threshold: 99.00 MB
CDS: off

CodeHeap 'non-profiled nmethods': size=120000Kb used=4534Kb max_used=4534Kb free=115466Kb
 bounds [0x00000210b9f90000, 0x00000210ba400000, 0x00000210c14c0000]
CodeHeap 'profiled nmethods': size=120000Kb used=15231Kb max_used=15231Kb free=104768Kb
 bounds [0x00000210b2a60000, 0x00000210b3940000, 0x00000210b9f90000]
CodeHeap 'non-nmethods': size=5760Kb used=2337Kb max_used=2362Kb free=3422Kb
 bounds [0x00000210b24c0000, 0x00000210b2730000, 0x00000210b2a60000]
 total_blobs=7988 nmethods=7147 adapters=752
 compilation: enabled
              stopped_count=0, restarted_count=0
 full_count=0

Compilation events (20 events):
Event: 23.115 Thread 0x00000210c8418000 7194       3       com.google.common.collect.LinkedHashMultimap$ValueSet::iterator (9 bytes)
Event: 23.116 Thread 0x00000210c8418000 nmethod 7194 0x00000210b3931510 code [0x00000210b39316e0, 0x00000210b39319d8]
Event: 23.116 Thread 0x00000210c8418000 7195       3       com.google.common.collect.LinkedHashMultimap$ValueSet$1::<init> (32 bytes)
Event: 23.116 Thread 0x00000210c8418000 nmethod 7195 0x00000210b3931b10 code [0x00000210b3931ce0, 0x00000210b3931f38]
Event: 23.133 Thread 0x00000210c8418000 7196       3       org.objectweb.asm.Frame::getInitializedType (153 bytes)
Event: 23.134 Thread 0x00000210c8418000 nmethod 7196 0x00000210b3932010 code [0x00000210b3932220, 0x00000210b3932758]
Event: 23.135 Thread 0x00000210c8418000 7197       3       sun.reflect.annotation.AnnotationParser::skipMemberValue (11 bytes)
Event: 23.135 Thread 0x00000210c8418000 nmethod 7197 0x00000210b3932a10 code [0x00000210b3932be0, 0x00000210b3932db8]
Event: 23.143 Thread 0x00000210c8418000 7198       3       org.objectweb.asm.ClassReader::readMethod (1066 bytes)
Event: 23.154 Thread 0x00000210c8418000 nmethod 7198 0x00000210b3932e90 code [0x00000210b3933620, 0x00000210b39387f8]
Event: 23.154 Thread 0x00000210c8418000 7200       3       com.google.common.reflect.Types$ParameterizedTypeImpl::<init> (55 bytes)
Event: 23.155 Thread 0x00000210c8418000 nmethod 7200 0x00000210b393ad10 code [0x00000210b393afa0, 0x00000210b393bb28]
Event: 23.155 Thread 0x00000210c8418000 7199       3       com.google.common.reflect.TypeResolver::resolveParameterizedType (61 bytes)
Event: 23.156 Thread 0x00000210c8418000 nmethod 7199 0x00000210b393bf10 code [0x00000210b393c160, 0x00000210b393ca48]
Event: 23.160 Thread 0x00000210c8418000 7201       3       jdk.internal.loader.URLClassPath$1::next (59 bytes)
Event: 23.160 Thread 0x00000210c8418000 nmethod 7201 0x00000210b393cd10 code [0x00000210b393cf00, 0x00000210b393d2d8]
Event: 23.164 Thread 0x00000210c8418000 7202       3       jdk.internal.loader.AbstractClassLoaderValue::map (20 bytes)
Event: 23.164 Thread 0x00000210c8418000 nmethod 7202 0x00000210b393d410 code [0x00000210b393d5e0, 0x00000210b393d888]
Event: 23.172 Thread 0x00000210c8418000 7203       3       sun.nio.fs.WindowsPath::equals (30 bytes)
Event: 23.172 Thread 0x00000210c8418000 nmethod 7203 0x00000210b393d990 code [0x00000210b393db60, 0x00000210b393dfe8]

GC Heap History (14 events):
Event: 1.929 GC heap before
{Heap before GC invocations=0 (full 0):
 garbage-first heap   total 260096K, used 29696K [0x00000000a0000000, 0x0000000100000000)
  region size 1024K, 24 young (24576K), 0 survivors (0K)
 Metaspace       used 9838K, capacity 10064K, committed 10368K, reserved 1058816K
  class space    used 1024K, capacity 1101K, committed 1152K, reserved 1048576K
}
Event: 1.939 GC heap after
{Heap after GC invocations=1 (full 0):
 garbage-first heap   total 260096K, used 9273K [0x00000000a0000000, 0x0000000100000000)
  region size 1024K, 3 young (3072K), 3 survivors (3072K)
 Metaspace       used 9838K, capacity 10064K, committed 10368K, reserved 1058816K
  class space    used 1024K, capacity 1101K, committed 1152K, reserved 1048576K
}
Event: 7.148 GC heap before
{Heap before GC invocations=1 (full 0):
 garbage-first heap   total 260096K, used 109625K [0x00000000a0000000, 0x0000000100000000)
  region size 1024K, 101 young (103424K), 3 survivors (3072K)
 Metaspace       used 20720K, capacity 21175K, committed 21296K, reserved 1069056K
  class space    used 2516K, capacity 2660K, committed 2688K, reserved 1048576K
}
Event: 7.165 GC heap after
{Heap after GC invocations=2 (full 0):
 garbage-first heap   total 260096K, used 16911K [0x00000000a0000000, 0x0000000100000000)
  region size 1024K, 11 young (11264K), 11 survivors (11264K)
 Metaspace       used 20720K, capacity 21175K, committed 21296K, reserved 1069056K
  class space    used 2516K, capacity 2660K, committed 2688K, reserved 1048576K
}
Event: 8.419 GC heap before
{Heap before GC invocations=3 (full 0):
 garbage-first heap   total 260096K, used 60943K [0x00000000a0000000, 0x0000000100000000)
  region size 1024K, 54 young (55296K), 11 survivors (11264K)
 Metaspace       used 25081K, capacity 25620K, committed 25728K, reserved 1071104K
  class space    used 3226K, capacity 3420K, committed 3456K, reserved 1048576K
}
Event: 8.431 GC heap after
{Heap after GC invocations=4 (full 0):
 garbage-first heap   total 260096K, used 18996K [0x00000000a0000000, 0x0000000100000000)
  region size 1024K, 3 young (3072K), 3 survivors (3072K)
 Metaspace       used 25081K, capacity 25620K, committed 25728K, reserved 1071104K
  class space    used 3226K, capacity 3420K, committed 3456K, reserved 1048576K
}
Event: 10.667 GC heap before
{Heap before GC invocations=4 (full 0):
 garbage-first heap   total 260096K, used 90676K [0x00000000a0000000, 0x0000000100000000)
  region size 1024K, 74 young (75776K), 3 survivors (3072K)
 Metaspace       used 35147K, capacity 35918K, committed 36048K, reserved 1081344K
  class space    used 4538K, capacity 4839K, committed 4864K, reserved 1048576K
}
Event: 10.679 GC heap after
{Heap after GC invocations=5 (full 0):
 garbage-first heap   total 260096K, used 22559K [0x00000000a0000000, 0x0000000100000000)
  region size 1024K, 6 young (6144K), 6 survivors (6144K)
 Metaspace       used 35147K, capacity 35918K, committed 36048K, reserved 1081344K
  class space    used 4538K, capacity 4839K, committed 4864K, reserved 1048576K
}
Event: 13.861 GC heap before
{Heap before GC invocations=6 (full 0):
 garbage-first heap   total 260096K, used 142367K [0x00000000a0000000, 0x0000000100000000)
  region size 1024K, 120 young (122880K), 6 survivors (6144K)
 Metaspace       used 44701K, capacity 45699K, committed 45980K, reserved 1089536K
  class space    used 5692K, capacity 6041K, committed 6144K, reserved 1048576K
}
Event: 13.876 GC heap after
{Heap after GC invocations=7 (full 0):
 garbage-first heap   total 260096K, used 29581K [0x00000000a0000000, 0x0000000100000000)
  region size 1024K, 13 young (13312K), 13 survivors (13312K)
 Metaspace       used 44701K, capacity 45699K, committed 45980K, reserved 1089536K
  class space    used 5692K, capacity 6041K, committed 6144K, reserved 1048576K
}
Event: 18.329 GC heap before
{Heap before GC invocations=7 (full 0):
 garbage-first heap   total 260096K, used 165773K [0x00000000a0000000, 0x0000000100000000)
  region size 1024K, 146 young (149504K), 13 survivors (13312K)
 Metaspace       used 51873K, capacity 53187K, committed 53404K, reserved 1095680K
  class space    used 6682K, capacity 7147K, committed 7168K, reserved 1048576K
}
Event: 18.353 GC heap after
{Heap after GC invocations=8 (full 0):
 garbage-first heap   total 260096K, used 35373K [0x00000000a0000000, 0x0000000100000000)
  region size 1024K, 13 young (13312K), 13 survivors (13312K)
 Metaspace       used 51873K, capacity 53187K, committed 53404K, reserved 1095680K
  class space    used 6682K, capacity 7147K, committed 7168K, reserved 1048576K
}
Event: 21.868 GC heap before
{Heap before GC invocations=8 (full 0):
 garbage-first heap   total 260096K, used 158253K [0x00000000a0000000, 0x0000000100000000)
  region size 1024K, 126 young (129024K), 13 survivors (13312K)
 Metaspace       used 58906K, capacity 60479K, committed 60572K, reserved 1101824K
  class space    used 7524K, capacity 8127K, committed 8192K, reserved 1048576K
}
Event: 21.899 GC heap after
{Heap after GC invocations=9 (full 0):
 garbage-first heap   total 260096K, used 52895K [0x00000000a0000000, 0x0000000100000000)
  region size 1024K, 15 young (15360K), 15 survivors (15360K)
 Metaspace       used 58906K, capacity 60479K, committed 60572K, reserved 1101824K
  class space    used 7524K, capacity 8127K, committed 8192K, reserved 1048576K
}

Deoptimization events (20 events):
Event: 21.137 Thread 0x00000210c97b6000 DEOPT PACKING pc=0x00000210ba2081c0 sp=0x000000d448ff32c0
Event: 21.137 Thread 0x00000210c97b6000 DEOPT UNPACKING pc=0x00000210b250a1af sp=0x000000d448ff3268 mode 2
Event: 21.157 Thread 0x00000210c97b6000 Uncommon trap: trap_request=0xffffff45 fr.pc=0x00000210ba0d18f4 relative=0x0000000000000214
Event: 21.157 Thread 0x00000210c97b6000 Uncommon trap: reason=unstable_fused_if action=reinterpret pc=0x00000210ba0d18f4 method=org.objectweb.asm.ByteVector.putUTF8(Ljava/lang/String;)Lorg/objectweb/asm/ByteVector; @ 93 c2
Event: 21.157 Thread 0x00000210c97b6000 DEOPT PACKING pc=0x00000210ba0d18f4 sp=0x000000d448ff33a0
Event: 21.157 Thread 0x00000210c97b6000 DEOPT UNPACKING pc=0x00000210b250a1af sp=0x000000d448ff3320 mode 2
Event: 21.907 Thread 0x00000210c8586800 Uncommon trap: trap_request=0xffffffde fr.pc=0x00000210ba0e02ec relative=0x000000000000052c
Event: 21.908 Thread 0x00000210c8586800 Uncommon trap: reason=class_check action=maybe_recompile pc=0x00000210ba0e02ec method=jdk.internal.ref.PhantomCleanable.clean()V @ 12 c2
Event: 21.908 Thread 0x00000210c8586800 DEOPT PACKING pc=0x00000210ba0e02ec sp=0x000000d4482ff500
Event: 21.908 Thread 0x00000210c8586800 DEOPT UNPACKING pc=0x00000210b250a1af sp=0x000000d4482ff4e0 mode 2
Event: 21.944 Thread 0x00000210c97b6000 DEOPT PACKING pc=0x00000210b384bf63 sp=0x000000d448ff18b0
Event: 21.944 Thread 0x00000210c97b6000 DEOPT UNPACKING pc=0x00000210b250a95e sp=0x000000d448ff0d60 mode 0
Event: 21.944 Thread 0x00000210c97b6000 DEOPT PACKING pc=0x00000210b384bf63 sp=0x000000d448ff18b0
Event: 21.944 Thread 0x00000210c97b6000 DEOPT UNPACKING pc=0x00000210b250a95e sp=0x000000d448ff0d60 mode 0
Event: 21.945 Thread 0x00000210c97b6000 DEOPT PACKING pc=0x00000210b384bf63 sp=0x000000d448ff18b0
Event: 21.945 Thread 0x00000210c97b6000 DEOPT UNPACKING pc=0x00000210b250a95e sp=0x000000d448ff0d60 mode 0
Event: 22.238 Thread 0x00000210c97b6000 Uncommon trap: trap_request=0xffffff4d fr.pc=0x00000210ba1fd384 relative=0x0000000000000324
Event: 22.238 Thread 0x00000210c97b6000 Uncommon trap: reason=unstable_if action=reinterpret pc=0x00000210ba1fd384 method=org.gradle.internal.instantiation.generator.AbstractClassGenerator$InjectionAnnotationValidator.validateMethod(Ljava/lang/reflect/Method;Lorg/gradle/internal/reflect/Propert
Event: 22.238 Thread 0x00000210c97b6000 DEOPT PACKING pc=0x00000210ba1fd384 sp=0x000000d448ff3090
Event: 22.238 Thread 0x00000210c97b6000 DEOPT UNPACKING pc=0x00000210b250a1af sp=0x000000d448ff3058 mode 2

Classes redefined (0 events):
No events

Internal exceptions (20 events):
Event: 19.220 Thread 0x00000210c97b6000 Exception <a 'java/security/PrivilegedActionException'{0x00000000ae3a2558}> (0x00000000ae3a2558) thrown at [./src/hotspot/share/prims/jvm.cpp, line 1306]
Event: 19.220 Thread 0x00000210c97b6000 Exception <a 'java/security/PrivilegedActionException'{0x00000000ae3a6440}> (0x00000000ae3a6440) thrown at [./src/hotspot/share/prims/jvm.cpp, line 1306]
Event: 19.220 Thread 0x00000210c97b6000 Exception <a 'java/security/PrivilegedActionException'{0x00000000ae3a81a0}> (0x00000000ae3a81a0) thrown at [./src/hotspot/share/prims/jvm.cpp, line 1306]
Event: 19.221 Thread 0x00000210c97b6000 Exception <a 'java/security/PrivilegedActionException'{0x00000000ae3ac0e8}> (0x00000000ae3ac0e8) thrown at [./src/hotspot/share/prims/jvm.cpp, line 1306]
Event: 19.223 Thread 0x00000210c97b6000 Exception <a 'java/security/PrivilegedActionException'{0x00000000ae3ade48}> (0x00000000ae3ade48) thrown at [./src/hotspot/share/prims/jvm.cpp, line 1306]
Event: 19.740 Thread 0x00000210c97b6000 Exception <a 'java/lang/NoSuchMethodError'{0x00000000ac52f0b0}: 'void java.lang.invoke.DirectMethodHandle$Holder.invokeSpecialIFC(java.lang.Object, java.lang.Object, java.lang.Object)'> (0x00000000ac52f0b0) thrown at [./src/hotspot/share/interpreter/linkResolver.cpp, line 773]
Event: 19.874 Thread 0x00000210c97b6000 Implicit null exception at 0x00000210ba0040bd to 0x00000210ba004228
Event: 20.259 Thread 0x00000210c97b6000 Exception <a 'java/lang/NoSuchMethodError'{0x00000000abd43c28}: 'int java.lang.invoke.DirectMethodHandle$Holder.invokeStatic(java.lang.Object, int, java.lang.Object, java.lang.Object)'> (0x00000000abd43c28) thrown at [./src/hotspot/share/interpreter/linkResolver.cpp, line 773]
Event: 20.665 Thread 0x00000210cad58800 Exception <a 'sun/nio/fs/WindowsException'{0x00000000ab427588}> (0x00000000ab427588) thrown at [./src/hotspot/share/prims/jni.cpp, line 615]
Event: 20.706 Thread 0x00000210cad58800 Exception <a 'sun/nio/fs/WindowsException'{0x00000000ab4e8bd0}> (0x00000000ab4e8bd0) thrown at [./src/hotspot/share/prims/jni.cpp, line 615]
Event: 20.707 Thread 0x00000210cad58800 Exception <a 'sun/nio/fs/WindowsException'{0x00000000ab4e8d38}> (0x00000000ab4e8d38) thrown at [./src/hotspot/share/prims/jni.cpp, line 615]
Event: 20.717 Thread 0x00000210c97b6000 Exception <a 'java/lang/ClassNotFoundException'{0x00000000ab3281b0}: build_2f6ekf8t72yrhtgvu2pmjzrulBeanInfo> (0x00000000ab3281b0) thrown at [./src/hotspot/share/classfile/systemDictionary.cpp, line 231]
Event: 20.718 Thread 0x00000210c97b6000 Exception <a 'java/lang/ClassNotFoundException'{0x00000000ab339380}: build_2f6ekf8t72yrhtgvu2pmjzrulCustomizer> (0x00000000ab339380) thrown at [./src/hotspot/share/classfile/systemDictionary.cpp, line 231]
Event: 21.118 Thread 0x00000210c97b6000 Exception <a 'java/lang/NoSuchMethodError'{0x00000000aa507a20}: 'java.lang.Object java.lang.invoke.DirectMethodHandle$Holder.invokeStatic(java.lang.Object, java.lang.Object, java.lang.Object, java.lang.Object, int)'> (0x00000000aa507a20) thrown at [./src/hotspot/share/interpreter/linkResolver.cpp, line 773]
Event: 21.118 Thread 0x00000210c97b6000 Exception <a 'java/lang/NoSuchMethodError'{0x00000000aa50ceb8}: 'java.lang.Object java.lang.invoke.DirectMethodHandle$Holder.invokeSpecial(java.lang.Object, java.lang.Object, java.lang.Object, java.lang.Object, java.lang.Object, int)'> (0x00000000aa50ceb8) thrown at [./src/hotspot/share/interpreter/linkResolver.cpp, line 773]
Event: 21.119 Thread 0x00000210c97b6000 Exception <a 'java/lang/NoSuchMethodError'{0x00000000aa511f98}: 'java.lang.Object java.lang.invoke.Invokers$Holder.linkToTargetMethod(java.lang.Object, java.lang.Object, java.lang.Object, int, java.lang.Object)'> (0x00000000aa511f98) thrown at [./src/hotspot/share/interpreter/linkResolver.cpp, line 773]
Event: 21.545 Thread 0x00000210c97b6000 Exception <a 'java/lang/NoSuchMethodError'{0x00000000a9679ac0}: 'java.lang.Object java.lang.invoke.DirectMethodHandle$Holder.invokeSpecial(java.lang.Object, java.lang.Object, int, int, java.lang.Object, java.lang.Object, java.lang.Object)'> (0x00000000a9679ac0) thrown at [./src/hotspot/share/interpreter/linkResolver.cpp, line 773]
Event: 21.545 Thread 0x00000210c97b6000 Exception <a 'java/lang/NoSuchMethodError'{0x00000000a967eae0}: 'java.lang.Object java.lang.invoke.DelegatingMethodHandle$Holder.reinvoke_L(java.lang.Object, int, int, java.lang.Object, java.lang.Object, java.lang.Object)'> (0x00000000a967eae0) thrown at [./src/hotspot/share/interpreter/linkResolver.cpp, line 773]
Event: 22.206 Thread 0x00000210c97b6000 Exception <a 'java/lang/NoSuchMethodError'{0x00000000af88aab8}: 'int java.lang.invoke.DirectMethodHandle$Holder.invokeInterface(java.lang.Object, java.lang.Object, java.lang.Object, java.lang.Object)'> (0x00000000af88aab8) thrown at [./src/hotspot/share/interpreter/linkResolver.cpp, line 773]
Event: 22.967 Thread 0x00000210c97b6000 Exception <a 'java/lang/NoSuchMethodError'{0x00000000ae7e0cb8}: 'void java.lang.invoke.DirectMethodHandle$Holder.invokeInterface(java.lang.Object, java.lang.Object, java.lang.Object, java.lang.Object)'> (0x00000000ae7e0cb8) thrown at [./src/hotspot/share/interpreter/linkResolver.cpp, line 773]

Events (20 events):
Event: 23.147 loading class org/gradle/api/internal/provider/OrElseFixedValueProvider
Event: 23.147 loading class org/gradle/api/internal/provider/OrElseFixedValueProvider done
Event: 23.156 loading class javax/xml/xpath/XPathFactory
Event: 23.156 loading class javax/xml/xpath/XPathFactory done
Event: 23.157 loading class javax/xml/xpath/XPathFactoryFinder
Event: 23.157 loading class javax/xml/xpath/XPathFactoryFinder done
Event: 23.159 loading class javax/xml/xpath/XPathFactoryFinder$2
Event: 23.159 loading class javax/xml/xpath/XPathFactoryFinder$2 done
Event: 23.160 loading class com/sun/org/apache/xpath/internal/jaxp/XPathFactoryImpl
Event: 23.161 loading class com/sun/org/apache/xpath/internal/jaxp/XPathFactoryImpl done
Event: 23.161 loading class jdk/xml/internal/JdkXmlFeatures
Event: 23.161 loading class jdk/xml/internal/JdkXmlFeatures done
Event: 23.161 loading class jdk/xml/internal/JdkXmlFeatures$XmlFeature
Event: 23.161 loading class jdk/xml/internal/JdkXmlFeatures$XmlFeature done
Event: 23.162 loading class jdk/xml/internal/JdkXmlFeatures$State
Event: 23.162 loading class jdk/xml/internal/JdkXmlFeatures$State done
Event: 23.170 loading class org/apache/xerces/jaxp/DocumentBuilderFactoryImpl
Event: 23.170 loading class org/apache/xerces/jaxp/DocumentBuilderFactoryImpl done
Event: 23.173 loading class org/apache/xerces/jaxp/DocumentBuilderImpl
Event: 23.173 loading class org/apache/xerces/jaxp/DocumentBuilderImpl done


Dynamic libraries:
0x00007ff7f0570000 - 0x00007ff7f057a000 	C:\Program Files\Android\Android Studio3\jre\bin\java.exe
0x00007ffc56640000 - 0x00007ffc56849000 	C:\WINDOWS\SYSTEM32\ntdll.dll
0x00007ffc556d0000 - 0x00007ffc5578d000 	C:\WINDOWS\System32\KERNEL32.DLL
0x00007ffc53db0000 - 0x00007ffc54129000 	C:\WINDOWS\System32\KERNELBASE.dll
0x00007ffc53ba0000 - 0x00007ffc53cb1000 	C:\WINDOWS\System32\ucrtbase.dll
0x00007ffc38a80000 - 0x00007ffc38a99000 	C:\Program Files\Android\Android Studio3\jre\bin\jli.dll
0x00007ffc55120000 - 0x00007ffc552cc000 	C:\WINDOWS\System32\USER32.dll
0x00007ffc53d80000 - 0x00007ffc53da6000 	C:\WINDOWS\System32\win32u.dll
0x00007ffc37b60000 - 0x00007ffc37b77000 	C:\Program Files\Android\Android Studio3\jre\bin\VCRUNTIME140.dll
0x00007ffc55930000 - 0x00007ffc55959000 	C:\WINDOWS\System32\GDI32.dll
0x00007ffc3bab0000 - 0x00007ffc3bd55000 	C:\WINDOWS\WinSxS\amd64_microsoft.windows.common-controls_6595b64144ccf1df_6.0.22000.120_none_9d947278b86cc467\COMCTL32.dll
0x00007ffc543b0000 - 0x00007ffc544c2000 	C:\WINDOWS\System32\gdi32full.dll
0x00007ffc552d0000 - 0x00007ffc55373000 	C:\WINDOWS\System32\msvcrt.dll
0x00007ffc54130000 - 0x00007ffc541cd000 	C:\WINDOWS\System32\msvcp_win.dll
0x00007ffc550e0000 - 0x00007ffc55111000 	C:\WINDOWS\System32\IMM32.DLL
0x00007ffbe0840000 - 0x00007ffbe08dd000 	C:\Program Files\Android\Android Studio3\jre\bin\msvcp140.dll
0x00007ffbd7c60000 - 0x00007ffbd8745000 	C:\Program Files\Android\Android Studio3\jre\bin\server\jvm.dll
0x00007ffc55880000 - 0x00007ffc5592e000 	C:\WINDOWS\System32\ADVAPI32.dll
0x00007ffc54530000 - 0x00007ffc545ce000 	C:\WINDOWS\System32\sechost.dll
0x00007ffc55d10000 - 0x00007ffc55e30000 	C:\WINDOWS\System32\RPCRT4.dll
0x00007ffc550d0000 - 0x00007ffc550d8000 	C:\WINDOWS\System32\PSAPI.DLL
0x00007ffc3fb80000 - 0x00007ffc3fb89000 	C:\WINDOWS\SYSTEM32\WSOCK32.dll
0x00007ffc55660000 - 0x00007ffc556cf000 	C:\WINDOWS\System32\WS2_32.dll
0x00007ffc4cf20000 - 0x00007ffc4cf53000 	C:\WINDOWS\SYSTEM32\WINMM.dll
0x00007ffc4c460000 - 0x00007ffc4c46a000 	C:\WINDOWS\SYSTEM32\VERSION.dll
0x00007ffc52ca0000 - 0x00007ffc52cb8000 	C:\WINDOWS\SYSTEM32\kernel.appcore.dll
0x00007ffc212f0000 - 0x00007ffc21301000 	C:\Program Files\Android\Android Studio3\jre\bin\verify.dll
0x00007ffc51800000 - 0x00007ffc51a21000 	C:\WINDOWS\SYSTEM32\DBGHELP.DLL
0x00007ffc2e900000 - 0x00007ffc2e931000 	C:\WINDOWS\SYSTEM32\dbgcore.DLL
0x00007ffc53b20000 - 0x00007ffc53b9f000 	C:\WINDOWS\System32\bcryptPrimitives.dll
0x00007ffc212c0000 - 0x00007ffc212e9000 	C:\Program Files\Android\Android Studio3\jre\bin\java.dll
0x00007ffc3fb70000 - 0x00007ffc3fb7b000 	C:\Program Files\Android\Android Studio3\jre\bin\jimage.dll
0x00007ffc1ffa0000 - 0x00007ffc1ffb8000 	C:\Program Files\Android\Android Studio3\jre\bin\zip.dll
0x00007ffc54910000 - 0x00007ffc550c8000 	C:\WINDOWS\System32\SHELL32.dll
0x00007ffc51c90000 - 0x00007ffc524f7000 	C:\WINDOWS\SYSTEM32\windows.storage.dll
0x00007ffc55990000 - 0x00007ffc55d09000 	C:\WINDOWS\System32\combase.dll
0x00007ffc51b20000 - 0x00007ffc51c86000 	C:\WINDOWS\SYSTEM32\wintypes.dll
0x00007ffc55790000 - 0x00007ffc5587a000 	C:\WINDOWS\System32\SHCORE.dll
0x00007ffc544d0000 - 0x00007ffc5452d000 	C:\WINDOWS\System32\shlwapi.dll
0x00007ffc53a50000 - 0x00007ffc53a71000 	C:\WINDOWS\SYSTEM32\profapi.dll
0x00007ffc1ff50000 - 0x00007ffc1ff6a000 	C:\Program Files\Android\Android Studio3\jre\bin\net.dll
0x00007ffc4c5b0000 - 0x00007ffc4c6bc000 	C:\WINDOWS\SYSTEM32\WINHTTP.dll
0x00007ffc53140000 - 0x00007ffc531a7000 	C:\WINDOWS\system32\mswsock.dll
0x00007ffc10820000 - 0x00007ffc10834000 	C:\Program Files\Android\Android Studio3\jre\bin\nio.dll
0x00007ffc2c4f0000 - 0x00007ffc2c517000 	C:\Users\ahmed\.gradle\native\e1d6ef7f7dcc3fd88c89a11ec53ec762bb8ba0a96d01ffa2cd45eb1d1d8dd5c5\windows-amd64\native-platform.dll
0x00007ffbdd3f0000 - 0x00007ffbdd534000 	C:\Users\ahmed\.gradle\native\0d407fdbe67a94daf76414ababcb853783967236a71b16ec16e742cd7a986fd3\windows-amd64\native-platform-file-events.dll
0x00007ffc212a0000 - 0x00007ffc212aa000 	C:\Program Files\Android\Android Studio3\jre\bin\management.dll
0x00007ffc106a0000 - 0x00007ffc106ad000 	C:\Program Files\Android\Android Studio3\jre\bin\management_ext.dll
0x00007ffc53380000 - 0x00007ffc53398000 	C:\WINDOWS\SYSTEM32\CRYPTSP.dll
0x00007ffc52c00000 - 0x00007ffc52c35000 	C:\WINDOWS\system32\rsaenh.dll
0x00007ffc53230000 - 0x00007ffc53259000 	C:\WINDOWS\SYSTEM32\USERENV.dll
0x00007ffc53500000 - 0x00007ffc53527000 	C:\WINDOWS\SYSTEM32\bcrypt.dll
0x00007ffc533a0000 - 0x00007ffc533ac000 	C:\WINDOWS\SYSTEM32\CRYPTBASE.dll
0x00007ffc52790000 - 0x00007ffc527bd000 	C:\WINDOWS\SYSTEM32\IPHLPAPI.DLL
0x00007ffc553f0000 - 0x00007ffc553f9000 	C:\WINDOWS\System32\NSI.dll
0x00007ffc4c400000 - 0x00007ffc4c419000 	C:\WINDOWS\SYSTEM32\dhcpcsvc6.DLL
0x00007ffc4d1a0000 - 0x00007ffc4d1be000 	C:\WINDOWS\SYSTEM32\dhcpcsvc.DLL
0x00007ffc527c0000 - 0x00007ffc528a8000 	C:\WINDOWS\SYSTEM32\DNSAPI.dll

dbghelp: loaded successfully - version: 4.0.5 - missing functions: none
symbol engine: initialized successfully - sym options: 0x614 - pdb path: .;C:\Program Files\Android\Android Studio3\jre\bin;C:\WINDOWS\SYSTEM32;C:\WINDOWS\WinSxS\amd64_microsoft.windows.common-controls_6595b64144ccf1df_6.0.22000.120_none_9d947278b86cc467;C:\Program Files\Android\Android Studio3\jre\bin\server;C:\Users\ahmed\.gradle\native\e1d6ef7f7dcc3fd88c89a11ec53ec762bb8ba0a96d01ffa2cd45eb1d1d8dd5c5\windows-amd64;C:\Users\ahmed\.gradle\native\0d407fdbe67a94daf76414ababcb853783967236a71b16ec16e742cd7a986fd3\windows-amd64

VM Arguments:
jvm_args: --add-opens=java.base/java.util=ALL-UNNAMED --add-opens=java.base/java.lang=ALL-UNNAMED --add-opens=java.base/java.lang.invoke=ALL-UNNAMED --add-opens=java.base/java.util=ALL-UNNAMED --add-opens=java.prefs/java.util.prefs=ALL-UNNAMED --add-opens=java.prefs/java.util.prefs=ALL-UNNAMED --add-opens=java.base/java.nio.charset=ALL-UNNAMED --add-opens=java.base/java.net=ALL-UNNAMED --add-opens=java.base/java.util.concurrent.atomic=ALL-UNNAMED -Xmx1536M -Dfile.encoding=windows-1256 -Duser.country=US -Duser.language=en -Duser.variant 
java_command: org.gradle.launcher.daemon.bootstrap.GradleDaemon 7.4
java_class_path (initial): C:\Users\ahmed\.gradle\wrapper\dists\gradle-7.4-all\aadb4xli5jkdsnukm30eibyiu\gradle-7.4\lib\gradle-launcher-7.4.jar
Launcher Type: SUN_STANDARD

[Global flags]
     intx CICompilerCount                          = 4                                         {product} {ergonomic}
     uint ConcGCThreads                            = 2                                         {product} {ergonomic}
     uint G1ConcRefinementThreads                  = 8                                         {product} {ergonomic}
   size_t G1HeapRegionSize                         = 1048576                                   {product} {ergonomic}
    uintx GCDrainStackTargetSize                   = 64                                        {product} {ergonomic}
   size_t InitialHeapSize                          = 266338304                                 {product} {ergonomic}
   size_t MarkStackSize                            = 4194304                                   {product} {ergonomic}
   size_t MaxHeapSize                              = 1610612736                                {product} {command line}
   size_t MaxNewSize                               = 965738496                                 {product} {ergonomic}
   size_t MinHeapDeltaBytes                        = 1048576                                   {product} {ergonomic}
    uintx NonNMethodCodeHeapSize                   = 5836300                                {pd product} {ergonomic}
    uintx NonProfiledCodeHeapSize                  = 122910970                              {pd product} {ergonomic}
    uintx ProfiledCodeHeapSize                     = 122910970                              {pd product} {ergonomic}
    uintx ReservedCodeCacheSize                    = 251658240                              {pd product} {ergonomic}
     bool SegmentedCodeCache                       = true                                      {product} {ergonomic}
     bool UseCompressedClassPointers               = true                                 {lp64_product} {ergonomic}
     bool UseCompressedOops                        = true                                 {lp64_product} {ergonomic}
     bool UseG1GC                                  = true                                      {product} {ergonomic}
     bool UseLargePagesIndividualAllocation        = false                                  {pd product} {ergonomic}

Logging:
Log output configuration:
 #0: stdout all=warning uptime,level,tags
 #1: stderr all=off uptime,level,tags

Environment Variables:
JAVA_HOME=C:\Program Files\Android\Android Studio3\jre
CLASSPATH=C:\Users\ahmed\StudioProjects\azkar_app\android\\gradle\wrapper\gradle-wrapper.jar
PATH=C:\WINDOWS\system32;C:\WINDOWS;C:\WINDOWS\System32\Wbem;C:\WINDOWS\System32\WindowsPowerShell\v1.0\;C:\WINDOWS\System32\OpenSSH\;C:\Program Files\Git\cmd;C:\Users\ahmed\AppData\Local\Microsoft\WindowsApps;E:\development\dart-sdk\bin;E:\development\flutter\bin;C:\Users\ahmed\AppData\Local\Programs\Microsoft VS Code\bin;E:\development\flutter\bin\mingit\cmd
USERNAME=ahmed
OS=Windows_NT
PROCESSOR_IDENTIFIER=Intel64 Family 6 Model 142 Stepping 12, GenuineIntel



---------------  S Y S T E M  ---------------

OS: Windows 10 , 64 bit Build 22000 (10.0.22000.708)
OS uptime: 0 days 13:06 hours

CPU:total 8 (initial active 8) (4 cores per cpu, 2 threads per core) family 6 model 142 stepping 12 microcode 0xec, cmov, cx8, fxsr, mmx, sse, sse2, sse3, ssse3, sse4.1, sse4.2, popcnt, avx, avx2, aes, clmul, erms, 3dnowpref, lzcnt, ht, tsc, tscinvbit, bmi1, bmi2, adx, fma

Memory: 4k page, system-wide physical 16254M (1619M free)
TotalPageFile size 20350M (AvailPageFile size 5M)
current process WorkingSet (physical memory assigned to process): 403M, peak: 407M
current process commit charge ("private bytes"): 505M, peak: 513M

vm_info: OpenJDK 64-Bit Server VM (11.0.12+7-b1504.28-7817840) for windows-amd64 JRE (11.0.12+7-b1504.28-7817840), built on Oct 13 2021 22:12:33 by "builder" with MS VC++ 14.0 (VS2015)

END.
