#
# There is insufficient memory for the Java Runtime Environment to continue.
# Native memory allocation (malloc) failed to allocate 32744 bytes for ChunkPool::allocate
# Possible reasons:
#   The system is out of physical RAM or swap space
#   The process is running with CompressedOops enabled, and the Java Heap may be blocking the growth of the native heap
# Possible solutions:
#   Reduce memory load on the system
#   Increase physical memory or swap space
#   Check if swap backing store is full
#   Decrease Java heap size (-Xmx/-Xms)
#   Decrease number of Java threads
#   Decrease Java thread stack sizes (-Xss)
#   Set larger code cache with -XX:ReservedCodeCacheSize=
#   JVM is running with Unscaled Compressed Oops mode in which the Java heap is
#     placed in the first 4GB address space. The Java Heap base address is the
#     maximum limit for the native heap growth. Please use -XX:HeapBaseMinAddress
#     to set the Java Heap base and to place the Java Heap above 4GB virtual address.
# This output file may be truncated or incomplete.
#
#  Out of Memory Error (./src/hotspot/share/memory/arena.cpp:81), pid=22536, tid=19008
#
# JRE version: OpenJDK Runtime Environment (11.0.12+7) (build 11.0.12+7-b1504.28-7817840)
# Java VM: OpenJDK 64-Bit Server VM (11.0.12+7-b1504.28-7817840, mixed mode, tiered, compressed oops, g1 gc, windows-amd64)
# No core dump will be written. Minidumps are not enabled by default on client versions of Windows
#

---------------  S U M M A R Y ------------

Command Line: --add-opens=java.base/java.util=ALL-UNNAMED --add-opens=java.base/java.lang=ALL-UNNAMED --add-opens=java.base/java.lang.invoke=ALL-UNNAMED --add-opens=java.base/java.util=ALL-UNNAMED --add-opens=java.prefs/java.util.prefs=ALL-UNNAMED --add-opens=java.prefs/java.util.prefs=ALL-UNNAMED --add-opens=java.base/java.nio.charset=ALL-UNNAMED --add-opens=java.base/java.net=ALL-UNNAMED --add-opens=java.base/java.util.concurrent.atomic=ALL-UNNAMED -Xmx1536M -Dfile.encoding=windows-1256 -Duser.country=US -Duser.language=en -Duser.variant org.gradle.launcher.daemon.bootstrap.GradleDaemon 7.4

Host: Intel(R) Core(TM) i7-8565U CPU @ 1.80GHz, 8 cores, 15G,  Windows 10 , 64 bit Build 22000 (10.0.22000.708)
Time: Mon Jul 25 07:08:03 2022 West Bank Gaza Standard Time elapsed time: 26.207769 seconds (0d 0h 0m 26s)

---------------  T H R E A D  ---------------

Current thread (0x000001f5a9cad800):  JavaThread "C1 CompilerThread0" daemon [_thread_in_native, id=19008, stack(0x0000002b46300000,0x0000002b46400000)]


Current CompileTask:
C1:  26207 10647       3       org.gradle.internal.io.LineBufferingOutputStream::write (59 bytes)

Stack: [0x0000002b46300000,0x0000002b46400000]
Native frames: (J=compiled Java code, j=interpreted, Vv=VM code, C=native code)
V  [jvm.dll+0x5fbcea]
V  [jvm.dll+0x731905]
V  [jvm.dll+0x732f1d]
V  [jvm.dll+0x7335d3]
V  [jvm.dll+0x247bf8]
V  [jvm.dll+0xc041b]
V  [jvm.dll+0xc06cc]
V  [jvm.dll+0x5e90d9]
V  [jvm.dll+0x2488e7]
V  [jvm.dll+0x13e46e]
V  [jvm.dll+0x144247]
V  [jvm.dll+0x126a6b]
V  [jvm.dll+0x145262]
V  [jvm.dll+0x1288ae]
V  [jvm.dll+0x1285b5]
V  [jvm.dll+0x1286d3]
V  [jvm.dll+0x1279e7]
V  [jvm.dll+0x1295b7]
V  [jvm.dll+0x20e0d7]
V  [jvm.dll+0x20c901]
V  [jvm.dll+0x6f9b7f]
V  [jvm.dll+0x6f26a5]
V  [jvm.dll+0x5fabf6]
C  [ucrtbase.dll+0x26c0c]
C  [KERNEL32.DLL+0x154e0]
C  [ntdll.dll+0x485b]


---------------  P R O C E S S  ---------------

Threads class SMR info:
_java_thread_list=0x000001f5b65c0d50, length=135, elements={
0x000001f590224800, 0x000001f5a9c0e800, 0x000001f5a9c10000, 0x000001f5a9ca3000,
0x000001f5a9ca5800, 0x000001f5a9ca7000, 0x000001f5a9cac000, 0x000001f5a9cad800,
0x000001f5a9cb6800, 0x000001f5a9e13800, 0x000001f5ab894000, 0x000001f5abe69800,
0x000001f5ac2af800, 0x000001f5ac511000, 0x000001f5ac48c800, 0x000001f5ab4f1800,
0x000001f5a9f18800, 0x000001f5ac142800, 0x000001f5ac04a800, 0x000001f5ac941800,
0x000001f5ac941000, 0x000001f5ac942800, 0x000001f5ac93e800, 0x000001f5ac943800,
0x000001f5ac944000, 0x000001f5ac945000, 0x000001f5ac93f000, 0x000001f5ac940000,
0x000001f5ad6a6000, 0x000001f5ad6a8800, 0x000001f5ad6a7800, 0x000001f5ad6a2800,
0x000001f5ad6a5000, 0x000001f5ad6a3800, 0x000001f5ad6a4800, 0x000001f5af030000,
0x000001f5af032000, 0x000001f5af034800, 0x000001f5af035000, 0x000001f5af032800,
0x000001f5af036000, 0x000001f5af033800, 0x000001f5af036800, 0x000001f5af031000,
0x000001f5af03c800, 0x000001f5af03a000, 0x000001f5af03b000, 0x000001f5af037800,
0x000001f5af03e000, 0x000001f5af038800, 0x000001f5af03d000, 0x000001f5af03b800,
0x000001f5af03f000, 0x000001f5af039000, 0x000001f5aac34800, 0x000001f5aac32000,
0x000001f5aac2e800, 0x000001f5aac2f800, 0x000001f5aac31000, 0x000001f5aac33800,
0x000001f5aac35000, 0x000001f5aac33000, 0x000001f5aac36000, 0x000001f5aac30800,
0x000001f5aac37000, 0x000001f5aac3b000, 0x000001f5aac3c800, 0x000001f5aac37800,
0x000001f5aac3a000, 0x000001f5aac3b800, 0x000001f5aac3d800, 0x000001f5aac38800,
0x000001f5aac39800, 0x000001f5aaf7f800, 0x000001f5aaf82000, 0x000001f5aaf80800,
0x000001f5aaf7d000, 0x000001f5aaf83000, 0x000001f5aaf83800, 0x000001f5aaf7e000,
0x000001f5aaf7f000, 0x000001f5aaf81800, 0x000001f5aaf88800, 0x000001f5aaf84800,
0x000001f5aaf85800, 0x000001f5aaf8c000, 0x000001f5aaf88000, 0x000001f5aaf89800,
0x000001f5aaf87000, 0x000001f5aaf8a800, 0x000001f5aaf8b000, 0x000001f5aaf86000,
0x000001f5b0686000, 0x000001f5b0688800, 0x000001f5b0687800, 0x000001f5b068c000,
0x000001f5b0689800, 0x000001f5b068c800, 0x000001f5b068b000, 0x000001f5b068a000,
0x000001f5b0687000, 0x000001f5b068d800, 0x000001f5b068e800, 0x000001f5b0695000,
0x000001f5b0693000, 0x000001f5b0690800, 0x000001f5b0690000, 0x000001f5b0691800,
0x000001f5b0694000, 0x000001f5b068f000, 0x000001f5b0692800, 0x000001f5ad8b0000,
0x000001f5ad8ad000, 0x000001f5ad8b1000, 0x000001f5ad8ab000, 0x000001f5ad8ad800,
0x000001f5ad8ae800, 0x000001f5ad8af000, 0x000001f5ad8b1800, 0x000001f5ad8ac000,
0x000001f5ad8b4000, 0x000001f5ad8b3800, 0x000001f5ad8b8000, 0x000001f5ad8b9000,
0x000001f5ad8ba000, 0x000001f5ad8b5000, 0x000001f5ad8b5800, 0x000001f5abf3e000,
0x000001f5abf3d000, 0x000001f5abf3a000, 0x000001f5abf3c800, 0x000001f5abf3f800,
0x000001f5abf3e800, 0x000001f5abf40800, 0x000001f5abf3a800
}

Java Threads: ( => current thread )
  0x000001f590224800 JavaThread "main" [_thread_blocked, id=23864, stack(0x0000002b45600000,0x0000002b45700000)]
  0x000001f5a9c0e800 JavaThread "Reference Handler" daemon [_thread_blocked, id=23976, stack(0x0000002b45d00000,0x0000002b45e00000)]
  0x000001f5a9c10000 JavaThread "Finalizer" daemon [_thread_blocked, id=14732, stack(0x0000002b45e00000,0x0000002b45f00000)]
  0x000001f5a9ca3000 JavaThread "Signal Dispatcher" daemon [_thread_blocked, id=24376, stack(0x0000002b45f00000,0x0000002b46000000)]
  0x000001f5a9ca5800 JavaThread "Attach Listener" daemon [_thread_blocked, id=9164, stack(0x0000002b46000000,0x0000002b46100000)]
  0x000001f5a9ca7000 JavaThread "Service Thread" daemon [_thread_blocked, id=21480, stack(0x0000002b46100000,0x0000002b46200000)]
  0x000001f5a9cac000 JavaThread "C2 CompilerThread0" daemon [_thread_in_vm, id=4196, stack(0x0000002b46200000,0x0000002b46300000)]
=>0x000001f5a9cad800 JavaThread "C1 CompilerThread0" daemon [_thread_in_native, id=19008, stack(0x0000002b46300000,0x0000002b46400000)]
  0x000001f5a9cb6800 JavaThread "Sweeper thread" daemon [_thread_blocked, id=3284, stack(0x0000002b46400000,0x0000002b46500000)]
  0x000001f5a9e13800 JavaThread "Common-Cleaner" daemon [_thread_blocked, id=11880, stack(0x0000002b46500000,0x0000002b46600000)]
  0x000001f5ab894000 JavaThread "Daemon health stats" [_thread_blocked, id=19880, stack(0x0000002b46e00000,0x0000002b46f00000)]
  0x000001f5abe69800 JavaThread "Incoming local TCP Connector on port 55467" [_thread_in_native, id=11112, stack(0x0000002b46700000,0x0000002b46800000)]
  0x000001f5ac2af800 JavaThread "Daemon periodic checks" [_thread_blocked, id=17592, stack(0x0000002b46d00000,0x0000002b46e00000)]
  0x000001f5ac511000 JavaThread "Daemon" [_thread_blocked, id=6860, stack(0x0000002b46f00000,0x0000002b47000000)]
  0x000001f5ac48c800 JavaThread "Handler for socket connection from /127.0.0.1:55467 to /127.0.0.1:55468" [_thread_in_native, id=9532, stack(0x0000002b47000000,0x0000002b47100000)]
  0x000001f5ab4f1800 JavaThread "Cancel handler" [_thread_blocked, id=23364, stack(0x0000002b47100000,0x0000002b47200000)]
  0x000001f5a9f18800 JavaThread "Daemon worker" [_thread_blocked, id=24372, stack(0x0000002b47200000,0x0000002b47300000)]
  0x000001f5ac142800 JavaThread "Asynchronous log dispatcher for DefaultDaemonConnection: socket connection from /127.0.0.1:55467 to /127.0.0.1:55468" [_thread_blocked, id=11336, stack(0x0000002b47300000,0x0000002b47400000)]
  0x000001f5ac04a800 JavaThread "Stdin handler" [_thread_blocked, id=24208, stack(0x0000002b47400000,0x0000002b47500000)]
  0x000001f5ac941800 JavaThread "Daemon client event forwarder" [_thread_blocked, id=9464, stack(0x0000002b47500000,0x0000002b47600000)]
  0x000001f5ac941000 JavaThread "Cache worker for journal cache (C:\Users\ahmed\.gradle\caches\journal-1)" [_thread_blocked, id=24096, stack(0x0000002b47600000,0x0000002b47700000)]
  0x000001f5ac942800 JavaThread "File lock request listener" [_thread_in_native, id=15740, stack(0x0000002b47700000,0x0000002b47800000)]
  0x000001f5ac93e800 JavaThread "Cache worker for file hash cache (C:\Users\ahmed\.gradle\caches\7.4\fileHashes)" [_thread_blocked, id=19388, stack(0x0000002b47800000,0x0000002b47900000)]
  0x000001f5ac943800 JavaThread "File watcher server" daemon [_thread_in_native, id=8024, stack(0x0000002b47d00000,0x0000002b47e00000)]
  0x000001f5ac944000 JavaThread "File watcher consumer" daemon [_thread_blocked, id=19240, stack(0x0000002b47e00000,0x0000002b47f00000)]
  0x000001f5ac945000 JavaThread "Cache worker for checksums cache (C:\Users\ahmed\StudioProjects\azkar_app\android\.gradle\7.4\checksums)" [_thread_blocked, id=22292, stack(0x0000002b47f00000,0x0000002b48000000)]
  0x000001f5ac93f000 JavaThread "Cache worker for cache directory md-rule (C:\Users\ahmed\.gradle\caches\7.4\md-rule)" [_thread_blocked, id=21300, stack(0x0000002b48000000,0x0000002b48100000)]
  0x000001f5ac940000 JavaThread "Cache worker for file hash cache (C:\Users\ahmed\StudioProjects\azkar_app\android\.gradle\7.4\fileHashes)" [_thread_blocked, id=20924, stack(0x0000002b48200000,0x0000002b48300000)]
  0x000001f5ad6a6000 JavaThread "Cache worker for cache directory md-supplier (C:\Users\ahmed\.gradle\caches\7.4\md-supplier)" [_thread_blocked, id=22564, stack(0x0000002b48300000,0x0000002b48400000)]
  0x000001f5ad6a8800 JavaThread "Cache worker for execution history cache (C:\Users\ahmed\.gradle\caches\7.4\executionHistory)" [_thread_blocked, id=17412, stack(0x0000002b48400000,0x0000002b48500000)]
  0x000001f5ad6a7800 JavaThread "jar transforms" [_thread_blocked, id=14516, stack(0x0000002b48500000,0x0000002b48600000)]
  0x000001f5ad6a2800 JavaThread "jar transforms Thread 2" [_thread_blocked, id=11740, stack(0x0000002b48600000,0x0000002b48700000)]
  0x000001f5ad6a5000 JavaThread "Cache worker for file content cache (C:\Users\ahmed\.gradle\caches\7.4\fileContent)" [_thread_blocked, id=14656, stack(0x0000002b48700000,0x0000002b48800000)]
  0x000001f5ad6a3800 JavaThread "jar transforms Thread 3" [_thread_blocked, id=23824, stack(0x0000002b48800000,0x0000002b48900000)]
  0x000001f5ad6a4800 JavaThread "jar transforms Thread 4" [_thread_blocked, id=3960, stack(0x0000002b48900000,0x0000002b48a00000)]
  0x000001f5af030000 JavaThread "Cache worker for dependencies-accessors (C:\Users\ahmed\StudioProjects\azkar_app\android\.gradle\7.4\dependencies-accessors)" [_thread_blocked, id=13660, stack(0x0000002b48a00000,0x0000002b48b00000)]
  0x000001f5af032000 JavaThread "jar transforms Thread 5" [_thread_blocked, id=14480, stack(0x0000002b48b00000,0x0000002b48c00000)]
  0x000001f5af034800 JavaThread "Cache worker for Build Output Cleanup Cache (C:\Users\ahmed\StudioProjects\azkar_app\android\.gradle\buildOutputCleanup)" [_thread_blocked, id=16444, stack(0x0000002b48c00000,0x0000002b48d00000)]
  0x000001f5af035000 JavaThread "Unconstrained build operations" [_thread_blocked, id=9776, stack(0x0000002b48d00000,0x0000002b48e00000)]
  0x000001f5af032800 JavaThread "Unconstrained build operations Thread 2" [_thread_blocked, id=5496, stack(0x0000002b48e00000,0x0000002b48f00000)]
  0x000001f5af036000 JavaThread "Unconstrained build operations Thread 3" [_thread_blocked, id=17164, stack(0x0000002b48f00000,0x0000002b49000000)]
  0x000001f5af033800 JavaThread "Unconstrained build operations Thread 4" [_thread_blocked, id=11660, stack(0x0000002b49000000,0x0000002b49100000)]
  0x000001f5af036800 JavaThread "Unconstrained build operations Thread 5" [_thread_blocked, id=24180, stack(0x0000002b49100000,0x0000002b49200000)]
  0x000001f5af031000 JavaThread "Unconstrained build operations Thread 6" [_thread_blocked, id=16352, stack(0x0000002b49200000,0x0000002b49300000)]
  0x000001f5af03c800 JavaThread "Unconstrained build operations Thread 7" [_thread_blocked, id=21972, stack(0x0000002b49300000,0x0000002b49400000)]
  0x000001f5af03a000 JavaThread "Unconstrained build operations Thread 8" [_thread_blocked, id=900, stack(0x0000002b49400000,0x0000002b49500000)]
  0x000001f5af03b000 JavaThread "Unconstrained build operations Thread 9" [_thread_blocked, id=23928, stack(0x0000002b49500000,0x0000002b49600000)]
  0x000001f5af037800 JavaThread "Unconstrained build operations Thread 10" [_thread_blocked, id=19632, stack(0x0000002b49600000,0x0000002b49700000)]
  0x000001f5af03e000 JavaThread "Unconstrained build operations Thread 11" [_thread_blocked, id=24188, stack(0x0000002b49700000,0x0000002b49800000)]
  0x000001f5af038800 JavaThread "Unconstrained build operations Thread 12" [_thread_blocked, id=17564, stack(0x0000002b49800000,0x0000002b49900000)]
  0x000001f5af03d000 JavaThread "Unconstrained build operations Thread 13" [_thread_blocked, id=16088, stack(0x0000002b49900000,0x0000002b49a00000)]
  0x000001f5af03b800 JavaThread "Unconstrained build operations Thread 14" [_thread_blocked, id=8992, stack(0x0000002b49a00000,0x0000002b49b00000)]
  0x000001f5af03f000 JavaThread "Unconstrained build operations Thread 15" [_thread_blocked, id=23340, stack(0x0000002b49b00000,0x0000002b49c00000)]
  0x000001f5af039000 JavaThread "Unconstrained build operations Thread 16" [_thread_blocked, id=564, stack(0x0000002b49c00000,0x0000002b49d00000)]
  0x000001f5aac34800 JavaThread "Unconstrained build operations Thread 17" [_thread_blocked, id=20344, stack(0x0000002b49d00000,0x0000002b49e00000)]
  0x000001f5aac32000 JavaThread "Unconstrained build operations Thread 18" [_thread_blocked, id=9864, stack(0x0000002b49e00000,0x0000002b49f00000)]
  0x000001f5aac2e800 JavaThread "Unconstrained build operations Thread 19" [_thread_blocked, id=7012, stack(0x0000002b49f00000,0x0000002b4a000000)]
  0x000001f5aac2f800 JavaThread "Unconstrained build operations Thread 20" [_thread_blocked, id=8504, stack(0x0000002b4a000000,0x0000002b4a100000)]
  0x000001f5aac31000 JavaThread "Unconstrained build operations Thread 21" [_thread_blocked, id=15264, stack(0x0000002b4a100000,0x0000002b4a200000)]
  0x000001f5aac33800 JavaThread "Unconstrained build operations Thread 22" [_thread_blocked, id=8004, stack(0x0000002b4a200000,0x0000002b4a300000)]
  0x000001f5aac35000 JavaThread "Unconstrained build operations Thread 23" [_thread_blocked, id=22500, stack(0x0000002b4a300000,0x0000002b4a400000)]
  0x000001f5aac33000 JavaThread "Unconstrained build operations Thread 24" [_thread_blocked, id=23748, stack(0x0000002b4a400000,0x0000002b4a500000)]
  0x000001f5aac36000 JavaThread "Unconstrained build operations Thread 25" [_thread_blocked, id=2068, stack(0x0000002b4a500000,0x0000002b4a600000)]
  0x000001f5aac30800 JavaThread "Unconstrained build operations Thread 26" [_thread_blocked, id=22136, stack(0x0000002b4a600000,0x0000002b4a700000)]
  0x000001f5aac37000 JavaThread "Unconstrained build operations Thread 27" [_thread_blocked, id=17652, stack(0x0000002b4a700000,0x0000002b4a800000)]
  0x000001f5aac3b000 JavaThread "Unconstrained build operations Thread 28" [_thread_blocked, id=6876, stack(0x0000002b4a800000,0x0000002b4a900000)]
  0x000001f5aac3c800 JavaThread "Unconstrained build operations Thread 29" [_thread_blocked, id=5924, stack(0x0000002b4a900000,0x0000002b4aa00000)]
  0x000001f5aac37800 JavaThread "Unconstrained build operations Thread 30" [_thread_blocked, id=12504, stack(0x0000002b4aa00000,0x0000002b4ab00000)]
  0x000001f5aac3a000 JavaThread "Unconstrained build operations Thread 31" [_thread_blocked, id=19948, stack(0x0000002b4ab00000,0x0000002b4ac00000)]
  0x000001f5aac3b800 JavaThread "Unconstrained build operations Thread 32" [_thread_blocked, id=23284, stack(0x0000002b4ac00000,0x0000002b4ad00000)]
  0x000001f5aac3d800 JavaThread "Unconstrained build operations Thread 33" [_thread_blocked, id=6720, stack(0x0000002b4ad00000,0x0000002b4ae00000)]
  0x000001f5aac38800 JavaThread "Unconstrained build operations Thread 34" [_thread_blocked, id=20772, stack(0x0000002b4ae00000,0x0000002b4af00000)]
  0x000001f5aac39800 JavaThread "Unconstrained build operations Thread 35" [_thread_blocked, id=3276, stack(0x0000002b4af00000,0x0000002b4b000000)]
  0x000001f5aaf7f800 JavaThread "Unconstrained build operations Thread 36" [_thread_blocked, id=23556, stack(0x0000002b4b000000,0x0000002b4b100000)]
  0x000001f5aaf82000 JavaThread "Unconstrained build operations Thread 37" [_thread_blocked, id=22128, stack(0x0000002b4b100000,0x0000002b4b200000)]
  0x000001f5aaf80800 JavaThread "Unconstrained build operations Thread 38" [_thread_blocked, id=18720, stack(0x0000002b4b200000,0x0000002b4b300000)]
  0x000001f5aaf7d000 JavaThread "Unconstrained build operations Thread 39" [_thread_blocked, id=12212, stack(0x0000002b4b300000,0x0000002b4b400000)]
  0x000001f5aaf83000 JavaThread "Unconstrained build operations Thread 40" [_thread_blocked, id=2984, stack(0x0000002b4b400000,0x0000002b4b500000)]
  0x000001f5aaf83800 JavaThread "Unconstrained build operations Thread 41" [_thread_blocked, id=5440, stack(0x0000002b4b500000,0x0000002b4b600000)]
  0x000001f5aaf7e000 JavaThread "Unconstrained build operations Thread 42" [_thread_blocked, id=7372, stack(0x0000002b4b600000,0x0000002b4b700000)]
  0x000001f5aaf7f000 JavaThread "Unconstrained build operations Thread 43" [_thread_blocked, id=13316, stack(0x0000002b4b700000,0x0000002b4b800000)]
  0x000001f5aaf81800 JavaThread "Unconstrained build operations Thread 44" [_thread_blocked, id=9960, stack(0x0000002b4b800000,0x0000002b4b900000)]
  0x000001f5aaf88800 JavaThread "Unconstrained build operations Thread 45" [_thread_blocked, id=7432, stack(0x0000002b4b900000,0x0000002b4ba00000)]
  0x000001f5aaf84800 JavaThread "Unconstrained build operations Thread 46" [_thread_blocked, id=23088, stack(0x0000002b4ba00000,0x0000002b4bb00000)]
  0x000001f5aaf85800 JavaThread "Unconstrained build operations Thread 47" [_thread_blocked, id=12224, stack(0x0000002b4bb00000,0x0000002b4bc00000)]
  0x000001f5aaf8c000 JavaThread "Unconstrained build operations Thread 48" [_thread_blocked, id=19052, stack(0x0000002b4bc00000,0x0000002b4bd00000)]
  0x000001f5aaf88000 JavaThread "Unconstrained build operations Thread 49" [_thread_blocked, id=23856, stack(0x0000002b4bd00000,0x0000002b4be00000)]
  0x000001f5aaf89800 JavaThread "Unconstrained build operations Thread 50" [_thread_blocked, id=12276, stack(0x0000002b4be00000,0x0000002b4bf00000)]
  0x000001f5aaf87000 JavaThread "Unconstrained build operations Thread 51" [_thread_blocked, id=24244, stack(0x0000002b4bf00000,0x0000002b4c000000)]
  0x000001f5aaf8a800 JavaThread "Unconstrained build operations Thread 52" [_thread_blocked, id=19432, stack(0x0000002b4c000000,0x0000002b4c100000)]
  0x000001f5aaf8b000 JavaThread "Unconstrained build operations Thread 53" [_thread_blocked, id=9744, stack(0x0000002b4c100000,0x0000002b4c200000)]
  0x000001f5aaf86000 JavaThread "Unconstrained build operations Thread 54" [_thread_blocked, id=10220, stack(0x0000002b4c200000,0x0000002b4c300000)]
  0x000001f5b0686000 JavaThread "Unconstrained build operations Thread 55" [_thread_blocked, id=21404, stack(0x0000002b4c300000,0x0000002b4c400000)]
  0x000001f5b0688800 JavaThread "Unconstrained build operations Thread 56" [_thread_blocked, id=10820, stack(0x0000002b4c400000,0x0000002b4c500000)]
  0x000001f5b0687800 JavaThread "Unconstrained build operations Thread 57" [_thread_blocked, id=8492, stack(0x0000002b4c500000,0x0000002b4c600000)]
  0x000001f5b068c000 JavaThread "Unconstrained build operations Thread 58" [_thread_blocked, id=21924, stack(0x0000002b4c600000,0x0000002b4c700000)]
  0x000001f5b0689800 JavaThread "Unconstrained build operations Thread 59" [_thread_blocked, id=12460, stack(0x0000002b4c700000,0x0000002b4c800000)]
  0x000001f5b068c800 JavaThread "Unconstrained build operations Thread 60" [_thread_blocked, id=17188, stack(0x0000002b4c800000,0x0000002b4c900000)]
  0x000001f5b068b000 JavaThread "Unconstrained build operations Thread 61" [_thread_blocked, id=17884, stack(0x0000002b4c900000,0x0000002b4ca00000)]
  0x000001f5b068a000 JavaThread "Unconstrained build operations Thread 62" [_thread_blocked, id=12748, stack(0x0000002b4ca00000,0x0000002b4cb00000)]
  0x000001f5b0687000 JavaThread "Unconstrained build operations Thread 63" [_thread_blocked, id=1048, stack(0x0000002b4cb00000,0x0000002b4cc00000)]
  0x000001f5b068d800 JavaThread "Unconstrained build operations Thread 64" [_thread_blocked, id=16136, stack(0x0000002b4cc00000,0x0000002b4cd00000)]
  0x000001f5b068e800 JavaThread "Unconstrained build operations Thread 65" [_thread_blocked, id=19780, stack(0x0000002b4cd00000,0x0000002b4ce00000)]
  0x000001f5b0695000 JavaThread "Unconstrained build operations Thread 66" [_thread_blocked, id=17528, stack(0x0000002b4ce00000,0x0000002b4cf00000)]
  0x000001f5b0693000 JavaThread "Unconstrained build operations Thread 67" [_thread_blocked, id=2424, stack(0x0000002b4cf00000,0x0000002b4d000000)]
  0x000001f5b0690800 JavaThread "Unconstrained build operations Thread 68" [_thread_blocked, id=13340, stack(0x0000002b4d000000,0x0000002b4d100000)]
  0x000001f5b0690000 JavaThread "Unconstrained build operations Thread 69" [_thread_blocked, id=5520, stack(0x0000002b4d100000,0x0000002b4d200000)]
  0x000001f5b0691800 JavaThread "Unconstrained build operations Thread 70" [_thread_blocked, id=19472, stack(0x0000002b4d200000,0x0000002b4d300000)]
  0x000001f5b0694000 JavaThread "Unconstrained build operations Thread 71" [_thread_blocked, id=11360, stack(0x0000002b4d300000,0x0000002b4d400000)]
  0x000001f5b068f000 JavaThread "Unconstrained build operations Thread 72" [_thread_blocked, id=19692, stack(0x0000002b4d400000,0x0000002b4d500000)]
  0x000001f5b0692800 JavaThread "Unconstrained build operations Thread 73" [_thread_blocked, id=21816, stack(0x0000002b4d500000,0x0000002b4d600000)]
  0x000001f5ad8b0000 JavaThread "Unconstrained build operations Thread 74" [_thread_blocked, id=12408, stack(0x0000002b4d600000,0x0000002b4d700000)]
  0x000001f5ad8ad000 JavaThread "Unconstrained build operations Thread 75" [_thread_blocked, id=17744, stack(0x0000002b4d700000,0x0000002b4d800000)]
  0x000001f5ad8b1000 JavaThread "Unconstrained build operations Thread 76" [_thread_blocked, id=10144, stack(0x0000002b4d800000,0x0000002b4d900000)]
  0x000001f5ad8ab000 JavaThread "Unconstrained build operations Thread 77" [_thread_blocked, id=15984, stack(0x0000002b4d900000,0x0000002b4da00000)]
  0x000001f5ad8ad800 JavaThread "Unconstrained build operations Thread 78" [_thread_blocked, id=9684, stack(0x0000002b4da00000,0x0000002b4db00000)]
  0x000001f5ad8ae800 JavaThread "Unconstrained build operations Thread 79" [_thread_blocked, id=20224, stack(0x0000002b4db00000,0x0000002b4dc00000)]
  0x000001f5ad8af000 JavaThread "Unconstrained build operations Thread 80" [_thread_blocked, id=12304, stack(0x0000002b4dc00000,0x0000002b4dd00000)]
  0x000001f5ad8b1800 JavaThread "jar transforms Thread 6" [_thread_blocked, id=12060, stack(0x0000002b4dd00000,0x0000002b4de00000)]
  0x000001f5ad8ac000 JavaThread "jar transforms Thread 7" [_thread_blocked, id=11648, stack(0x0000002b4de00000,0x0000002b4df00000)]
  0x000001f5ad8b4000 JavaThread "jar transforms Thread 8" [_thread_blocked, id=14472, stack(0x0000002b4df00000,0x0000002b4e000000)]
  0x000001f5ad8b3800 JavaThread "Memory manager" [_thread_blocked, id=14112, stack(0x0000002b4e000000,0x0000002b4e100000)]
  0x000001f5ad8b8000 JavaThread "build event listener" [_thread_blocked, id=12080, stack(0x0000002b4e100000,0x0000002b4e200000)]
  0x000001f5ad8b9000 JavaThread "included builds" [_thread_blocked, id=12248, stack(0x0000002b4e400000,0x0000002b4e500000)]
  0x000001f5ad8ba000 JavaThread "Execution worker for ':'" [_thread_blocked, id=17456, stack(0x0000002b4e500000,0x0000002b4e600000)]
  0x000001f5ad8b5000 JavaThread "Execution worker for ':' Thread 2" [_thread_blocked, id=4972, stack(0x0000002b4e600000,0x0000002b4e700000)]
  0x000001f5ad8b5800 JavaThread "Execution worker for ':' Thread 3" [_thread_blocked, id=15608, stack(0x0000002b4e700000,0x0000002b4e800000)]
  0x000001f5abf3e000 JavaThread "Execution worker for ':' Thread 4" [_thread_blocked, id=11280, stack(0x0000002b4e800000,0x0000002b4e900000)]
  0x000001f5abf3d000 JavaThread "Execution worker for ':' Thread 5" [_thread_blocked, id=11016, stack(0x0000002b4e900000,0x0000002b4ea00000)]
  0x000001f5abf3a000 JavaThread "Execution worker for ':' Thread 6" [_thread_blocked, id=18060, stack(0x0000002b4ea00000,0x0000002b4eb00000)]
  0x000001f5abf3c800 JavaThread "Execution worker for ':' Thread 7" [_thread_blocked, id=5804, stack(0x0000002b4eb00000,0x0000002b4ec00000)]
  0x000001f5abf3f800 JavaThread "Cache worker for execution history cache (C:\Users\ahmed\StudioProjects\azkar_app\android\.gradle\7.4\executionHistory)" [_thread_blocked, id=16820, stack(0x0000002b4ec00000,0x0000002b4ed00000)]
  0x000001f5abf3e800 JavaThread "Exec process" [_thread_in_native, id=17796, stack(0x0000002b4ed00000,0x0000002b4ee00000)]
  0x000001f5abf40800 JavaThread "Exec process Thread 2" [_thread_in_native, id=24032, stack(0x0000002b4ee00000,0x0000002b4ef00000)]
  0x000001f5abf3a800 JavaThread "Exec process Thread 3" [_thread_in_native, id=24072, stack(0x0000002b4ef00000,0x0000002b4f000000)]

Other Threads:
  0x000001f5a93fb800 VMThread "VM Thread" [stack: 0x0000002b45c00000,0x0000002b45d00000] [id=11768]
  0x000001f5a9e1a800 WatcherThread [stack: 0x0000002b46600000,0x0000002b46700000] [id=21236]
  0x000001f590239800 GCTaskThread "GC Thread#0" [stack: 0x0000002b45700000,0x0000002b45800000] [id=9168]
  0x000001f5aac13000 GCTaskThread "GC Thread#1" [stack: 0x0000002b46800000,0x0000002b46900000] [id=10492]
  0x000001f5aac14000 GCTaskThread "GC Thread#2" [stack: 0x0000002b46900000,0x0000002b46a00000] [id=14228]
  0x000001f5aa7c4800 GCTaskThread "GC Thread#3" [stack: 0x0000002b46a00000,0x0000002b46b00000] [id=16308]
  0x000001f5aa7c5800 GCTaskThread "GC Thread#4" [stack: 0x0000002b46b00000,0x0000002b46c00000] [id=20732]
  0x000001f5aa7a1000 GCTaskThread "GC Thread#5" [stack: 0x0000002b46c00000,0x0000002b46d00000] [id=17236]
  0x000001f5aca68000 GCTaskThread "GC Thread#6" [stack: 0x0000002b47900000,0x0000002b47a00000] [id=24160]
  0x000001f5ab318800 GCTaskThread "GC Thread#7" [stack: 0x0000002b47a00000,0x0000002b47b00000] [id=23260]
  0x000001f59025f800 ConcurrentGCThread "G1 Main Marker" [stack: 0x0000002b45800000,0x0000002b45900000] [id=13004]
  0x000001f590261000 ConcurrentGCThread "G1 Conc#0" [stack: 0x0000002b45900000,0x0000002b45a00000] [id=19984]
  0x000001f5aca53800 ConcurrentGCThread "G1 Conc#1" [stack: 0x0000002b47b00000,0x0000002b47c00000] [id=17496]
  0x000001f5a9270800 ConcurrentGCThread "G1 Refine#0" [stack: 0x0000002b45a00000,0x0000002b45b00000] [id=12420]
  0x000001f5aaea0800 ConcurrentGCThread "G1 Refine#1" [stack: 0x0000002b4e200000,0x0000002b4e300000] [id=2568]
  0x000001f5aae9c000 ConcurrentGCThread "G1 Refine#2" [stack: 0x0000002b4e300000,0x0000002b4e400000] [id=16960]
  0x000001f5a9271000 ConcurrentGCThread "G1 Young RemSet Sampling" [stack: 0x0000002b45b00000,0x0000002b45c00000] [id=19924]

Threads with active compile tasks:
C2 CompilerThread0  26258 10646       4       org.gradle.internal.logging.text.AbstractLineChoppingStyledTextOutput$1::execute (9 bytes)
C1 CompilerThread0  26258 10647       3       org.gradle.internal.io.LineBufferingOutputStream::write (59 bytes)

VM state:not at safepoint (normal execution)

VM Mutex/Monitor currently owned by a thread: None

Heap address: 0x00000000a0000000, size: 1536 MB, Compressed Oops mode: 32-bit
Narrow klass base: 0x0000000000000000, Narrow klass shift: 3
Compressed class space size: 1073741824 Address: 0x0000000100000000

Heap:
 garbage-first heap   total 260096K, used 190254K [0x00000000a0000000, 0x0000000100000000)
  region size 1024K, 104 young (106496K), 13 survivors (13312K)
 Metaspace       used 89582K, capacity 92486K, committed 92752K, reserved 1128448K
  class space    used 11883K, capacity 12913K, committed 12928K, reserved 1048576K
Heap Regions: E=young(eden), S=young(survivor), O=old, HS=humongous(starts), HC=humongous(continues), CS=collection set, F=free, A=archive, TAMS=top-at-mark-start (previous, next)
|   0|0x00000000a0000000, 0x00000000a0100000, 0x00000000a0100000|100%| O|  |TAMS 0x00000000a0100000, 0x00000000a0000000| Untracked 
|   1|0x00000000a0100000, 0x00000000a0200000, 0x00000000a0200000|100%| O|  |TAMS 0x00000000a0200000, 0x00000000a0100000| Untracked 
|   2|0x00000000a0200000, 0x00000000a0300000, 0x00000000a0300000|100%| O|  |TAMS 0x00000000a0300000, 0x00000000a0200000| Untracked 
|   3|0x00000000a0300000, 0x00000000a0400000, 0x00000000a0400000|100%|HS|  |TAMS 0x00000000a0400000, 0x00000000a0300000| Complete 
|   4|0x00000000a0400000, 0x00000000a0500000, 0x00000000a0500000|100%|HC|  |TAMS 0x00000000a0500000, 0x00000000a0400000| Complete 
|   5|0x00000000a0500000, 0x00000000a0600000, 0x00000000a0600000|100%|HC|  |TAMS 0x00000000a0600000, 0x00000000a0500000| Complete 
|   6|0x00000000a0600000, 0x00000000a0700000, 0x00000000a0700000|100%| O|  |TAMS 0x00000000a0700000, 0x00000000a0600000| Untracked 
|   7|0x00000000a0700000, 0x00000000a0800000, 0x00000000a0800000|100%| O|  |TAMS 0x00000000a0800000, 0x00000000a0700000| Untracked 
|   8|0x00000000a0800000, 0x00000000a0900000, 0x00000000a0900000|100%| O|  |TAMS 0x00000000a0900000, 0x00000000a0800000| Untracked 
|   9|0x00000000a0900000, 0x00000000a0a00000, 0x00000000a0a00000|100%| O|  |TAMS 0x00000000a0a00000, 0x00000000a0900000| Untracked 
|  10|0x00000000a0a00000, 0x00000000a0b00000, 0x00000000a0b00000|100%| O|  |TAMS 0x00000000a0b00000, 0x00000000a0a00000| Untracked 
|  11|0x00000000a0b00000, 0x00000000a0c00000, 0x00000000a0c00000|100%| O|  |TAMS 0x00000000a0c00000, 0x00000000a0b00000| Untracked 
|  12|0x00000000a0c00000, 0x00000000a0d00000, 0x00000000a0d00000|100%| O|  |TAMS 0x00000000a0d00000, 0x00000000a0c00000| Untracked 
|  13|0x00000000a0d00000, 0x00000000a0e00000, 0x00000000a0e00000|100%| O|  |TAMS 0x00000000a0e00000, 0x00000000a0d00000| Untracked 
|  14|0x00000000a0e00000, 0x00000000a0f00000, 0x00000000a0f00000|100%| O|  |TAMS 0x00000000a0f00000, 0x00000000a0e00000| Untracked 
|  15|0x00000000a0f00000, 0x00000000a1000000, 0x00000000a1000000|100%| O|  |TAMS 0x00000000a1000000, 0x00000000a0f00000| Untracked 
|  16|0x00000000a1000000, 0x00000000a1100000, 0x00000000a1100000|100%| O|  |TAMS 0x00000000a1100000, 0x00000000a1000000| Untracked 
|  17|0x00000000a1100000, 0x00000000a1200000, 0x00000000a1200000|100%|HS|  |TAMS 0x00000000a1200000, 0x00000000a1100000| Complete 
|  18|0x00000000a1200000, 0x00000000a1300000, 0x00000000a1300000|100%|HS|  |TAMS 0x00000000a1300000, 0x00000000a1200000| Complete 
|  19|0x00000000a1300000, 0x00000000a1400000, 0x00000000a1400000|100%|HS|  |TAMS 0x00000000a1400000, 0x00000000a1300000| Complete 
|  20|0x00000000a1400000, 0x00000000a1500000, 0x00000000a1500000|100%|HS|  |TAMS 0x00000000a1500000, 0x00000000a1400000| Complete 
|  21|0x00000000a1500000, 0x00000000a1600000, 0x00000000a1600000|100%|HS|  |TAMS 0x00000000a1600000, 0x00000000a1500000| Complete 
|  22|0x00000000a1600000, 0x00000000a1700000, 0x00000000a1700000|100%|HC|  |TAMS 0x00000000a1700000, 0x00000000a1600000| Complete 
|  23|0x00000000a1700000, 0x00000000a1800000, 0x00000000a1800000|100%|HC|  |TAMS 0x00000000a1800000, 0x00000000a1700000| Complete 
|  24|0x00000000a1800000, 0x00000000a1900000, 0x00000000a1900000|100%|HS|  |TAMS 0x00000000a1900000, 0x00000000a1800000| Complete 
|  25|0x00000000a1900000, 0x00000000a1a00000, 0x00000000a1a00000|100%|HC|  |TAMS 0x00000000a1a00000, 0x00000000a1900000| Complete 
|  26|0x00000000a1a00000, 0x00000000a1b00000, 0x00000000a1b00000|100%| O|  |TAMS 0x00000000a1b00000, 0x00000000a1a00000| Untracked 
|  27|0x00000000a1b00000, 0x00000000a1c00000, 0x00000000a1c00000|100%| O|  |TAMS 0x00000000a1c00000, 0x00000000a1b00000| Untracked 
|  28|0x00000000a1c00000, 0x00000000a1d00000, 0x00000000a1d00000|100%| O|  |TAMS 0x00000000a1d00000, 0x00000000a1c00000| Untracked 
|  29|0x00000000a1d00000, 0x00000000a1e00000, 0x00000000a1e00000|100%| O|  |TAMS 0x00000000a1e00000, 0x00000000a1d00000| Untracked 
|  30|0x00000000a1e00000, 0x00000000a1f00000, 0x00000000a1f00000|100%| O|  |TAMS 0x00000000a1f00000, 0x00000000a1e00000| Untracked 
|  31|0x00000000a1f00000, 0x00000000a2000000, 0x00000000a2000000|100%| O|  |TAMS 0x00000000a2000000, 0x00000000a1f00000| Untracked 
|  32|0x00000000a2000000, 0x00000000a2100000, 0x00000000a2100000|100%| O|  |TAMS 0x00000000a2100000, 0x00000000a2000000| Untracked 
|  33|0x00000000a2100000, 0x00000000a2200000, 0x00000000a2200000|100%| O|  |TAMS 0x00000000a2200000, 0x00000000a2100000| Untracked 
|  34|0x00000000a2200000, 0x00000000a2300000, 0x00000000a2300000|100%| O|  |TAMS 0x00000000a2300000, 0x00000000a2200000| Untracked 
|  35|0x00000000a2300000, 0x00000000a2400000, 0x00000000a2400000|100%| O|  |TAMS 0x00000000a2400000, 0x00000000a2300000| Untracked 
|  36|0x00000000a2400000, 0x00000000a2500000, 0x00000000a2500000|100%| O|  |TAMS 0x00000000a2500000, 0x00000000a2400000| Untracked 
|  37|0x00000000a2500000, 0x00000000a2600000, 0x00000000a2600000|100%| O|  |TAMS 0x00000000a2600000, 0x00000000a2500000| Untracked 
|  38|0x00000000a2600000, 0x00000000a2700000, 0x00000000a2700000|100%| O|  |TAMS 0x00000000a2700000, 0x00000000a2600000| Untracked 
|  39|0x00000000a2700000, 0x00000000a2800000, 0x00000000a2800000|100%| O|  |TAMS 0x00000000a2800000, 0x00000000a2700000| Untracked 
|  40|0x00000000a2800000, 0x00000000a2900000, 0x00000000a2900000|100%| O|  |TAMS 0x00000000a2900000, 0x00000000a2800000| Untracked 
|  41|0x00000000a2900000, 0x00000000a2a00000, 0x00000000a2a00000|100%| O|  |TAMS 0x00000000a2a00000, 0x00000000a2900000| Untracked 
|  42|0x00000000a2a00000, 0x00000000a2b00000, 0x00000000a2b00000|100%| O|  |TAMS 0x00000000a2b00000, 0x00000000a2a00000| Untracked 
|  43|0x00000000a2b00000, 0x00000000a2c00000, 0x00000000a2c00000|100%| O|  |TAMS 0x00000000a2c00000, 0x00000000a2b00000| Untracked 
|  44|0x00000000a2c00000, 0x00000000a2d00000, 0x00000000a2d00000|100%| O|  |TAMS 0x00000000a2d00000, 0x00000000a2c00000| Untracked 
|  45|0x00000000a2d00000, 0x00000000a2e00000, 0x00000000a2e00000|100%| O|  |TAMS 0x00000000a2e00000, 0x00000000a2d00000| Untracked 
|  46|0x00000000a2e00000, 0x00000000a2f00000, 0x00000000a2f00000|100%| O|  |TAMS 0x00000000a2f00000, 0x00000000a2e00000| Untracked 
|  47|0x00000000a2f00000, 0x00000000a3000000, 0x00000000a3000000|100%| O|  |TAMS 0x00000000a2f5e600, 0x00000000a2f00000| Untracked 
|  48|0x00000000a3000000, 0x00000000a3100000, 0x00000000a3100000|100%|HS|  |TAMS 0x00000000a3000000, 0x00000000a3000000| Complete 
|  49|0x00000000a3100000, 0x00000000a3200000, 0x00000000a3200000|100%|HS|  |TAMS 0x00000000a3100000, 0x00000000a3100000| Complete 
|  50|0x00000000a3200000, 0x00000000a3300000, 0x00000000a3300000|100%|HC|  |TAMS 0x00000000a3200000, 0x00000000a3200000| Complete 
|  51|0x00000000a3300000, 0x00000000a3400000, 0x00000000a3400000|100%| O|  |TAMS 0x00000000a3300000, 0x00000000a3300000| Untracked 
|  52|0x00000000a3400000, 0x00000000a3500000, 0x00000000a3500000|100%| O|  |TAMS 0x00000000a3400000, 0x00000000a3400000| Untracked 
|  53|0x00000000a3500000, 0x00000000a3600000, 0x00000000a3600000|100%|HS|  |TAMS 0x00000000a3500000, 0x00000000a3500000| Complete 
|  54|0x00000000a3600000, 0x00000000a3700000, 0x00000000a3700000|100%|HC|  |TAMS 0x00000000a3600000, 0x00000000a3600000| Complete 
|  55|0x00000000a3700000, 0x00000000a3800000, 0x00000000a3800000|100%|HC|  |TAMS 0x00000000a3700000, 0x00000000a3700000| Complete 
|  56|0x00000000a3800000, 0x00000000a3900000, 0x00000000a3900000|100%| O|  |TAMS 0x00000000a3800000, 0x00000000a3800000| Untracked 
|  57|0x00000000a3900000, 0x00000000a3a00000, 0x00000000a3a00000|100%| O|  |TAMS 0x00000000a3900000, 0x00000000a3900000| Untracked 
|  58|0x00000000a3a00000, 0x00000000a3b00000, 0x00000000a3b00000|100%| O|  |TAMS 0x00000000a3a00000, 0x00000000a3a00000| Untracked 
|  59|0x00000000a3b00000, 0x00000000a3c00000, 0x00000000a3c00000|100%| O|  |TAMS 0x00000000a3b00000, 0x00000000a3b00000| Untracked 
|  60|0x00000000a3c00000, 0x00000000a3d00000, 0x00000000a3d00000|100%| O|  |TAMS 0x00000000a3c00000, 0x00000000a3c00000| Untracked 
|  61|0x00000000a3d00000, 0x00000000a3e00000, 0x00000000a3e00000|100%| O|  |TAMS 0x00000000a3d00000, 0x00000000a3d00000| Untracked 
|  62|0x00000000a3e00000, 0x00000000a3f00000, 0x00000000a3f00000|100%| O|  |TAMS 0x00000000a3e00000, 0x00000000a3e00000| Untracked 
|  63|0x00000000a3f00000, 0x00000000a4000000, 0x00000000a4000000|100%| O|  |TAMS 0x00000000a3f00000, 0x00000000a3f00000| Untracked 
|  64|0x00000000a4000000, 0x00000000a4100000, 0x00000000a4100000|100%| O|  |TAMS 0x00000000a4000000, 0x00000000a4000000| Untracked 
|  65|0x00000000a4100000, 0x00000000a4200000, 0x00000000a4200000|100%| O|  |TAMS 0x00000000a4100000, 0x00000000a4100000| Untracked 
|  66|0x00000000a4200000, 0x00000000a4300000, 0x00000000a4300000|100%| O|  |TAMS 0x00000000a4200000, 0x00000000a4200000| Untracked 
|  67|0x00000000a4300000, 0x00000000a4400000, 0x00000000a4400000|100%| O|  |TAMS 0x00000000a4300000, 0x00000000a4300000| Untracked 
|  68|0x00000000a4400000, 0x00000000a4500000, 0x00000000a4500000|100%| O|  |TAMS 0x00000000a4400000, 0x00000000a4400000| Untracked 
|  69|0x00000000a4500000, 0x00000000a4600000, 0x00000000a4600000|100%| O|  |TAMS 0x00000000a4500000, 0x00000000a4500000| Untracked 
|  70|0x00000000a4600000, 0x00000000a4700000, 0x00000000a4700000|100%| O|  |TAMS 0x00000000a4600000, 0x00000000a4600000| Untracked 
|  71|0x00000000a4700000, 0x00000000a4800000, 0x00000000a4800000|100%| O|  |TAMS 0x00000000a4700000, 0x00000000a4700000| Untracked 
|  72|0x00000000a4800000, 0x00000000a4900000, 0x00000000a4900000|100%| O|  |TAMS 0x00000000a4800000, 0x00000000a4800000| Untracked 
|  73|0x00000000a4900000, 0x00000000a4a00000, 0x00000000a4a00000|100%| O|  |TAMS 0x00000000a4900000, 0x00000000a4900000| Untracked 
|  74|0x00000000a4a00000, 0x00000000a4b00000, 0x00000000a4b00000|100%| O|  |TAMS 0x00000000a4a00000, 0x00000000a4a00000| Untracked 
|  75|0x00000000a4b00000, 0x00000000a4c00000, 0x00000000a4c00000|100%| O|  |TAMS 0x00000000a4b00000, 0x00000000a4b00000| Untracked 
|  76|0x00000000a4c00000, 0x00000000a4d00000, 0x00000000a4d00000|100%| O|  |TAMS 0x00000000a4c00000, 0x00000000a4c00000| Untracked 
|  77|0x00000000a4d00000, 0x00000000a4e00000, 0x00000000a4e00000|100%| O|  |TAMS 0x00000000a4d00000, 0x00000000a4d00000| Untracked 
|  78|0x00000000a4e00000, 0x00000000a4f00000, 0x00000000a4f00000|100%| O|  |TAMS 0x00000000a4e00000, 0x00000000a4e00000| Untracked 
|  79|0x00000000a4f00000, 0x00000000a5000000, 0x00000000a5000000|100%| O|  |TAMS 0x00000000a4f00000, 0x00000000a4f00000| Untracked 
|  80|0x00000000a5000000, 0x00000000a5100000, 0x00000000a5100000|100%| O|  |TAMS 0x00000000a5000000, 0x00000000a5000000| Untracked 
|  81|0x00000000a5100000, 0x00000000a5200000, 0x00000000a5200000|100%| O|  |TAMS 0x00000000a5100000, 0x00000000a5100000| Untracked 
|  82|0x00000000a5200000, 0x00000000a5300000, 0x00000000a5300000|100%| O|  |TAMS 0x00000000a5200000, 0x00000000a5200000| Untracked 
|  83|0x00000000a5300000, 0x00000000a5400000, 0x00000000a5400000|100%| O|  |TAMS 0x00000000a5300000, 0x00000000a5300000| Untracked 
|  84|0x00000000a5400000, 0x00000000a5489c00, 0x00000000a5500000| 53%| O|  |TAMS 0x00000000a5400000, 0x00000000a5400000| Untracked 
|  85|0x00000000a5500000, 0x00000000a5500000, 0x00000000a5600000|  0%| F|  |TAMS 0x00000000a5500000, 0x00000000a5500000| Untracked 
|  86|0x00000000a5600000, 0x00000000a5600000, 0x00000000a5700000|  0%| F|  |TAMS 0x00000000a5600000, 0x00000000a5600000| Untracked 
|  87|0x00000000a5700000, 0x00000000a5700000, 0x00000000a5800000|  0%| F|  |TAMS 0x00000000a5700000, 0x00000000a5700000| Untracked 
|  88|0x00000000a5800000, 0x00000000a5800000, 0x00000000a5900000|  0%| F|  |TAMS 0x00000000a5800000, 0x00000000a5800000| Untracked 
|  89|0x00000000a5900000, 0x00000000a5900000, 0x00000000a5a00000|  0%| F|  |TAMS 0x00000000a5900000, 0x00000000a5900000| Untracked 
|  90|0x00000000a5a00000, 0x00000000a5a00000, 0x00000000a5b00000|  0%| F|  |TAMS 0x00000000a5a00000, 0x00000000a5a00000| Untracked 
|  91|0x00000000a5b00000, 0x00000000a5b00000, 0x00000000a5c00000|  0%| F|  |TAMS 0x00000000a5b00000, 0x00000000a5b00000| Untracked 
|  92|0x00000000a5c00000, 0x00000000a5c00000, 0x00000000a5d00000|  0%| F|  |TAMS 0x00000000a5c00000, 0x00000000a5c00000| Untracked 
|  93|0x00000000a5d00000, 0x00000000a5d00000, 0x00000000a5e00000|  0%| F|  |TAMS 0x00000000a5d00000, 0x00000000a5d00000| Untracked 
|  94|0x00000000a5e00000, 0x00000000a5e00000, 0x00000000a5f00000|  0%| F|  |TAMS 0x00000000a5e00000, 0x00000000a5e00000| Untracked 
|  95|0x00000000a5f00000, 0x00000000a5f00000, 0x00000000a6000000|  0%| F|  |TAMS 0x00000000a5f00000, 0x00000000a5f00000| Untracked 
|  96|0x00000000a6000000, 0x00000000a6000000, 0x00000000a6100000|  0%| F|  |TAMS 0x00000000a6000000, 0x00000000a6000000| Untracked 
|  97|0x00000000a6100000, 0x00000000a6100000, 0x00000000a6200000|  0%| F|  |TAMS 0x00000000a6100000, 0x00000000a6100000| Untracked 
|  98|0x00000000a6200000, 0x00000000a6200000, 0x00000000a6300000|  0%| F|  |TAMS 0x00000000a6200000, 0x00000000a6200000| Untracked 
|  99|0x00000000a6300000, 0x00000000a6300000, 0x00000000a6400000|  0%| F|  |TAMS 0x00000000a6300000, 0x00000000a6300000| Untracked 
| 100|0x00000000a6400000, 0x00000000a6400000, 0x00000000a6500000|  0%| F|  |TAMS 0x00000000a6400000, 0x00000000a6400000| Untracked 
| 101|0x00000000a6500000, 0x00000000a6500000, 0x00000000a6600000|  0%| F|  |TAMS 0x00000000a6500000, 0x00000000a6500000| Untracked 
| 102|0x00000000a6600000, 0x00000000a6600000, 0x00000000a6700000|  0%| F|  |TAMS 0x00000000a6600000, 0x00000000a6600000| Untracked 
| 103|0x00000000a6700000, 0x00000000a6700000, 0x00000000a6800000|  0%| F|  |TAMS 0x00000000a6700000, 0x00000000a6700000| Untracked 
| 104|0x00000000a6800000, 0x00000000a6800000, 0x00000000a6900000|  0%| F|  |TAMS 0x00000000a6800000, 0x00000000a6800000| Untracked 
| 105|0x00000000a6900000, 0x00000000a6900000, 0x00000000a6a00000|  0%| F|  |TAMS 0x00000000a6900000, 0x00000000a6900000| Untracked 
| 106|0x00000000a6a00000, 0x00000000a6a00000, 0x00000000a6b00000|  0%| F|  |TAMS 0x00000000a6a00000, 0x00000000a6a00000| Untracked 
| 107|0x00000000a6b00000, 0x00000000a6b00000, 0x00000000a6c00000|  0%| F|  |TAMS 0x00000000a6b00000, 0x00000000a6b00000| Untracked 
| 108|0x00000000a6c00000, 0x00000000a6c00000, 0x00000000a6d00000|  0%| F|  |TAMS 0x00000000a6c00000, 0x00000000a6c00000| Untracked 
| 109|0x00000000a6d00000, 0x00000000a6d00000, 0x00000000a6e00000|  0%| F|  |TAMS 0x00000000a6d00000, 0x00000000a6d00000| Untracked 
| 110|0x00000000a6e00000, 0x00000000a6e00000, 0x00000000a6f00000|  0%| F|  |TAMS 0x00000000a6e00000, 0x00000000a6e00000| Untracked 
| 111|0x00000000a6f00000, 0x00000000a6f00000, 0x00000000a7000000|  0%| F|  |TAMS 0x00000000a6f00000, 0x00000000a6f00000| Untracked 
| 112|0x00000000a7000000, 0x00000000a7000000, 0x00000000a7100000|  0%| F|  |TAMS 0x00000000a7000000, 0x00000000a7000000| Untracked 
| 113|0x00000000a7100000, 0x00000000a7100000, 0x00000000a7200000|  0%| F|  |TAMS 0x00000000a7100000, 0x00000000a7100000| Untracked 
| 114|0x00000000a7200000, 0x00000000a7200000, 0x00000000a7300000|  0%| F|  |TAMS 0x00000000a7200000, 0x00000000a7200000| Untracked 
| 115|0x00000000a7300000, 0x00000000a7300000, 0x00000000a7400000|  0%| F|  |TAMS 0x00000000a7300000, 0x00000000a7300000| Untracked 
| 116|0x00000000a7400000, 0x00000000a7400000, 0x00000000a7500000|  0%| F|  |TAMS 0x00000000a7400000, 0x00000000a7400000| Untracked 
| 117|0x00000000a7500000, 0x00000000a7500000, 0x00000000a7600000|  0%| F|  |TAMS 0x00000000a7500000, 0x00000000a7500000| Untracked 
| 118|0x00000000a7600000, 0x00000000a7600000, 0x00000000a7700000|  0%| F|  |TAMS 0x00000000a7600000, 0x00000000a7600000| Untracked 
| 119|0x00000000a7700000, 0x00000000a7700000, 0x00000000a7800000|  0%| F|  |TAMS 0x00000000a7700000, 0x00000000a7700000| Untracked 
| 120|0x00000000a7800000, 0x00000000a7800000, 0x00000000a7900000|  0%| F|  |TAMS 0x00000000a7800000, 0x00000000a7800000| Untracked 
| 121|0x00000000a7900000, 0x00000000a7900000, 0x00000000a7a00000|  0%| F|  |TAMS 0x00000000a7900000, 0x00000000a7900000| Untracked 
| 122|0x00000000a7a00000, 0x00000000a7a41fe0, 0x00000000a7b00000| 25%| S|CS|TAMS 0x00000000a7a00000, 0x00000000a7a00000| Complete 
| 123|0x00000000a7b00000, 0x00000000a7c00000, 0x00000000a7c00000|100%| S|CS|TAMS 0x00000000a7b00000, 0x00000000a7b00000| Complete 
| 124|0x00000000a7c00000, 0x00000000a7d00000, 0x00000000a7d00000|100%| S|CS|TAMS 0x00000000a7c00000, 0x00000000a7c00000| Complete 
| 125|0x00000000a7d00000, 0x00000000a7e00000, 0x00000000a7e00000|100%| S|CS|TAMS 0x00000000a7d00000, 0x00000000a7d00000| Complete 
| 126|0x00000000a7e00000, 0x00000000a7e00000, 0x00000000a7f00000|  0%| F|  |TAMS 0x00000000a7e00000, 0x00000000a7e00000| Untracked 
| 127|0x00000000a7f00000, 0x00000000a7f00000, 0x00000000a8000000|  0%| F|  |TAMS 0x00000000a7f00000, 0x00000000a7f00000| Untracked 
| 128|0x00000000a8000000, 0x00000000a8000000, 0x00000000a8100000|  0%| F|  |TAMS 0x00000000a8000000, 0x00000000a8000000| Untracked 
| 129|0x00000000a8100000, 0x00000000a8100000, 0x00000000a8200000|  0%| F|  |TAMS 0x00000000a8100000, 0x00000000a8100000| Untracked 
| 130|0x00000000a8200000, 0x00000000a8200000, 0x00000000a8300000|  0%| F|  |TAMS 0x00000000a8200000, 0x00000000a8200000| Untracked 
| 131|0x00000000a8300000, 0x00000000a8300000, 0x00000000a8400000|  0%| F|  |TAMS 0x00000000a8300000, 0x00000000a8300000| Untracked 
| 132|0x00000000a8400000, 0x00000000a8500000, 0x00000000a8500000|100%| S|CS|TAMS 0x00000000a8400000, 0x00000000a8400000| Complete 
| 133|0x00000000a8500000, 0x00000000a8500000, 0x00000000a8600000|  0%| F|  |TAMS 0x00000000a8500000, 0x00000000a8500000| Untracked 
| 134|0x00000000a8600000, 0x00000000a8600000, 0x00000000a8700000|  0%| F|  |TAMS 0x00000000a8600000, 0x00000000a8600000| Untracked 
| 135|0x00000000a8700000, 0x00000000a8700000, 0x00000000a8800000|  0%| F|  |TAMS 0x00000000a8700000, 0x00000000a8700000| Untracked 
| 136|0x00000000a8800000, 0x00000000a8800000, 0x00000000a8900000|  0%| F|  |TAMS 0x00000000a8800000, 0x00000000a8800000| Untracked 
| 137|0x00000000a8900000, 0x00000000a8900000, 0x00000000a8a00000|  0%| F|  |TAMS 0x00000000a8900000, 0x00000000a8900000| Untracked 
| 138|0x00000000a8a00000, 0x00000000a8a00000, 0x00000000a8b00000|  0%| F|  |TAMS 0x00000000a8a00000, 0x00000000a8a00000| Untracked 
| 139|0x00000000a8b00000, 0x00000000a8c00000, 0x00000000a8c00000|100%| S|CS|TAMS 0x00000000a8b00000, 0x00000000a8b00000| Complete 
| 140|0x00000000a8c00000, 0x00000000a8d00000, 0x00000000a8d00000|100%| S|CS|TAMS 0x00000000a8c00000, 0x00000000a8c00000| Complete 
| 141|0x00000000a8d00000, 0x00000000a8e00000, 0x00000000a8e00000|100%| S|CS|TAMS 0x00000000a8d00000, 0x00000000a8d00000| Complete 
| 142|0x00000000a8e00000, 0x00000000a8f00000, 0x00000000a8f00000|100%| S|CS|TAMS 0x00000000a8e00000, 0x00000000a8e00000| Complete 
| 143|0x00000000a8f00000, 0x00000000a9000000, 0x00000000a9000000|100%| S|CS|TAMS 0x00000000a8f00000, 0x00000000a8f00000| Complete 
| 144|0x00000000a9000000, 0x00000000a9100000, 0x00000000a9100000|100%| S|CS|TAMS 0x00000000a9000000, 0x00000000a9000000| Complete 
| 145|0x00000000a9100000, 0x00000000a9200000, 0x00000000a9200000|100%| S|CS|TAMS 0x00000000a9100000, 0x00000000a9100000| Complete 
| 146|0x00000000a9200000, 0x00000000a9300000, 0x00000000a9300000|100%| S|CS|TAMS 0x00000000a9200000, 0x00000000a9200000| Complete 
| 147|0x00000000a9300000, 0x00000000a9300000, 0x00000000a9400000|  0%| F|  |TAMS 0x00000000a9300000, 0x00000000a9300000| Untracked 
| 148|0x00000000a9400000, 0x00000000a9400000, 0x00000000a9500000|  0%| F|  |TAMS 0x00000000a9400000, 0x00000000a9400000| Untracked 
| 149|0x00000000a9500000, 0x00000000a9500000, 0x00000000a9600000|  0%| F|  |TAMS 0x00000000a9500000, 0x00000000a9500000| Untracked 
| 150|0x00000000a9600000, 0x00000000a9600000, 0x00000000a9700000|  0%| F|  |TAMS 0x00000000a9600000, 0x00000000a9600000| Untracked 
| 151|0x00000000a9700000, 0x00000000a9700000, 0x00000000a9800000|  0%| F|  |TAMS 0x00000000a9700000, 0x00000000a9700000| Untracked 
| 152|0x00000000a9800000, 0x00000000a9800000, 0x00000000a9900000|  0%| F|  |TAMS 0x00000000a9800000, 0x00000000a9800000| Untracked 
| 153|0x00000000a9900000, 0x00000000a9900000, 0x00000000a9a00000|  0%| F|  |TAMS 0x00000000a9900000, 0x00000000a9900000| Untracked 
| 154|0x00000000a9a00000, 0x00000000a9a00000, 0x00000000a9b00000|  0%| F|  |TAMS 0x00000000a9a00000, 0x00000000a9a00000| Untracked 
| 155|0x00000000a9b00000, 0x00000000a9b00000, 0x00000000a9c00000|  0%| F|  |TAMS 0x00000000a9b00000, 0x00000000a9b00000| Untracked 
| 156|0x00000000a9c00000, 0x00000000a9c00000, 0x00000000a9d00000|  0%| F|  |TAMS 0x00000000a9c00000, 0x00000000a9c00000| Untracked 
| 157|0x00000000a9d00000, 0x00000000a9d00000, 0x00000000a9e00000|  0%| F|  |TAMS 0x00000000a9d00000, 0x00000000a9d00000| Untracked 
| 158|0x00000000a9e00000, 0x00000000a9e00000, 0x00000000a9f00000|  0%| F|  |TAMS 0x00000000a9e00000, 0x00000000a9e00000| Untracked 
| 159|0x00000000a9f00000, 0x00000000a9f00000, 0x00000000aa000000|  0%| F|  |TAMS 0x00000000a9f00000, 0x00000000a9f00000| Untracked 
| 160|0x00000000aa000000, 0x00000000aa000000, 0x00000000aa100000|  0%| F|  |TAMS 0x00000000aa000000, 0x00000000aa000000| Untracked 
| 161|0x00000000aa100000, 0x00000000aa100000, 0x00000000aa200000|  0%| F|  |TAMS 0x00000000aa100000, 0x00000000aa100000| Untracked 
| 162|0x00000000aa200000, 0x00000000aa200000, 0x00000000aa300000|  0%| F|  |TAMS 0x00000000aa200000, 0x00000000aa200000| Untracked 
| 163|0x00000000aa300000, 0x00000000aa3b67d8, 0x00000000aa400000| 71%| E|  |TAMS 0x00000000aa300000, 0x00000000aa300000| Complete 
| 164|0x00000000aa400000, 0x00000000aa500000, 0x00000000aa500000|100%| E|CS|TAMS 0x00000000aa400000, 0x00000000aa400000| Complete 
| 165|0x00000000aa500000, 0x00000000aa600000, 0x00000000aa600000|100%| E|CS|TAMS 0x00000000aa500000, 0x00000000aa500000| Complete 
| 166|0x00000000aa600000, 0x00000000aa700000, 0x00000000aa700000|100%| E|CS|TAMS 0x00000000aa600000, 0x00000000aa600000| Complete 
| 167|0x00000000aa700000, 0x00000000aa800000, 0x00000000aa800000|100%| E|CS|TAMS 0x00000000aa700000, 0x00000000aa700000| Complete 
| 168|0x00000000aa800000, 0x00000000aa900000, 0x00000000aa900000|100%| E|CS|TAMS 0x00000000aa800000, 0x00000000aa800000| Complete 
| 169|0x00000000aa900000, 0x00000000aaa00000, 0x00000000aaa00000|100%| E|CS|TAMS 0x00000000aa900000, 0x00000000aa900000| Complete 
| 170|0x00000000aaa00000, 0x00000000aab00000, 0x00000000aab00000|100%| E|CS|TAMS 0x00000000aaa00000, 0x00000000aaa00000| Complete 
| 171|0x00000000aab00000, 0x00000000aac00000, 0x00000000aac00000|100%| E|CS|TAMS 0x00000000aab00000, 0x00000000aab00000| Complete 
| 172|0x00000000aac00000, 0x00000000aad00000, 0x00000000aad00000|100%| E|CS|TAMS 0x00000000aac00000, 0x00000000aac00000| Complete 
| 173|0x00000000aad00000, 0x00000000aae00000, 0x00000000aae00000|100%| E|CS|TAMS 0x00000000aad00000, 0x00000000aad00000| Complete 
| 174|0x00000000aae00000, 0x00000000aaf00000, 0x00000000aaf00000|100%| E|CS|TAMS 0x00000000aae00000, 0x00000000aae00000| Complete 
| 175|0x00000000aaf00000, 0x00000000ab000000, 0x00000000ab000000|100%| E|CS|TAMS 0x00000000aaf00000, 0x00000000aaf00000| Complete 
| 176|0x00000000ab000000, 0x00000000ab100000, 0x00000000ab100000|100%| E|CS|TAMS 0x00000000ab000000, 0x00000000ab000000| Complete 
| 177|0x00000000ab100000, 0x00000000ab200000, 0x00000000ab200000|100%| E|CS|TAMS 0x00000000ab100000, 0x00000000ab100000| Complete 
| 178|0x00000000ab200000, 0x00000000ab300000, 0x00000000ab300000|100%| E|CS|TAMS 0x00000000ab200000, 0x00000000ab200000| Complete 
| 179|0x00000000ab300000, 0x00000000ab400000, 0x00000000ab400000|100%| E|CS|TAMS 0x00000000ab300000, 0x00000000ab300000| Complete 
| 180|0x00000000ab400000, 0x00000000ab500000, 0x00000000ab500000|100%| E|CS|TAMS 0x00000000ab400000, 0x00000000ab400000| Complete 
| 181|0x00000000ab500000, 0x00000000ab600000, 0x00000000ab600000|100%| E|CS|TAMS 0x00000000ab500000, 0x00000000ab500000| Complete 
| 182|0x00000000ab600000, 0x00000000ab700000, 0x00000000ab700000|100%| E|CS|TAMS 0x00000000ab600000, 0x00000000ab600000| Complete 
| 183|0x00000000ab700000, 0x00000000ab800000, 0x00000000ab800000|100%| E|CS|TAMS 0x00000000ab700000, 0x00000000ab700000| Complete 
| 184|0x00000000ab800000, 0x00000000ab900000, 0x00000000ab900000|100%| E|CS|TAMS 0x00000000ab800000, 0x00000000ab800000| Complete 
| 185|0x00000000ab900000, 0x00000000aba00000, 0x00000000aba00000|100%| E|CS|TAMS 0x00000000ab900000, 0x00000000ab900000| Complete 
| 186|0x00000000aba00000, 0x00000000abb00000, 0x00000000abb00000|100%| E|CS|TAMS 0x00000000aba00000, 0x00000000aba00000| Complete 
| 187|0x00000000abb00000, 0x00000000abc00000, 0x00000000abc00000|100%| E|CS|TAMS 0x00000000abb00000, 0x00000000abb00000| Complete 
| 188|0x00000000abc00000, 0x00000000abd00000, 0x00000000abd00000|100%| E|CS|TAMS 0x00000000abc00000, 0x00000000abc00000| Complete 
| 189|0x00000000abd00000, 0x00000000abe00000, 0x00000000abe00000|100%| E|CS|TAMS 0x00000000abd00000, 0x00000000abd00000| Complete 
| 190|0x00000000abe00000, 0x00000000abf00000, 0x00000000abf00000|100%| E|CS|TAMS 0x00000000abe00000, 0x00000000abe00000| Complete 
| 191|0x00000000abf00000, 0x00000000ac000000, 0x00000000ac000000|100%| E|CS|TAMS 0x00000000abf00000, 0x00000000abf00000| Complete 
| 192|0x00000000ac000000, 0x00000000ac100000, 0x00000000ac100000|100%| E|CS|TAMS 0x00000000ac000000, 0x00000000ac000000| Complete 
| 193|0x00000000ac100000, 0x00000000ac200000, 0x00000000ac200000|100%| E|CS|TAMS 0x00000000ac100000, 0x00000000ac100000| Complete 
| 194|0x00000000ac200000, 0x00000000ac300000, 0x00000000ac300000|100%| E|CS|TAMS 0x00000000ac200000, 0x00000000ac200000| Complete 
| 195|0x00000000ac300000, 0x00000000ac400000, 0x00000000ac400000|100%| E|CS|TAMS 0x00000000ac300000, 0x00000000ac300000| Complete 
| 196|0x00000000ac400000, 0x00000000ac500000, 0x00000000ac500000|100%| E|CS|TAMS 0x00000000ac400000, 0x00000000ac400000| Complete 
| 197|0x00000000ac500000, 0x00000000ac600000, 0x00000000ac600000|100%| E|  |TAMS 0x00000000ac500000, 0x00000000ac500000| Complete 
| 198|0x00000000ac600000, 0x00000000ac700000, 0x00000000ac700000|100%| E|CS|TAMS 0x00000000ac600000, 0x00000000ac600000| Complete 
| 199|0x00000000ac700000, 0x00000000ac800000, 0x00000000ac800000|100%| E|CS|TAMS 0x00000000ac700000, 0x00000000ac700000| Complete 
| 200|0x00000000ac800000, 0x00000000ac900000, 0x00000000ac900000|100%| E|CS|TAMS 0x00000000ac800000, 0x00000000ac800000| Complete 
| 201|0x00000000ac900000, 0x00000000aca00000, 0x00000000aca00000|100%| E|CS|TAMS 0x00000000ac900000, 0x00000000ac900000| Complete 
| 202|0x00000000aca00000, 0x00000000acb00000, 0x00000000acb00000|100%| E|CS|TAMS 0x00000000aca00000, 0x00000000aca00000| Complete 
| 203|0x00000000acb00000, 0x00000000acc00000, 0x00000000acc00000|100%| E|CS|TAMS 0x00000000acb00000, 0x00000000acb00000| Complete 
| 204|0x00000000acc00000, 0x00000000acd00000, 0x00000000acd00000|100%| E|CS|TAMS 0x00000000acc00000, 0x00000000acc00000| Complete 
| 205|0x00000000acd00000, 0x00000000ace00000, 0x00000000ace00000|100%| E|CS|TAMS 0x00000000acd00000, 0x00000000acd00000| Complete 
| 206|0x00000000ace00000, 0x00000000acf00000, 0x00000000acf00000|100%| E|CS|TAMS 0x00000000ace00000, 0x00000000ace00000| Complete 
| 207|0x00000000acf00000, 0x00000000ad000000, 0x00000000ad000000|100%| E|CS|TAMS 0x00000000acf00000, 0x00000000acf00000| Complete 
| 208|0x00000000ad000000, 0x00000000ad100000, 0x00000000ad100000|100%| E|CS|TAMS 0x00000000ad000000, 0x00000000ad000000| Complete 
| 209|0x00000000ad100000, 0x00000000ad200000, 0x00000000ad200000|100%| E|CS|TAMS 0x00000000ad100000, 0x00000000ad100000| Complete 
| 210|0x00000000ad200000, 0x00000000ad300000, 0x00000000ad300000|100%| E|CS|TAMS 0x00000000ad200000, 0x00000000ad200000| Complete 
| 211|0x00000000ad300000, 0x00000000ad400000, 0x00000000ad400000|100%| E|CS|TAMS 0x00000000ad300000, 0x00000000ad300000| Complete 
| 212|0x00000000ad400000, 0x00000000ad500000, 0x00000000ad500000|100%| E|CS|TAMS 0x00000000ad400000, 0x00000000ad400000| Complete 
| 213|0x00000000ad500000, 0x00000000ad600000, 0x00000000ad600000|100%| E|CS|TAMS 0x00000000ad500000, 0x00000000ad500000| Complete 
| 214|0x00000000ad600000, 0x00000000ad700000, 0x00000000ad700000|100%| E|CS|TAMS 0x00000000ad600000, 0x00000000ad600000| Complete 
| 215|0x00000000ad700000, 0x00000000ad800000, 0x00000000ad800000|100%| E|CS|TAMS 0x00000000ad700000, 0x00000000ad700000| Complete 
| 216|0x00000000ad800000, 0x00000000ad900000, 0x00000000ad900000|100%| E|CS|TAMS 0x00000000ad800000, 0x00000000ad800000| Complete 
| 217|0x00000000ad900000, 0x00000000ada00000, 0x00000000ada00000|100%| E|CS|TAMS 0x00000000ad900000, 0x00000000ad900000| Complete 
| 218|0x00000000ada00000, 0x00000000adb00000, 0x00000000adb00000|100%| E|CS|TAMS 0x00000000ada00000, 0x00000000ada00000| Complete 
| 219|0x00000000adb00000, 0x00000000adc00000, 0x00000000adc00000|100%| E|CS|TAMS 0x00000000adb00000, 0x00000000adb00000| Complete 
| 220|0x00000000adc00000, 0x00000000add00000, 0x00000000add00000|100%| E|CS|TAMS 0x00000000adc00000, 0x00000000adc00000| Complete 
| 221|0x00000000add00000, 0x00000000ade00000, 0x00000000ade00000|100%| E|CS|TAMS 0x00000000add00000, 0x00000000add00000| Complete 
| 222|0x00000000ade00000, 0x00000000adf00000, 0x00000000adf00000|100%| E|CS|TAMS 0x00000000ade00000, 0x00000000ade00000| Complete 
| 223|0x00000000adf00000, 0x00000000ae000000, 0x00000000ae000000|100%| E|CS|TAMS 0x00000000adf00000, 0x00000000adf00000| Complete 
| 224|0x00000000ae000000, 0x00000000ae100000, 0x00000000ae100000|100%| E|CS|TAMS 0x00000000ae000000, 0x00000000ae000000| Complete 
| 225|0x00000000ae100000, 0x00000000ae200000, 0x00000000ae200000|100%| E|CS|TAMS 0x00000000ae100000, 0x00000000ae100000| Complete 
| 226|0x00000000ae200000, 0x00000000ae300000, 0x00000000ae300000|100%| E|CS|TAMS 0x00000000ae200000, 0x00000000ae200000| Complete 
| 227|0x00000000ae300000, 0x00000000ae400000, 0x00000000ae400000|100%| E|CS|TAMS 0x00000000ae300000, 0x00000000ae300000| Complete 
| 228|0x00000000ae400000, 0x00000000ae500000, 0x00000000ae500000|100%| E|CS|TAMS 0x00000000ae400000, 0x00000000ae400000| Complete 
| 229|0x00000000ae500000, 0x00000000ae600000, 0x00000000ae600000|100%| E|CS|TAMS 0x00000000ae500000, 0x00000000ae500000| Complete 
| 230|0x00000000ae600000, 0x00000000ae700000, 0x00000000ae700000|100%| E|CS|TAMS 0x00000000ae600000, 0x00000000ae600000| Complete 
| 231|0x00000000ae700000, 0x00000000ae800000, 0x00000000ae800000|100%| E|CS|TAMS 0x00000000ae700000, 0x00000000ae700000| Complete 
| 232|0x00000000ae800000, 0x00000000ae900000, 0x00000000ae900000|100%| E|CS|TAMS 0x00000000ae800000, 0x00000000ae800000| Complete 
| 233|0x00000000ae900000, 0x00000000aea00000, 0x00000000aea00000|100%| E|CS|TAMS 0x00000000ae900000, 0x00000000ae900000| Complete 
| 234|0x00000000aea00000, 0x00000000aeb00000, 0x00000000aeb00000|100%| E|CS|TAMS 0x00000000aea00000, 0x00000000aea00000| Complete 
| 235|0x00000000aeb00000, 0x00000000aec00000, 0x00000000aec00000|100%| E|CS|TAMS 0x00000000aeb00000, 0x00000000aeb00000| Complete 
| 236|0x00000000aec00000, 0x00000000aed00000, 0x00000000aed00000|100%| E|CS|TAMS 0x00000000aec00000, 0x00000000aec00000| Complete 
| 237|0x00000000aed00000, 0x00000000aee00000, 0x00000000aee00000|100%| E|CS|TAMS 0x00000000aed00000, 0x00000000aed00000| Complete 
| 238|0x00000000aee00000, 0x00000000aef00000, 0x00000000aef00000|100%| E|CS|TAMS 0x00000000aee00000, 0x00000000aee00000| Complete 
| 239|0x00000000aef00000, 0x00000000af000000, 0x00000000af000000|100%| E|CS|TAMS 0x00000000aef00000, 0x00000000aef00000| Complete 
| 240|0x00000000af000000, 0x00000000af100000, 0x00000000af100000|100%| E|CS|TAMS 0x00000000af000000, 0x00000000af000000| Complete 
| 241|0x00000000af100000, 0x00000000af200000, 0x00000000af200000|100%| E|CS|TAMS 0x00000000af100000, 0x00000000af100000| Complete 
| 242|0x00000000af200000, 0x00000000af300000, 0x00000000af300000|100%| E|CS|TAMS 0x00000000af200000, 0x00000000af200000| Complete 
| 243|0x00000000af300000, 0x00000000af400000, 0x00000000af400000|100%| E|CS|TAMS 0x00000000af300000, 0x00000000af300000| Complete 
| 244|0x00000000af400000, 0x00000000af500000, 0x00000000af500000|100%| E|CS|TAMS 0x00000000af400000, 0x00000000af400000| Complete 
| 245|0x00000000af500000, 0x00000000af600000, 0x00000000af600000|100%| E|CS|TAMS 0x00000000af500000, 0x00000000af500000| Complete 
| 246|0x00000000af600000, 0x00000000af700000, 0x00000000af700000|100%| E|CS|TAMS 0x00000000af600000, 0x00000000af600000| Complete 
| 247|0x00000000af700000, 0x00000000af800000, 0x00000000af800000|100%| E|CS|TAMS 0x00000000af700000, 0x00000000af700000| Complete 
| 248|0x00000000af800000, 0x00000000af900000, 0x00000000af900000|100%| E|CS|TAMS 0x00000000af800000, 0x00000000af800000| Complete 
| 249|0x00000000af900000, 0x00000000afa00000, 0x00000000afa00000|100%| E|CS|TAMS 0x00000000af900000, 0x00000000af900000| Complete 
| 250|0x00000000afa00000, 0x00000000afb00000, 0x00000000afb00000|100%| E|CS|TAMS 0x00000000afa00000, 0x00000000afa00000| Complete 
| 251|0x00000000afb00000, 0x00000000afc00000, 0x00000000afc00000|100%| E|CS|TAMS 0x00000000afb00000, 0x00000000afb00000| Complete 
| 252|0x00000000afc00000, 0x00000000afd00000, 0x00000000afd00000|100%| E|CS|TAMS 0x00000000afc00000, 0x00000000afc00000| Complete 
| 253|0x00000000afd00000, 0x00000000afe00000, 0x00000000afe00000|100%| E|CS|TAMS 0x00000000afd00000, 0x00000000afd00000| Complete 

Card table byte_map: [0x000001f5a3360000,0x000001f5a3660000] _byte_map_base: 0x000001f5a2e60000

Marking Bits (Prev, Next): (CMBitMap*) 0x000001f590258e18, (CMBitMap*) 0x000001f590258e50
 Prev Bits: [0x000001f5a3960000, 0x000001f5a5160000)
 Next Bits: [0x000001f5a5160000, 0x000001f5a6960000)

Polling page: 0x000001f58e240000

Metaspace:

Usage:
  Non-class:     77.71 MB capacity,    75.88 MB ( 98%) used,     1.57 MB (  2%) free+waste,   261.81 KB ( <1%) overhead. 
      Class:     12.61 MB capacity,    11.60 MB ( 92%) used,   907.41 KB (  7%) free+waste,   122.50 KB ( <1%) overhead. 
       Both:     90.32 MB capacity,    87.48 MB ( 97%) used,     2.46 MB (  3%) free+waste,   384.31 KB ( <1%) overhead. 

Virtual space:
  Non-class space:       78.00 MB reserved,      77.95 MB (>99%) committed 
      Class space:        1.00 GB reserved,      12.63 MB (  1%) committed 
             Both:        1.08 GB reserved,      90.58 MB (  8%) committed 

Chunk freelists:
   Non-Class:  0 bytes
       Class:  0 bytes
        Both:  0 bytes

MaxMetaspaceSize: 17179869184.00 GB
CompressedClassSpaceSize: 1.00 GB
Initial GC threshold: 20.80 MB
Current GC threshold: 112.42 MB
CDS: off

CodeHeap 'non-profiled nmethods': size=120000Kb used=7579Kb max_used=7579Kb free=112420Kb
 bounds [0x000001f59b800000, 0x000001f59bf70000, 0x000001f5a2d30000]
CodeHeap 'profiled nmethods': size=120000Kb used=23193Kb max_used=23193Kb free=96806Kb
 bounds [0x000001f5942d0000, 0x000001f595980000, 0x000001f59b800000]
CodeHeap 'non-nmethods': size=5760Kb used=2373Kb max_used=2460Kb free=3386Kb
 bounds [0x000001f593d30000, 0x000001f593fa0000, 0x000001f5942d0000]
 total_blobs=11444 nmethods=10557 adapters=799
 compilation: enabled
              stopped_count=0, restarted_count=0
 full_count=0

Compilation events (20 events):
Event: 24.799 Thread 0x000001f5a9cad800 nmethod 10633 0x000001f595973c90 code [0x000001f595973e60, 0x000001f595974108]
Event: 24.801 Thread 0x000001f5a9cad800 10634       3       java.lang.ProcessEnvironment$CheckedEntrySet$1::next (5 bytes)
Event: 24.801 Thread 0x000001f5a9cad800 nmethod 10634 0x000001f595974210 code [0x000001f595974400, 0x000001f5959748a8]
Event: 24.801 Thread 0x000001f5a9cad800 10635       3       java.lang.ProcessEnvironment$EntryComparator::compare (13 bytes)
Event: 24.802 Thread 0x000001f5a9cad800 nmethod 10635 0x000001f595974a10 code [0x000001f595974c20, 0x000001f595975328]
Event: 24.802 Thread 0x000001f5a9cad800 10636       3       java.lang.ProcessEnvironment$EntryComparator::compare (25 bytes)
Event: 24.802 Thread 0x000001f5a9cad800 nmethod 10636 0x000001f595975510 code [0x000001f595975700, 0x000001f595975ba8]
Event: 24.814 Thread 0x000001f5a9cad800 10641       3       jdk.internal.org.objectweb.asm.ClassWriter::visitSource (36 bytes)
Event: 24.815 Thread 0x000001f5a9cad800 nmethod 10641 0x000001f595975d10 code [0x000001f595975f00, 0x000001f595976398]
Event: 24.862 Thread 0x000001f5a9cac000 nmethod 10622 0x000001f59bf49410 code [0x000001f59bf496a0, 0x000001f59bf4b510]
Event: 24.862 Thread 0x000001f5a9cac000 10623  s    4       java.beans.MethodDescriptor::setParams (74 bytes)
Event: 24.909 Thread 0x000001f5a9cac000 nmethod 10623 0x000001f59bf4c090 code [0x000001f59bf4c2a0, 0x000001f59bf4d568]
Event: 24.909 Thread 0x000001f5a9cac000 10629       4       java.util.Collections$UnmodifiableMap$UnmodifiableEntrySet$UnmodifiableEntry::getValue (10 bytes)
Event: 24.910 Thread 0x000001f5a9cac000 nmethod 10629 0x000001f59bf4db10 code [0x000001f59bf4dca0, 0x000001f59bf4dd38]
Event: 24.910 Thread 0x000001f5a9cac000 10624  s    4       java.beans.MethodDescriptor::setMethod (41 bytes)
Event: 24.935 Thread 0x000001f5a9cac000 nmethod 10624 0x000001f59bf4de10 code [0x000001f59bf4e040, 0x000001f59bf4eb10]
Event: 25.072 Thread 0x000001f5af93d800 nmethod 10586 0x000001f59bf4f090 code [0x000001f59bf4f5e0, 0x000001f59bf55270]
Event: 25.312 Thread 0x000001f5b46cb000 nmethod 10549 0x000001f59bf58590 code [0x000001f59bf59040, 0x000001f59bf61878]
Event: 26.202 Thread 0x000001f5a9cac000 10646       4       org.gradle.internal.logging.text.AbstractLineChoppingStyledTextOutput$1::execute (9 bytes)
Event: 26.203 Thread 0x000001f5a9cad800 10647       3       org.gradle.internal.io.LineBufferingOutputStream::write (59 bytes)

GC Heap History (20 events):
Event: 4.054 GC heap before
{Heap before GC invocations=3 (full 0):
 garbage-first heap   total 260096K, used 39003K [0x00000000a0000000, 0x0000000100000000)
  region size 1024K, 32 young (32768K), 11 survivors (11264K)
 Metaspace       used 22500K, capacity 23022K, committed 23164K, reserved 1069056K
  class space    used 2856K, capacity 3066K, committed 3072K, reserved 1048576K
}
Event: 4.061 GC heap after
{Heap after GC invocations=4 (full 0):
 garbage-first heap   total 260096K, used 17916K [0x00000000a0000000, 0x0000000100000000)
  region size 1024K, 1 young (1024K), 1 survivors (1024K)
 Metaspace       used 22500K, capacity 23022K, committed 23164K, reserved 1069056K
  class space    used 2856K, capacity 3066K, committed 3072K, reserved 1048576K
}
Event: 5.078 GC heap before
{Heap before GC invocations=4 (full 0):
 garbage-first heap   total 260096K, used 98812K [0x00000000a0000000, 0x0000000100000000)
  region size 1024K, 80 young (81920K), 1 survivors (1024K)
 Metaspace       used 30490K, capacity 31205K, committed 31232K, reserved 1077248K
  class space    used 4065K, capacity 4352K, committed 4352K, reserved 1048576K
}
Event: 5.083 GC heap after
{Heap after GC invocations=5 (full 0):
 garbage-first heap   total 260096K, used 20394K [0x00000000a0000000, 0x0000000100000000)
  region size 1024K, 4 young (4096K), 4 survivors (4096K)
 Metaspace       used 30490K, capacity 31205K, committed 31232K, reserved 1077248K
  class space    used 4065K, capacity 4352K, committed 4352K, reserved 1048576K
}
Event: 5.544 GC heap before
{Heap before GC invocations=5 (full 0):
 garbage-first heap   total 260096K, used 35754K [0x00000000a0000000, 0x0000000100000000)
  region size 1024K, 20 young (20480K), 4 survivors (4096K)
 Metaspace       used 35036K, capacity 35853K, committed 36048K, reserved 1081344K
  class space    used 4533K, capacity 4839K, committed 4864K, reserved 1048576K
}
Event: 5.555 GC heap after
{Heap after GC invocations=6 (full 0):
 garbage-first heap   total 260096K, used 22592K [0x00000000a0000000, 0x0000000100000000)
  region size 1024K, 6 young (6144K), 6 survivors (6144K)
 Metaspace       used 35036K, capacity 35853K, committed 36048K, reserved 1081344K
  class space    used 4533K, capacity 4839K, committed 4864K, reserved 1048576K
}
Event: 7.494 GC heap before
{Heap before GC invocations=7 (full 0):
 garbage-first heap   total 260096K, used 142400K [0x00000000a0000000, 0x0000000100000000)
  region size 1024K, 120 young (122880K), 6 survivors (6144K)
 Metaspace       used 44094K, capacity 45184K, committed 45392K, reserved 1089536K
  class space    used 5606K, capacity 5975K, committed 6016K, reserved 1048576K
}
Event: 7.511 GC heap after
{Heap after GC invocations=8 (full 0):
 garbage-first heap   total 260096K, used 29832K [0x00000000a0000000, 0x0000000100000000)
  region size 1024K, 13 young (13312K), 13 survivors (13312K)
 Metaspace       used 44094K, capacity 45184K, committed 45392K, reserved 1089536K
  class space    used 5606K, capacity 5975K, committed 6016K, reserved 1048576K
}
Event: 9.909 GC heap before
{Heap before GC invocations=8 (full 0):
 garbage-first heap   total 260096K, used 165000K [0x00000000a0000000, 0x0000000100000000)
  region size 1024K, 136 young (139264K), 13 survivors (13312K)
 Metaspace       used 51209K, capacity 52675K, committed 52816K, reserved 1095680K
  class space    used 6522K, capacity 6997K, committed 7040K, reserved 1048576K
}
Event: 9.926 GC heap after
{Heap after GC invocations=9 (full 0):
 garbage-first heap   total 260096K, used 48877K [0x00000000a0000000, 0x0000000100000000)
  region size 1024K, 17 young (17408K), 17 survivors (17408K)
 Metaspace       used 51209K, capacity 52675K, committed 52816K, reserved 1095680K
  class space    used 6522K, capacity 6997K, committed 7040K, reserved 1048576K
}
Event: 10.954 GC heap before
{Heap before GC invocations=9 (full 0):
 garbage-first heap   total 260096K, used 105197K [0x00000000a0000000, 0x0000000100000000)
  region size 1024K, 73 young (74752K), 17 survivors (17408K)
 Metaspace       used 58643K, capacity 60174K, committed 60240K, reserved 1101824K
  class space    used 7479K, capacity 8045K, committed 8064K, reserved 1048576K
}
Event: 10.977 GC heap after
{Heap after GC invocations=10 (full 0):
 garbage-first heap   total 260096K, used 51896K [0x00000000a0000000, 0x0000000100000000)
  region size 1024K, 4 young (4096K), 4 survivors (4096K)
 Metaspace       used 58643K, capacity 60174K, committed 60240K, reserved 1101824K
  class space    used 7479K, capacity 8045K, committed 8064K, reserved 1048576K
}
Event: 12.910 GC heap before
{Heap before GC invocations=11 (full 0):
 garbage-first heap   total 260096K, used 172728K [0x00000000a0000000, 0x0000000100000000)
  region size 1024K, 122 young (124928K), 4 survivors (4096K)
 Metaspace       used 67119K, capacity 68870K, committed 69072K, reserved 1110016K
  class space    used 8525K, capacity 9134K, committed 9216K, reserved 1048576K
}
Event: 12.924 GC heap after
{Heap after GC invocations=12 (full 0):
 garbage-first heap   total 260096K, used 57721K [0x00000000a0000000, 0x0000000100000000)
  region size 1024K, 9 young (9216K), 9 survivors (9216K)
 Metaspace       used 67119K, capacity 68870K, committed 69072K, reserved 1110016K
  class space    used 8525K, capacity 9134K, committed 9216K, reserved 1048576K
}
Event: 14.835 GC heap before
{Heap before GC invocations=13 (full 0):
 garbage-first heap   total 260096K, used 184697K [0x00000000a0000000, 0x0000000100000000)
  region size 1024K, 130 young (133120K), 9 survivors (9216K)
 Metaspace       used 71059K, capacity 73067K, committed 73296K, reserved 1112064K
  class space    used 9125K, capacity 9826K, committed 9856K, reserved 1048576K
}
Event: 14.858 GC heap after
{Heap after GC invocations=14 (full 0):
 garbage-first heap   total 260096K, used 71278K [0x00000000a0000000, 0x0000000100000000)
  region size 1024K, 17 young (17408K), 17 survivors (17408K)
 Metaspace       used 71059K, capacity 73067K, committed 73296K, reserved 1112064K
  class space    used 9125K, capacity 9826K, committed 9856K, reserved 1048576K
}
Event: 18.503 GC heap before
{Heap before GC invocations=14 (full 0):
 garbage-first heap   total 260096K, used 191086K [0x00000000a0000000, 0x0000000100000000)
  region size 1024K, 132 young (135168K), 17 survivors (17408K)
 Metaspace       used 77044K, capacity 79281K, committed 79440K, reserved 1118208K
  class space    used 10055K, capacity 10846K, committed 10880K, reserved 1048576K
}
Event: 18.540 GC heap after
{Heap after GC invocations=15 (full 0):
 garbage-first heap   total 260096K, used 86783K [0x00000000a0000000, 0x0000000100000000)
  region size 1024K, 12 young (12288K), 12 survivors (12288K)
 Metaspace       used 77044K, capacity 79281K, committed 79440K, reserved 1118208K
  class space    used 10055K, capacity 10846K, committed 10880K, reserved 1048576K
}
Event: 22.211 GC heap before
{Heap before GC invocations=15 (full 0):
 garbage-first heap   total 260096K, used 196351K [0x00000000a0000000, 0x0000000100000000)
  region size 1024K, 119 young (121856K), 12 survivors (12288K)
 Metaspace       used 85420K, capacity 87958K, committed 88144K, reserved 1126400K
  class space    used 11229K, capacity 12145K, committed 12160K, reserved 1048576K
}
Event: 22.245 GC heap after
{Heap after GC invocations=16 (full 0):
 garbage-first heap   total 260096K, used 99118K [0x00000000a0000000, 0x0000000100000000)
  region size 1024K, 13 young (13312K), 13 survivors (13312K)
 Metaspace       used 85420K, capacity 87958K, committed 88144K, reserved 1126400K
  class space    used 11229K, capacity 12145K, committed 12160K, reserved 1048576K
}

Deoptimization events (20 events):
Event: 24.621 Thread 0x000001f5ad8b9000 Uncommon trap: trap_request=0xffffff4d fr.pc=0x000001f59bf3cb48 relative=0x0000000000000c88
Event: 24.621 Thread 0x000001f5ad8b9000 Uncommon trap: reason=unstable_if action=reinterpret pc=0x000001f59bf3cb48 method=org.gradle.internal.snapshot.AbstractListChildMap.withReplacedChild(ILjava/lang/String;Ljava/lang/Object;)Lorg/gradle/internal/snapshot/ChildMap; @ 36 c2
Event: 24.621 Thread 0x000001f5ad8b9000 DEOPT PACKING pc=0x000001f59bf3cb48 sp=0x0000002b4e4f9f80
Event: 24.621 Thread 0x000001f5ad8b9000 DEOPT UNPACKING pc=0x000001f593d7a1af sp=0x0000002b4e4f9f60 mode 2
Event: 26.202 Thread 0x000001f5abf40800 Uncommon trap: trap_request=0xffffffc6 fr.pc=0x000001f59bdcfedc relative=0x000000000000005c
Event: 26.202 Thread 0x000001f5abf40800 Uncommon trap: reason=bimorphic_or_optimized_type_check action=maybe_recompile pc=0x000001f59bdcfedc method=org.gradle.internal.logging.sink.OutputEventRenderer.onOutput(Lorg/gradle/internal/logging/events/OutputEvent;)V @ 1 c2
Event: 26.202 Thread 0x000001f5abf40800 DEOPT PACKING pc=0x000001f59bdcfedc sp=0x0000002b4eefe630
Event: 26.202 Thread 0x000001f5abf40800 DEOPT UNPACKING pc=0x000001f593d7a1af sp=0x0000002b4eefe5e8 mode 2
Event: 26.202 Thread 0x000001f5abf40800 Uncommon trap: trap_request=0xffffffc6 fr.pc=0x000001f59bdcfedc relative=0x000000000000005c
Event: 26.202 Thread 0x000001f5abf40800 Uncommon trap: reason=bimorphic_or_optimized_type_check action=maybe_recompile pc=0x000001f59bdcfedc method=org.gradle.internal.logging.sink.OutputEventRenderer.onOutput(Lorg/gradle/internal/logging/events/OutputEvent;)V @ 1 c2
Event: 26.202 Thread 0x000001f5abf40800 DEOPT PACKING pc=0x000001f59bdcfedc sp=0x0000002b4eefe630
Event: 26.202 Thread 0x000001f5abf40800 DEOPT UNPACKING pc=0x000001f593d7a1af sp=0x0000002b4eefe5e8 mode 2
Event: 26.202 Thread 0x000001f5abf40800 Uncommon trap: trap_request=0xffffffc6 fr.pc=0x000001f59bdcfedc relative=0x000000000000005c
Event: 26.202 Thread 0x000001f5abf40800 Uncommon trap: reason=bimorphic_or_optimized_type_check action=maybe_recompile pc=0x000001f59bdcfedc method=org.gradle.internal.logging.sink.OutputEventRenderer.onOutput(Lorg/gradle/internal/logging/events/OutputEvent;)V @ 1 c2
Event: 26.202 Thread 0x000001f5abf40800 DEOPT PACKING pc=0x000001f59bdcfedc sp=0x0000002b4eefe630
Event: 26.202 Thread 0x000001f5abf40800 DEOPT UNPACKING pc=0x000001f593d7a1af sp=0x0000002b4eefe5e8 mode 2
Event: 26.203 Thread 0x000001f5abf40800 Uncommon trap: trap_request=0xffffffc6 fr.pc=0x000001f59bdcfedc relative=0x000000000000005c
Event: 26.203 Thread 0x000001f5abf40800 Uncommon trap: reason=bimorphic_or_optimized_type_check action=maybe_recompile pc=0x000001f59bdcfedc method=org.gradle.internal.logging.sink.OutputEventRenderer.onOutput(Lorg/gradle/internal/logging/events/OutputEvent;)V @ 1 c2
Event: 26.203 Thread 0x000001f5abf40800 DEOPT PACKING pc=0x000001f59bdcfedc sp=0x0000002b4eefe630
Event: 26.203 Thread 0x000001f5abf40800 DEOPT UNPACKING pc=0x000001f593d7a1af sp=0x0000002b4eefe5e8 mode 2

Classes redefined (0 events):
No events

Internal exceptions (20 events):
Event: 24.724 Thread 0x000001f5ad8b9000 Exception <a 'java/lang/ClassNotFoundException'{0x00000000aa767a68}: org/gradle/process/internal/DefaultExecActionBeanInfo> (0x00000000aa767a68) thrown at [./src/hotspot/share/classfile/systemDictionary.cpp, line 231]
Event: 24.726 Thread 0x000001f5ad8b9000 Exception <a 'java/lang/ClassNotFoundException'{0x00000000aa79bcb8}: org/gradle/process/internal/DefaultExecHandleBuilderBeanInfo> (0x00000000aa79bcb8) thrown at [./src/hotspot/share/classfile/systemDictionary.cpp, line 231]
Event: 24.729 Thread 0x000001f5ad8b9000 Exception <a 'java/lang/ClassNotFoundException'{0x00000000aa7d08f8}: org/gradle/process/internal/AbstractExecHandleBuilderBeanInfo> (0x00000000aa7d08f8) thrown at [./src/hotspot/share/classfile/systemDictionary.cpp, line 231]
Event: 24.731 Thread 0x000001f5ad8b9000 Exception <a 'java/lang/ClassNotFoundException'{0x00000000aa605ed0}: org/gradle/process/internal/DefaultProcessForkOptionsBeanInfo> (0x00000000aa605ed0) thrown at [./src/hotspot/share/classfile/systemDictionary.cpp, line 231]
Event: 24.732 Thread 0x000001f5ad8b9000 Exception <a 'java/lang/ClassNotFoundException'{0x00000000aa63b848}: org/gradle/process/internal/DefaultProcessForkOptionsCustomizer> (0x00000000aa63b848) thrown at [./src/hotspot/share/classfile/systemDictionary.cpp, line 231]
Event: 24.735 Thread 0x000001f5ad8b9000 Exception <a 'java/lang/ClassNotFoundException'{0x00000000aa67d7d8}: org/gradle/process/internal/AbstractExecHandleBuilderCustomizer> (0x00000000aa67d7d8) thrown at [./src/hotspot/share/classfile/systemDictionary.cpp, line 231]
Event: 24.738 Thread 0x000001f5ad8b9000 Exception <a 'java/lang/ClassNotFoundException'{0x00000000aa6c3be8}: org/gradle/process/internal/DefaultExecHandleBuilderCustomizer> (0x00000000aa6c3be8) thrown at [./src/hotspot/share/classfile/systemDictionary.cpp, line 231]
Event: 24.741 Thread 0x000001f5ad8b9000 Exception <a 'java/lang/ClassNotFoundException'{0x00000000aa5224c8}: org/gradle/process/internal/DefaultExecActionCustomizer> (0x00000000aa5224c8) thrown at [./src/hotspot/share/classfile/systemDictionary.cpp, line 231]
Event: 24.742 Thread 0x000001f5ad8b9000 Exception <a 'java/lang/ClassNotFoundException'{0x00000000aa55fc30}: org/gradle/process/internal/DefaultExecAction_DecoratedCustomizer> (0x00000000aa55fc30) thrown at [./src/hotspot/share/classfile/systemDictionary.cpp, line 231]
Event: 24.746 Thread 0x000001f5ad8b9000 Exception <a 'java/lang/ClassNotFoundException'{0x00000000aa5bb408}: org/gradle/api/logging/LogLevelBeanInfo> (0x00000000aa5bb408) thrown at [./src/hotspot/share/classfile/systemDictionary.cpp, line 231]
Event: 24.747 Thread 0x000001f5ad8b9000 Exception <a 'java/lang/ClassNotFoundException'{0x00000000aa5e6e88}: org/gradle/api/logging/LogLevelCustomizer> (0x00000000aa5e6e88) thrown at [./src/hotspot/share/classfile/systemDictionary.cpp, line 231]
Event: 24.757 Thread 0x000001f5ad8b9000 Exception <a 'java/lang/ClassNotFoundException'{0x00000000aa45c7d8}: org/gradle/internal/logging/services/DefaultLoggingManagerBeanInfo> (0x00000000aa45c7d8) thrown at [./src/hotspot/share/classfile/systemDictionary.cpp, line 231]
Event: 24.771 Thread 0x000001f5ad8b9000 Exception <a 'java/lang/ClassNotFoundException'{0x00000000aa492190}: org/gradle/internal/logging/services/DefaultLoggingManagerCustomizer> (0x00000000aa492190) thrown at [./src/hotspot/share/classfile/systemDictionary.cpp, line 231]
Event: 24.777 Thread 0x000001f5ad8b9000 Exception <a 'java/lang/ClassNotFoundException'{0x00000000aa4cdfa0}: java/lang/BooleanBeanInfo> (0x00000000aa4cdfa0) thrown at [./src/hotspot/share/classfile/systemDictionary.cpp, line 231]
Event: 24.777 Thread 0x000001f5ad8b9000 Exception <a 'java/lang/ClassNotFoundException'{0x00000000aa4d8c80}: java/lang/BooleanCustomizer> (0x00000000aa4d8c80) thrown at [./src/hotspot/share/classfile/systemDictionary.cpp, line 231]
Event: 24.813 Thread 0x000001f5abf3e800 Exception <a 'java/lang/NoSuchMethodError'{0x00000000aa343fe8}: 'void java.lang.invoke.DirectMethodHandle$Holder.invokeStatic(java.lang.Object, long)'> (0x00000000aa343fe8) thrown at [./src/hotspot/share/interpreter/linkResolver.cpp, line 773]
Event: 24.813 Thread 0x000001f5abf3e800 Exception <a 'java/lang/NoSuchMethodError'{0x00000000aa34a8a8}: 'java.lang.Object java.lang.invoke.DirectMethodHandle$Holder.invokeStatic(java.lang.Object, long)'> (0x00000000aa34a8a8) thrown at [./src/hotspot/share/interpreter/linkResolver.cpp, line 773]
Event: 24.817 Thread 0x000001f5abf3e800 Exception <a 'java/lang/NoSuchMethodError'{0x00000000aa358ba8}: 'java.lang.Object java.lang.invoke.DirectMethodHandle$Holder.invokeStaticInit(java.lang.Object, java.lang.Object, long, java.lang.Object)'> (0x00000000aa358ba8) thrown at [./src/hotspot/share/interpreter/linkResolver.cpp, line 773]
Event: 24.818 Thread 0x000001f5abf3e800 Exception <a 'java/lang/NoSuchMethodError'{0x00000000aa35ea98}: 'java.lang.Object java.lang.invoke.DirectMethodHandle$Holder.invokeStatic(java.lang.Object, java.lang.Object, long)'> (0x00000000aa35ea98) thrown at [./src/hotspot/share/interpreter/linkResolver.cpp, line 773]
Event: 24.818 Thread 0x000001f5abf3e800 Exception <a 'java/lang/NoSuchMethodError'{0x00000000aa364d68}: 'java.lang.Object java.lang.invoke.Invokers$Holder.linkToTargetMethod(java.lang.Object, long, java.lang.Object)'> (0x00000000aa364d68) thrown at [./src/hotspot/share/interpreter/linkResolver.cpp, line 773]

Events (20 events):
Event: 24.819 loading class java/lang/Process$PipeInputStream
Event: 24.819 loading class java/lang/Process$PipeInputStream done
Event: 24.819 Executing VM operation: Deoptimize
Event: 24.821 Executing VM operation: Deoptimize done
Event: 24.823 loading class org/gradle/process/internal/streams/ExecOutputHandleRunner
Event: 24.823 loading class org/gradle/process/internal/streams/ExecOutputHandleRunner done
Event: 24.826 Thread 0x000001f5abf40800 Thread added: 0x000001f5abf40800
Event: 24.826 Thread 0x000001f5abf3a800 Thread added: 0x000001f5abf3a800
Event: 26.200 loading class org/gradle/internal/logging/events/StyledTextOutputEvent$Span
Event: 26.200 loading class org/gradle/internal/logging/events/StyledTextOutputEvent$Span done
Event: 26.200 loading class org/gradle/internal/logging/events/operations/StyledTextBuildOperationProgressDetails$Span
Event: 26.200 loading class org/gradle/internal/logging/events/operations/StyledTextBuildOperationProgressDetails$Span done
Event: 26.201 loading class org/gradle/internal/operations/logging/StyledTextBuildOperationProgressDetails$Span
Event: 26.201 loading class org/gradle/internal/operations/logging/StyledTextBuildOperationProgressDetails$Span done
Event: 26.201 Executing VM operation: RevokeBias
Event: 26.201 Executing VM operation: RevokeBias done
Event: 26.201 Executing VM operation: RevokeBias
Event: 26.201 Executing VM operation: RevokeBias done
Event: 26.202 Thread 0x000001f5af93d800 Thread exited: 0x000001f5af93d800
Event: 26.202 Thread 0x000001f5b46cb000 Thread exited: 0x000001f5b46cb000


Dynamic libraries:
0x00007ff7c1520000 - 0x00007ff7c152a000 	C:\Program Files\Android\Android Studio4\jre\bin\java.exe
0x00007ffc56640000 - 0x00007ffc56849000 	C:\WINDOWS\SYSTEM32\ntdll.dll
0x00007ffc556d0000 - 0x00007ffc5578d000 	C:\WINDOWS\System32\KERNEL32.DLL
0x00007ffc53db0000 - 0x00007ffc54129000 	C:\WINDOWS\System32\KERNELBASE.dll
0x00007ffc53ba0000 - 0x00007ffc53cb1000 	C:\WINDOWS\System32\ucrtbase.dll
0x00007ffc3fc50000 - 0x00007ffc3fc69000 	C:\Program Files\Android\Android Studio4\jre\bin\jli.dll
0x00007ffc3fb50000 - 0x00007ffc3fb67000 	C:\Program Files\Android\Android Studio4\jre\bin\VCRUNTIME140.dll
0x00007ffc55120000 - 0x00007ffc552cc000 	C:\WINDOWS\System32\USER32.dll
0x00007ffc53d80000 - 0x00007ffc53da6000 	C:\WINDOWS\System32\win32u.dll
0x00007ffc3bab0000 - 0x00007ffc3bd55000 	C:\WINDOWS\WinSxS\amd64_microsoft.windows.common-controls_6595b64144ccf1df_6.0.22000.120_none_9d947278b86cc467\COMCTL32.dll
0x00007ffc552d0000 - 0x00007ffc55373000 	C:\WINDOWS\System32\msvcrt.dll
0x00007ffc55930000 - 0x00007ffc55959000 	C:\WINDOWS\System32\GDI32.dll
0x00007ffc543b0000 - 0x00007ffc544c2000 	C:\WINDOWS\System32\gdi32full.dll
0x00007ffc54130000 - 0x00007ffc541cd000 	C:\WINDOWS\System32\msvcp_win.dll
0x00007ffc550e0000 - 0x00007ffc55111000 	C:\WINDOWS\System32\IMM32.DLL
0x00007ffc24940000 - 0x00007ffc249dd000 	C:\Program Files\Android\Android Studio4\jre\bin\msvcp140.dll
0x00007ffc0d490000 - 0x00007ffc0df75000 	C:\Program Files\Android\Android Studio4\jre\bin\server\jvm.dll
0x00007ffc55880000 - 0x00007ffc5592e000 	C:\WINDOWS\System32\ADVAPI32.dll
0x00007ffc54530000 - 0x00007ffc545ce000 	C:\WINDOWS\System32\sechost.dll
0x00007ffc55d10000 - 0x00007ffc55e30000 	C:\WINDOWS\System32\RPCRT4.dll
0x00007ffc550d0000 - 0x00007ffc550d8000 	C:\WINDOWS\System32\PSAPI.DLL
0x00007ffc4f0f0000 - 0x00007ffc4f0f9000 	C:\WINDOWS\SYSTEM32\WSOCK32.dll
0x00007ffc4cf20000 - 0x00007ffc4cf53000 	C:\WINDOWS\SYSTEM32\WINMM.dll
0x00007ffc4c460000 - 0x00007ffc4c46a000 	C:\WINDOWS\SYSTEM32\VERSION.dll
0x00007ffc55660000 - 0x00007ffc556cf000 	C:\WINDOWS\System32\WS2_32.dll
0x00007ffc52ca0000 - 0x00007ffc52cb8000 	C:\WINDOWS\SYSTEM32\kernel.appcore.dll
0x00007ffc3c930000 - 0x00007ffc3c941000 	C:\Program Files\Android\Android Studio4\jre\bin\verify.dll
0x00007ffc51800000 - 0x00007ffc51a21000 	C:\WINDOWS\SYSTEM32\DBGHELP.DLL
0x00007ffc2e900000 - 0x00007ffc2e931000 	C:\WINDOWS\SYSTEM32\dbgcore.DLL
0x00007ffc53b20000 - 0x00007ffc53b9f000 	C:\WINDOWS\System32\bcryptPrimitives.dll
0x00007ffc3c5d0000 - 0x00007ffc3c5f9000 	C:\Program Files\Android\Android Studio4\jre\bin\java.dll
0x00007ffc4f050000 - 0x00007ffc4f05b000 	C:\Program Files\Android\Android Studio4\jre\bin\jimage.dll
0x00007ffc3b800000 - 0x00007ffc3b818000 	C:\Program Files\Android\Android Studio4\jre\bin\zip.dll
0x00007ffc54910000 - 0x00007ffc550c8000 	C:\WINDOWS\System32\SHELL32.dll
0x00007ffc51c90000 - 0x00007ffc524f7000 	C:\WINDOWS\SYSTEM32\windows.storage.dll
0x00007ffc55990000 - 0x00007ffc55d09000 	C:\WINDOWS\System32\combase.dll
0x00007ffc51b20000 - 0x00007ffc51c86000 	C:\WINDOWS\SYSTEM32\wintypes.dll
0x00007ffc55790000 - 0x00007ffc5587a000 	C:\WINDOWS\System32\SHCORE.dll
0x00007ffc544d0000 - 0x00007ffc5452d000 	C:\WINDOWS\System32\shlwapi.dll
0x00007ffc53a50000 - 0x00007ffc53a71000 	C:\WINDOWS\SYSTEM32\profapi.dll
0x00007ffc3b7e0000 - 0x00007ffc3b7fa000 	C:\Program Files\Android\Android Studio4\jre\bin\net.dll
0x00007ffc4c5b0000 - 0x00007ffc4c6bc000 	C:\WINDOWS\SYSTEM32\WINHTTP.dll
0x00007ffc53140000 - 0x00007ffc531a7000 	C:\WINDOWS\system32\mswsock.dll
0x00007ffc3b130000 - 0x00007ffc3b144000 	C:\Program Files\Android\Android Studio4\jre\bin\nio.dll
0x00007ffc3fb20000 - 0x00007ffc3fb47000 	C:\Users\ahmed\.gradle\native\e1d6ef7f7dcc3fd88c89a11ec53ec762bb8ba0a96d01ffa2cd45eb1d1d8dd5c5\windows-amd64\native-platform.dll
0x00007ffc13770000 - 0x00007ffc138b4000 	C:\Users\ahmed\.gradle\native\0d407fdbe67a94daf76414ababcb853783967236a71b16ec16e742cd7a986fd3\windows-amd64\native-platform-file-events.dll
0x00007ffc4d370000 - 0x00007ffc4d37a000 	C:\Program Files\Android\Android Studio4\jre\bin\management.dll
0x00007ffc3f960000 - 0x00007ffc3f96d000 	C:\Program Files\Android\Android Studio4\jre\bin\management_ext.dll
0x00007ffc53380000 - 0x00007ffc53398000 	C:\WINDOWS\SYSTEM32\CRYPTSP.dll
0x00007ffc52c00000 - 0x00007ffc52c35000 	C:\WINDOWS\system32\rsaenh.dll
0x00007ffc53230000 - 0x00007ffc53259000 	C:\WINDOWS\SYSTEM32\USERENV.dll
0x00007ffc53500000 - 0x00007ffc53527000 	C:\WINDOWS\SYSTEM32\bcrypt.dll
0x00007ffc533a0000 - 0x00007ffc533ac000 	C:\WINDOWS\SYSTEM32\CRYPTBASE.dll
0x00007ffc52790000 - 0x00007ffc527bd000 	C:\WINDOWS\SYSTEM32\IPHLPAPI.DLL
0x00007ffc553f0000 - 0x00007ffc553f9000 	C:\WINDOWS\System32\NSI.dll
0x00007ffc4c400000 - 0x00007ffc4c419000 	C:\WINDOWS\SYSTEM32\dhcpcsvc6.DLL
0x00007ffc4d1a0000 - 0x00007ffc4d1be000 	C:\WINDOWS\SYSTEM32\dhcpcsvc.DLL
0x00007ffc527c0000 - 0x00007ffc528a8000 	C:\WINDOWS\SYSTEM32\DNSAPI.dll

dbghelp: loaded successfully - version: 4.0.5 - missing functions: none
symbol engine: initialized successfully - sym options: 0x614 - pdb path: .;C:\Program Files\Android\Android Studio4\jre\bin;C:\WINDOWS\SYSTEM32;C:\WINDOWS\WinSxS\amd64_microsoft.windows.common-controls_6595b64144ccf1df_6.0.22000.120_none_9d947278b86cc467;C:\Program Files\Android\Android Studio4\jre\bin\server;C:\Users\ahmed\.gradle\native\e1d6ef7f7dcc3fd88c89a11ec53ec762bb8ba0a96d01ffa2cd45eb1d1d8dd5c5\windows-amd64;C:\Users\ahmed\.gradle\native\0d407fdbe67a94daf76414ababcb853783967236a71b16ec16e742cd7a986fd3\windows-amd64

VM Arguments:
jvm_args: --add-opens=java.base/java.util=ALL-UNNAMED --add-opens=java.base/java.lang=ALL-UNNAMED --add-opens=java.base/java.lang.invoke=ALL-UNNAMED --add-opens=java.base/java.util=ALL-UNNAMED --add-opens=java.prefs/java.util.prefs=ALL-UNNAMED --add-opens=java.prefs/java.util.prefs=ALL-UNNAMED --add-opens=java.base/java.nio.charset=ALL-UNNAMED --add-opens=java.base/java.net=ALL-UNNAMED --add-opens=java.base/java.util.concurrent.atomic=ALL-UNNAMED -Xmx1536M -Dfile.encoding=windows-1256 -Duser.country=US -Duser.language=en -Duser.variant 
java_command: org.gradle.launcher.daemon.bootstrap.GradleDaemon 7.4
java_class_path (initial): C:\Users\ahmed\.gradle\wrapper\dists\gradle-7.4-all\aadb4xli5jkdsnukm30eibyiu\gradle-7.4\lib\gradle-launcher-7.4.jar
Launcher Type: SUN_STANDARD

[Global flags]
     intx CICompilerCount                          = 4                                         {product} {ergonomic}
     uint ConcGCThreads                            = 2                                         {product} {ergonomic}
     uint G1ConcRefinementThreads                  = 8                                         {product} {ergonomic}
   size_t G1HeapRegionSize                         = 1048576                                   {product} {ergonomic}
    uintx GCDrainStackTargetSize                   = 64                                        {product} {ergonomic}
   size_t InitialHeapSize                          = 266338304                                 {product} {ergonomic}
   size_t MarkStackSize                            = 4194304                                   {product} {ergonomic}
   size_t MaxHeapSize                              = 1610612736                                {product} {command line}
   size_t MaxNewSize                               = 965738496                                 {product} {ergonomic}
   size_t MinHeapDeltaBytes                        = 1048576                                   {product} {ergonomic}
    uintx NonNMethodCodeHeapSize                   = 5836300                                {pd product} {ergonomic}
    uintx NonProfiledCodeHeapSize                  = 122910970                              {pd product} {ergonomic}
    uintx ProfiledCodeHeapSize                     = 122910970                              {pd product} {ergonomic}
    uintx ReservedCodeCacheSize                    = 251658240                              {pd product} {ergonomic}
     bool SegmentedCodeCache                       = true                                      {product} {ergonomic}
     bool UseCompressedClassPointers               = true                                 {lp64_product} {ergonomic}
     bool UseCompressedOops                        = true                                 {lp64_product} {ergonomic}
     bool UseG1GC                                  = true                                      {product} {ergonomic}
     bool UseLargePagesIndividualAllocation        = false                                  {pd product} {ergonomic}

Logging:
Log output configuration:
 #0: stdout all=warning uptime,level,tags
 #1: stderr all=off uptime,level,tags

Environment Variables:
JAVA_HOME=C:\Program Files\Android\Android Studio4\jre
CLASSPATH=C:\Users\ahmed\StudioProjects\azkar_app\android\\gradle\wrapper\gradle-wrapper.jar
PATH=C:\WINDOWS\system32;C:\WINDOWS;C:\WINDOWS\System32\Wbem;C:\WINDOWS\System32\WindowsPowerShell\v1.0\;C:\WINDOWS\System32\OpenSSH\;C:\Program Files\Git\cmd;C:\Users\ahmed\AppData\Local\Microsoft\WindowsApps;E:\development\dart-sdk\bin;E:\development\flutter\bin;C:\Users\ahmed\AppData\Local\Programs\Microsoft VS Code\bin;;E:\development\flutter\bin\mingit\cmd
USERNAME=ahmed
OS=Windows_NT
PROCESSOR_IDENTIFIER=Intel64 Family 6 Model 142 Stepping 12, GenuineIntel



---------------  S Y S T E M  ---------------

OS: Windows 10 , 64 bit Build 22000 (10.0.22000.708)
OS uptime: 2 days 17:27 hours

CPU:total 8 (initial active 8) (4 cores per cpu, 2 threads per core) family 6 model 142 stepping 12 microcode 0xec, cmov, cx8, fxsr, mmx, sse, sse2, sse3, ssse3, sse4.1, sse4.2, popcnt, avx, avx2, aes, clmul, erms, 3dnowpref, lzcnt, ht, tsc, tscinvbit, bmi1, bmi2, adx, fma

Memory: 4k page, system-wide physical 16254M (2431M free)
TotalPageFile size 20350M (AvailPageFile size 0M)
current process WorkingSet (physical memory assigned to process): 472M, peak: 527M
current process commit charge ("private bytes"): 543M, peak: 587M

vm_info: OpenJDK 64-Bit Server VM (11.0.12+7-b1504.28-7817840) for windows-amd64 JRE (11.0.12+7-b1504.28-7817840), built on Oct 13 2021 22:12:33 by "builder" with MS VC++ 14.0 (VS2015)

END.
