#
# There is insufficient memory for the Java Runtime Environment to continue.
# Native memory allocation (malloc) failed to allocate 1235376 bytes for Chunk::new
# Possible reasons:
#   The system is out of physical RAM or swap space
#   The process is running with CompressedOops enabled, and the Java Heap may be blocking the growth of the native heap
# Possible solutions:
#   Reduce memory load on the system
#   Increase physical memory or swap space
#   Check if swap backing store is full
#   Decrease Java heap size (-Xmx/-Xms)
#   Decrease number of Java threads
#   Decrease Java thread stack sizes (-Xss)
#   Set larger code cache with -XX:ReservedCodeCacheSize=
#   JVM is running with Unscaled Compressed Oops mode in which the Java heap is
#     placed in the first 4GB address space. The Java Heap base address is the
#     maximum limit for the native heap growth. Please use -XX:HeapBaseMinAddress
#     to set the Java Heap base and to place the Java Heap above 4GB virtual address.
# This output file may be truncated or incomplete.
#
#  Out of Memory Error (./src/hotspot/share/memory/arena.cpp:197), pid=12028, tid=8868
#
# JRE version: OpenJDK Runtime Environment (11.0.12+7) (build 11.0.12+7-b1504.28-7817840)
# Java VM: OpenJDK 64-Bit Server VM (11.0.12+7-b1504.28-7817840, mixed mode, tiered, compressed oops, g1 gc, windows-amd64)
# No core dump will be written. Minidumps are not enabled by default on client versions of Windows
#

---------------  S U M M A R Y ------------

Command Line: --add-opens=java.base/java.util=ALL-UNNAMED --add-opens=java.base/java.lang=ALL-UNNAMED --add-opens=java.base/java.lang.invoke=ALL-UNNAMED --add-opens=java.base/java.util=ALL-UNNAMED --add-opens=java.prefs/java.util.prefs=ALL-UNNAMED --add-opens=java.prefs/java.util.prefs=ALL-UNNAMED --add-opens=java.base/java.nio.charset=ALL-UNNAMED --add-opens=java.base/java.net=ALL-UNNAMED --add-opens=java.base/java.util.concurrent.atomic=ALL-UNNAMED -Xmx1536M -Dfile.encoding=windows-1256 -Duser.country=US -Duser.language=en -Duser.variant org.gradle.launcher.daemon.bootstrap.GradleDaemon 7.4

Host: Intel(R) Core(TM) i7-8565U CPU @ 1.80GHz, 8 cores, 15G,  Windows 10 , 64 bit Build 22000 (10.0.22000.708)
Time: Sat Jul 23 04:49:25 2022 West Bank Gaza Standard Time elapsed time: 8.642923 seconds (0d 0h 0m 8s)

---------------  T H R E A D  ---------------

Current thread (0x00000265fd45a800):  JavaThread "C2 CompilerThread0" daemon [_thread_in_native, id=8868, stack(0x0000009b32700000,0x0000009b32800000)]


Current CompileTask:
C2:   8643 2580   !   4       java.lang.reflect.Executable::declaredAnnotations (85 bytes)

Stack: [0x0000009b32700000,0x0000009b32800000]
Native frames: (J=compiled Java code, j=interpreted, Vv=VM code, C=native code)
V  [jvm.dll+0x5fbcea]
V  [jvm.dll+0x731905]
V  [jvm.dll+0x732f1d]
V  [jvm.dll+0x7335d3]
V  [jvm.dll+0x247bf8]
V  [jvm.dll+0xc018c]
V  [jvm.dll+0xc06cc]
V  [jvm.dll+0x35b2db]
V  [jvm.dll+0x328803]
V  [jvm.dll+0x327cfa]
V  [jvm.dll+0x200602]
V  [jvm.dll+0x1ff794]
V  [jvm.dll+0x18868c]
V  [jvm.dll+0x20e0d7]
V  [jvm.dll+0x20c901]
V  [jvm.dll+0x6f9b7f]
V  [jvm.dll+0x6f26a5]
V  [jvm.dll+0x5fabf6]
C  [ucrtbase.dll+0x26c0c]
C  [KERNEL32.DLL+0x154e0]
C  [ntdll.dll+0x485b]


---------------  P R O C E S S  ---------------

Threads class SMR info:
_java_thread_list=0x00000265fe7bc550, length=31, elements={
0x00000265e3a00000, 0x00000265fd3cf800, 0x00000265fd3d2000, 0x00000265fd451800,
0x00000265fd454000, 0x00000265fd455000, 0x00000265fd45a800, 0x00000265fd45e800,
0x00000265fd4b5800, 0x00000265fd5e6800, 0x00000265805f9000, 0x00000265818b1800,
0x00000265803bd000, 0x00000265817a0800, 0x00000265fef90000, 0x00000265fe8a1800,
0x00000265fe8a2800, 0x0000026581512000, 0x0000026581513000, 0x0000026580284800,
0x0000026580283000, 0x0000026580285800, 0x0000026580281800, 0x0000026580283800,
0x0000026580286000, 0x0000026580280800, 0x0000026580287000, 0x0000026580282000,
0x0000026580da0800, 0x0000026580da1800, 0x00000265812aa000
}

Java Threads: ( => current thread )
  0x00000265e3a00000 JavaThread "main" [_thread_blocked, id=19648, stack(0x0000009b31b00000,0x0000009b31c00000)]
  0x00000265fd3cf800 JavaThread "Reference Handler" daemon [_thread_blocked, id=22052, stack(0x0000009b32200000,0x0000009b32300000)]
  0x00000265fd3d2000 JavaThread "Finalizer" daemon [_thread_blocked, id=12064, stack(0x0000009b32300000,0x0000009b32400000)]
  0x00000265fd451800 JavaThread "Signal Dispatcher" daemon [_thread_blocked, id=10824, stack(0x0000009b32400000,0x0000009b32500000)]
  0x00000265fd454000 JavaThread "Attach Listener" daemon [_thread_blocked, id=11076, stack(0x0000009b32500000,0x0000009b32600000)]
  0x00000265fd455000 JavaThread "Service Thread" daemon [_thread_blocked, id=11792, stack(0x0000009b32600000,0x0000009b32700000)]
=>0x00000265fd45a800 JavaThread "C2 CompilerThread0" daemon [_thread_in_native, id=8868, stack(0x0000009b32700000,0x0000009b32800000)]
  0x00000265fd45e800 JavaThread "C1 CompilerThread0" daemon [_thread_blocked, id=12392, stack(0x0000009b32800000,0x0000009b32900000)]
  0x00000265fd4b5800 JavaThread "Sweeper thread" daemon [_thread_blocked, id=13316, stack(0x0000009b32900000,0x0000009b32a00000)]
  0x00000265fd5e6800 JavaThread "Common-Cleaner" daemon [_thread_blocked, id=7320, stack(0x0000009b32a00000,0x0000009b32b00000)]
  0x00000265805f9000 JavaThread "Daemon health stats" [_thread_blocked, id=22316, stack(0x0000009b33300000,0x0000009b33400000)]
  0x00000265818b1800 JavaThread "Incoming local TCP Connector on port 64919" [_thread_in_native, id=12368, stack(0x0000009b32c00000,0x0000009b32d00000)]
  0x00000265803bd000 JavaThread "Daemon periodic checks" [_thread_blocked, id=23348, stack(0x0000009b33200000,0x0000009b33300000)]
  0x00000265817a0800 JavaThread "Daemon" [_thread_blocked, id=564, stack(0x0000009b33400000,0x0000009b33500000)]
  0x00000265fef90000 JavaThread "Handler for socket connection from /127.0.0.1:64919 to /127.0.0.1:64921" [_thread_in_native, id=22684, stack(0x0000009b33500000,0x0000009b33600000)]
  0x00000265fe8a1800 JavaThread "Cancel handler" [_thread_blocked, id=8196, stack(0x0000009b33600000,0x0000009b33700000)]
  0x00000265fe8a2800 JavaThread "Daemon worker" [_thread_in_vm, id=1172, stack(0x0000009b33700000,0x0000009b33800000)]
  0x0000026581512000 JavaThread "Asynchronous log dispatcher for DefaultDaemonConnection: socket connection from /127.0.0.1:64919 to /127.0.0.1:64921" [_thread_blocked, id=17812, stack(0x0000009b33800000,0x0000009b33900000)]
  0x0000026581513000 JavaThread "Stdin handler" [_thread_blocked, id=5440, stack(0x0000009b33900000,0x0000009b33a00000)]
  0x0000026580284800 JavaThread "Daemon client event forwarder" [_thread_blocked, id=4776, stack(0x0000009b33a00000,0x0000009b33b00000)]
  0x0000026580283000 JavaThread "Cache worker for journal cache (C:\Users\ahmed\.gradle\caches\journal-1)" [_thread_blocked, id=14744, stack(0x0000009b33d00000,0x0000009b33e00000)]
  0x0000026580285800 JavaThread "File lock request listener" [_thread_in_native, id=10264, stack(0x0000009b33e00000,0x0000009b33f00000)]
  0x0000026580281800 JavaThread "Cache worker for file hash cache (C:\Users\ahmed\.gradle\caches\7.4\fileHashes)" [_thread_blocked, id=20592, stack(0x0000009b33f00000,0x0000009b34000000)]
  0x0000026580283800 JavaThread "File watcher server" daemon [_thread_in_native, id=17712, stack(0x0000009b34200000,0x0000009b34300000)]
  0x0000026580286000 JavaThread "File watcher consumer" daemon [_thread_blocked, id=23084, stack(0x0000009b34300000,0x0000009b34400000)]
  0x0000026580280800 JavaThread "Cache worker for checksums cache (C:\Users\ahmed\StudioProjects\azkar_app\android\.gradle\7.4\checksums)" [_thread_blocked, id=21752, stack(0x0000009b34400000,0x0000009b34500000)]
  0x0000026580287000 JavaThread "Cache worker for cache directory md-rule (C:\Users\ahmed\.gradle\caches\7.4\md-rule)" [_thread_blocked, id=15332, stack(0x0000009b34500000,0x0000009b34600000)]
  0x0000026580282000 JavaThread "Cache worker for file hash cache (C:\Users\ahmed\StudioProjects\azkar_app\android\.gradle\7.4\fileHashes)" [_thread_blocked, id=22420, stack(0x0000009b34600000,0x0000009b34700000)]
  0x0000026580da0800 JavaThread "Cache worker for cache directory md-supplier (C:\Users\ahmed\.gradle\caches\7.4\md-supplier)" [_thread_blocked, id=23188, stack(0x0000009b34700000,0x0000009b34800000)]
  0x0000026580da1800 JavaThread "Cache worker for execution history cache (C:\Users\ahmed\.gradle\caches\7.4\executionHistory)" [_thread_blocked, id=21068, stack(0x0000009b34800000,0x0000009b34900000)]
  0x00000265812aa000 JavaThread "C2 CompilerThread1" daemon [_thread_in_native, id=19008, stack(0x0000009b34100000,0x0000009b34200000)]

Other Threads:
  0x00000265fcbbd000 VMThread "VM Thread" [stack: 0x0000009b32100000,0x0000009b32200000] [id=13516]
  0x00000265fd5e9000 WatcherThread [stack: 0x0000009b32b00000,0x0000009b32c00000] [id=7392]
  0x00000265e3a1b800 GCTaskThread "GC Thread#0" [stack: 0x0000009b31c00000,0x0000009b31d00000] [id=21496]
  0x00000265fe2f7800 GCTaskThread "GC Thread#1" [stack: 0x0000009b32d00000,0x0000009b32e00000] [id=11216]
  0x00000265fe19d800 GCTaskThread "GC Thread#2" [stack: 0x0000009b32e00000,0x0000009b32f00000] [id=2508]
  0x00000265fda4e800 GCTaskThread "GC Thread#3" [stack: 0x0000009b32f00000,0x0000009b33000000] [id=10948]
  0x00000265fe234000 GCTaskThread "GC Thread#4" [stack: 0x0000009b33000000,0x0000009b33100000] [id=4048]
  0x00000265fe214800 GCTaskThread "GC Thread#5" [stack: 0x0000009b33100000,0x0000009b33200000] [id=2104]
  0x0000026580e92800 GCTaskThread "GC Thread#6" [stack: 0x0000009b33b00000,0x0000009b33c00000] [id=16984]
  0x00000265fe4c8800 GCTaskThread "GC Thread#7" [stack: 0x0000009b33c00000,0x0000009b33d00000] [id=22824]
  0x00000265e3a42000 ConcurrentGCThread "G1 Main Marker" [stack: 0x0000009b31d00000,0x0000009b31e00000] [id=11860]
  0x00000265e3a43000 ConcurrentGCThread "G1 Conc#0" [stack: 0x0000009b31e00000,0x0000009b31f00000] [id=9404]
  0x0000026581623000 ConcurrentGCThread "G1 Conc#1" [stack: 0x0000009b34000000,0x0000009b34100000] [id=8736]
  0x00000265e3ade800 ConcurrentGCThread "G1 Refine#0" [stack: 0x0000009b31f00000,0x0000009b32000000] [id=6832]
  0x00000265fca33000 ConcurrentGCThread "G1 Young RemSet Sampling" [stack: 0x0000009b32000000,0x0000009b32100000] [id=2524]

Threads with active compile tasks:
C2 CompilerThread0   8677 2580   !   4       java.lang.reflect.Executable::declaredAnnotations (85 bytes)
C2 CompilerThread1   8678 2620       4       java.io.DataInputStream::readUTF (501 bytes)

VM state:not at safepoint (normal execution)

VM Mutex/Monitor currently owned by a thread: None

Heap address: 0x00000000a0000000, size: 1536 MB, Compressed Oops mode: 32-bit
Narrow klass base: 0x0000000000000000, Narrow klass shift: 3
Compressed class space size: 1073741824 Address: 0x0000000100000000

Heap:
 garbage-first heap   total 260096K, used 54518K [0x00000000a0000000, 0x0000000100000000)
  region size 1024K, 39 young (39936K), 4 survivors (4096K)
 Metaspace       used 31637K, capacity 32329K, committed 32512K, reserved 1077248K
  class space    used 4215K, capacity 4494K, committed 4608K, reserved 1048576K
Heap Regions: E=young(eden), S=young(survivor), O=old, HS=humongous(starts), HC=humongous(continues), CS=collection set, F=free, A=archive, TAMS=top-at-mark-start (previous, next)
|   0|0x00000000a0000000, 0x00000000a0100000, 0x00000000a0100000|100%| O|  |TAMS 0x00000000a0100000, 0x00000000a0000000| Untracked 
|   1|0x00000000a0100000, 0x00000000a0200000, 0x00000000a0200000|100%| O|  |TAMS 0x00000000a0200000, 0x00000000a0100000| Untracked 
|   2|0x00000000a0200000, 0x00000000a0300000, 0x00000000a0300000|100%| O|  |TAMS 0x00000000a0300000, 0x00000000a0200000| Untracked 
|   3|0x00000000a0300000, 0x00000000a0400000, 0x00000000a0400000|100%|HS|  |TAMS 0x00000000a0400000, 0x00000000a0300000| Complete 
|   4|0x00000000a0400000, 0x00000000a0500000, 0x00000000a0500000|100%|HC|  |TAMS 0x00000000a0500000, 0x00000000a0400000| Complete 
|   5|0x00000000a0500000, 0x00000000a0600000, 0x00000000a0600000|100%|HC|  |TAMS 0x00000000a0600000, 0x00000000a0500000| Complete 
|   6|0x00000000a0600000, 0x00000000a0700000, 0x00000000a0700000|100%| O|  |TAMS 0x00000000a0700000, 0x00000000a0600000| Untracked 
|   7|0x00000000a0700000, 0x00000000a0800000, 0x00000000a0800000|100%| O|  |TAMS 0x00000000a0800000, 0x00000000a0700000| Untracked 
|   8|0x00000000a0800000, 0x00000000a0900000, 0x00000000a0900000|100%| O|  |TAMS 0x00000000a0900000, 0x00000000a0800000| Untracked 
|   9|0x00000000a0900000, 0x00000000a0a00000, 0x00000000a0a00000|100%| O|  |TAMS 0x00000000a0a00000, 0x00000000a0900000| Untracked 
|  10|0x00000000a0a00000, 0x00000000a0b00000, 0x00000000a0b00000|100%| O|  |TAMS 0x00000000a0b00000, 0x00000000a0a00000| Untracked 
|  11|0x00000000a0b00000, 0x00000000a0c00000, 0x00000000a0c00000|100%| O|  |TAMS 0x00000000a0c00000, 0x00000000a0b00000| Untracked 
|  12|0x00000000a0c00000, 0x00000000a0d00000, 0x00000000a0d00000|100%| O|  |TAMS 0x00000000a0d00000, 0x00000000a0c00000| Untracked 
|  13|0x00000000a0d00000, 0x00000000a0e00000, 0x00000000a0e00000|100%| O|  |TAMS 0x00000000a0e00000, 0x00000000a0d00000| Untracked 
|  14|0x00000000a0e00000, 0x00000000a0f00000, 0x00000000a0f00000|100%| O|  |TAMS 0x00000000a0f00000, 0x00000000a0e00000| Untracked 
|  15|0x00000000a0f00000, 0x00000000a0fed000, 0x00000000a1000000| 92%| O|  |TAMS 0x00000000a0fed000, 0x00000000a0f00000| Untracked 
|  16|0x00000000a1000000, 0x00000000a1000000, 0x00000000a1100000|  0%| F|  |TAMS 0x00000000a1000000, 0x00000000a1000000| Untracked 
|  17|0x00000000a1100000, 0x00000000a1100000, 0x00000000a1200000|  0%| F|  |TAMS 0x00000000a1100000, 0x00000000a1100000| Untracked 
|  18|0x00000000a1200000, 0x00000000a1200000, 0x00000000a1300000|  0%| F|  |TAMS 0x00000000a1200000, 0x00000000a1200000| Untracked 
|  19|0x00000000a1300000, 0x00000000a1300000, 0x00000000a1400000|  0%| F|  |TAMS 0x00000000a1300000, 0x00000000a1300000| Untracked 
|  20|0x00000000a1400000, 0x00000000a1400000, 0x00000000a1500000|  0%| F|  |TAMS 0x00000000a1400000, 0x00000000a1400000| Untracked 
|  21|0x00000000a1500000, 0x00000000a1500000, 0x00000000a1600000|  0%| F|  |TAMS 0x00000000a1500000, 0x00000000a1500000| Untracked 
|  22|0x00000000a1600000, 0x00000000a1600000, 0x00000000a1700000|  0%| F|  |TAMS 0x00000000a1600000, 0x00000000a1600000| Untracked 
|  23|0x00000000a1700000, 0x00000000a1700000, 0x00000000a1800000|  0%| F|  |TAMS 0x00000000a1700000, 0x00000000a1700000| Untracked 
|  24|0x00000000a1800000, 0x00000000a1800000, 0x00000000a1900000|  0%| F|  |TAMS 0x00000000a1800000, 0x00000000a1800000| Untracked 
|  25|0x00000000a1900000, 0x00000000a1900000, 0x00000000a1a00000|  0%| F|  |TAMS 0x00000000a1900000, 0x00000000a1900000| Untracked 
|  26|0x00000000a1a00000, 0x00000000a1a00000, 0x00000000a1b00000|  0%| F|  |TAMS 0x00000000a1a00000, 0x00000000a1a00000| Untracked 
|  27|0x00000000a1b00000, 0x00000000a1b00000, 0x00000000a1c00000|  0%| F|  |TAMS 0x00000000a1b00000, 0x00000000a1b00000| Untracked 
|  28|0x00000000a1c00000, 0x00000000a1c00000, 0x00000000a1d00000|  0%| F|  |TAMS 0x00000000a1c00000, 0x00000000a1c00000| Untracked 
|  29|0x00000000a1d00000, 0x00000000a1d00000, 0x00000000a1e00000|  0%| F|  |TAMS 0x00000000a1d00000, 0x00000000a1d00000| Untracked 
|  30|0x00000000a1e00000, 0x00000000a1e00000, 0x00000000a1f00000|  0%| F|  |TAMS 0x00000000a1e00000, 0x00000000a1e00000| Untracked 
|  31|0x00000000a1f00000, 0x00000000a1f00000, 0x00000000a2000000|  0%| F|  |TAMS 0x00000000a1f00000, 0x00000000a1f00000| Untracked 
|  32|0x00000000a2000000, 0x00000000a2000000, 0x00000000a2100000|  0%| F|  |TAMS 0x00000000a2000000, 0x00000000a2000000| Untracked 
|  33|0x00000000a2100000, 0x00000000a2100000, 0x00000000a2200000|  0%| F|  |TAMS 0x00000000a2100000, 0x00000000a2100000| Untracked 
|  34|0x00000000a2200000, 0x00000000a2200000, 0x00000000a2300000|  0%| F|  |TAMS 0x00000000a2200000, 0x00000000a2200000| Untracked 
|  35|0x00000000a2300000, 0x00000000a2300000, 0x00000000a2400000|  0%| F|  |TAMS 0x00000000a2300000, 0x00000000a2300000| Untracked 
|  36|0x00000000a2400000, 0x00000000a2400000, 0x00000000a2500000|  0%| F|  |TAMS 0x00000000a2400000, 0x00000000a2400000| Untracked 
|  37|0x00000000a2500000, 0x00000000a2500000, 0x00000000a2600000|  0%| F|  |TAMS 0x00000000a2500000, 0x00000000a2500000| Untracked 
|  38|0x00000000a2600000, 0x00000000a2600000, 0x00000000a2700000|  0%| F|  |TAMS 0x00000000a2600000, 0x00000000a2600000| Untracked 
|  39|0x00000000a2700000, 0x00000000a2700000, 0x00000000a2800000|  0%| F|  |TAMS 0x00000000a2700000, 0x00000000a2700000| Untracked 
|  40|0x00000000a2800000, 0x00000000a2800000, 0x00000000a2900000|  0%| F|  |TAMS 0x00000000a2800000, 0x00000000a2800000| Untracked 
|  41|0x00000000a2900000, 0x00000000a2900000, 0x00000000a2a00000|  0%| F|  |TAMS 0x00000000a2900000, 0x00000000a2900000| Untracked 
|  42|0x00000000a2a00000, 0x00000000a2a00000, 0x00000000a2b00000|  0%| F|  |TAMS 0x00000000a2a00000, 0x00000000a2a00000| Untracked 
|  43|0x00000000a2b00000, 0x00000000a2b00000, 0x00000000a2c00000|  0%| F|  |TAMS 0x00000000a2b00000, 0x00000000a2b00000| Untracked 
|  44|0x00000000a2c00000, 0x00000000a2c00000, 0x00000000a2d00000|  0%| F|  |TAMS 0x00000000a2c00000, 0x00000000a2c00000| Untracked 
|  45|0x00000000a2d00000, 0x00000000a2d00000, 0x00000000a2e00000|  0%| F|  |TAMS 0x00000000a2d00000, 0x00000000a2d00000| Untracked 
|  46|0x00000000a2e00000, 0x00000000a2e00000, 0x00000000a2f00000|  0%| F|  |TAMS 0x00000000a2e00000, 0x00000000a2e00000| Untracked 
|  47|0x00000000a2f00000, 0x00000000a2f00000, 0x00000000a3000000|  0%| F|  |TAMS 0x00000000a2f00000, 0x00000000a2f00000| Untracked 
|  48|0x00000000a3000000, 0x00000000a3000000, 0x00000000a3100000|  0%| F|  |TAMS 0x00000000a3000000, 0x00000000a3000000| Untracked 
|  49|0x00000000a3100000, 0x00000000a3100000, 0x00000000a3200000|  0%| F|  |TAMS 0x00000000a3100000, 0x00000000a3100000| Untracked 
|  50|0x00000000a3200000, 0x00000000a3200000, 0x00000000a3300000|  0%| F|  |TAMS 0x00000000a3200000, 0x00000000a3200000| Untracked 
|  51|0x00000000a3300000, 0x00000000a3300000, 0x00000000a3400000|  0%| F|  |TAMS 0x00000000a3300000, 0x00000000a3300000| Untracked 
|  52|0x00000000a3400000, 0x00000000a3400000, 0x00000000a3500000|  0%| F|  |TAMS 0x00000000a3400000, 0x00000000a3400000| Untracked 
|  53|0x00000000a3500000, 0x00000000a3500000, 0x00000000a3600000|  0%| F|  |TAMS 0x00000000a3500000, 0x00000000a3500000| Untracked 
|  54|0x00000000a3600000, 0x00000000a3600000, 0x00000000a3700000|  0%| F|  |TAMS 0x00000000a3600000, 0x00000000a3600000| Untracked 
|  55|0x00000000a3700000, 0x00000000a3700000, 0x00000000a3800000|  0%| F|  |TAMS 0x00000000a3700000, 0x00000000a3700000| Untracked 
|  56|0x00000000a3800000, 0x00000000a3800000, 0x00000000a3900000|  0%| F|  |TAMS 0x00000000a3800000, 0x00000000a3800000| Untracked 
|  57|0x00000000a3900000, 0x00000000a3900000, 0x00000000a3a00000|  0%| F|  |TAMS 0x00000000a3900000, 0x00000000a3900000| Untracked 
|  58|0x00000000a3a00000, 0x00000000a3a00000, 0x00000000a3b00000|  0%| F|  |TAMS 0x00000000a3a00000, 0x00000000a3a00000| Untracked 
|  59|0x00000000a3b00000, 0x00000000a3b00000, 0x00000000a3c00000|  0%| F|  |TAMS 0x00000000a3b00000, 0x00000000a3b00000| Untracked 
|  60|0x00000000a3c00000, 0x00000000a3c00000, 0x00000000a3d00000|  0%| F|  |TAMS 0x00000000a3c00000, 0x00000000a3c00000| Untracked 
|  61|0x00000000a3d00000, 0x00000000a3d00000, 0x00000000a3e00000|  0%| F|  |TAMS 0x00000000a3d00000, 0x00000000a3d00000| Untracked 
|  62|0x00000000a3e00000, 0x00000000a3e00000, 0x00000000a3f00000|  0%| F|  |TAMS 0x00000000a3e00000, 0x00000000a3e00000| Untracked 
|  63|0x00000000a3f00000, 0x00000000a3f00000, 0x00000000a4000000|  0%| F|  |TAMS 0x00000000a3f00000, 0x00000000a3f00000| Untracked 
|  64|0x00000000a4000000, 0x00000000a4000000, 0x00000000a4100000|  0%| F|  |TAMS 0x00000000a4000000, 0x00000000a4000000| Untracked 
|  65|0x00000000a4100000, 0x00000000a4100000, 0x00000000a4200000|  0%| F|  |TAMS 0x00000000a4100000, 0x00000000a4100000| Untracked 
|  66|0x00000000a4200000, 0x00000000a4200000, 0x00000000a4300000|  0%| F|  |TAMS 0x00000000a4200000, 0x00000000a4200000| Untracked 
|  67|0x00000000a4300000, 0x00000000a4300000, 0x00000000a4400000|  0%| F|  |TAMS 0x00000000a4300000, 0x00000000a4300000| Untracked 
|  68|0x00000000a4400000, 0x00000000a4400000, 0x00000000a4500000|  0%| F|  |TAMS 0x00000000a4400000, 0x00000000a4400000| Untracked 
|  69|0x00000000a4500000, 0x00000000a4500000, 0x00000000a4600000|  0%| F|  |TAMS 0x00000000a4500000, 0x00000000a4500000| Untracked 
|  70|0x00000000a4600000, 0x00000000a4600000, 0x00000000a4700000|  0%| F|  |TAMS 0x00000000a4600000, 0x00000000a4600000| Untracked 
|  71|0x00000000a4700000, 0x00000000a4700000, 0x00000000a4800000|  0%| F|  |TAMS 0x00000000a4700000, 0x00000000a4700000| Untracked 
|  72|0x00000000a4800000, 0x00000000a4800000, 0x00000000a4900000|  0%| F|  |TAMS 0x00000000a4800000, 0x00000000a4800000| Untracked 
|  73|0x00000000a4900000, 0x00000000a4900000, 0x00000000a4a00000|  0%| F|  |TAMS 0x00000000a4900000, 0x00000000a4900000| Untracked 
|  74|0x00000000a4a00000, 0x00000000a4a00000, 0x00000000a4b00000|  0%| F|  |TAMS 0x00000000a4a00000, 0x00000000a4a00000| Untracked 
|  75|0x00000000a4b00000, 0x00000000a4b00000, 0x00000000a4c00000|  0%| F|  |TAMS 0x00000000a4b00000, 0x00000000a4b00000| Untracked 
|  76|0x00000000a4c00000, 0x00000000a4c00000, 0x00000000a4d00000|  0%| F|  |TAMS 0x00000000a4c00000, 0x00000000a4c00000| Untracked 
|  77|0x00000000a4d00000, 0x00000000a4d00000, 0x00000000a4e00000|  0%| F|  |TAMS 0x00000000a4d00000, 0x00000000a4d00000| Untracked 
|  78|0x00000000a4e00000, 0x00000000a4e00000, 0x00000000a4f00000|  0%| F|  |TAMS 0x00000000a4e00000, 0x00000000a4e00000| Untracked 
|  79|0x00000000a4f00000, 0x00000000a4f00000, 0x00000000a5000000|  0%| F|  |TAMS 0x00000000a4f00000, 0x00000000a4f00000| Untracked 
|  80|0x00000000a5000000, 0x00000000a5000000, 0x00000000a5100000|  0%| F|  |TAMS 0x00000000a5000000, 0x00000000a5000000| Untracked 
|  81|0x00000000a5100000, 0x00000000a5100000, 0x00000000a5200000|  0%| F|  |TAMS 0x00000000a5100000, 0x00000000a5100000| Untracked 
|  82|0x00000000a5200000, 0x00000000a5200000, 0x00000000a5300000|  0%| F|  |TAMS 0x00000000a5200000, 0x00000000a5200000| Untracked 
|  83|0x00000000a5300000, 0x00000000a5300000, 0x00000000a5400000|  0%| F|  |TAMS 0x00000000a5300000, 0x00000000a5300000| Untracked 
|  84|0x00000000a5400000, 0x00000000a5400000, 0x00000000a5500000|  0%| F|  |TAMS 0x00000000a5400000, 0x00000000a5400000| Untracked 
|  85|0x00000000a5500000, 0x00000000a5500000, 0x00000000a5600000|  0%| F|  |TAMS 0x00000000a5500000, 0x00000000a5500000| Untracked 
|  86|0x00000000a5600000, 0x00000000a5600000, 0x00000000a5700000|  0%| F|  |TAMS 0x00000000a5600000, 0x00000000a5600000| Untracked 
|  87|0x00000000a5700000, 0x00000000a5700000, 0x00000000a5800000|  0%| F|  |TAMS 0x00000000a5700000, 0x00000000a5700000| Untracked 
|  88|0x00000000a5800000, 0x00000000a5800000, 0x00000000a5900000|  0%| F|  |TAMS 0x00000000a5800000, 0x00000000a5800000| Untracked 
|  89|0x00000000a5900000, 0x00000000a5900000, 0x00000000a5a00000|  0%| F|  |TAMS 0x00000000a5900000, 0x00000000a5900000| Untracked 
|  90|0x00000000a5a00000, 0x00000000a5a00000, 0x00000000a5b00000|  0%| F|  |TAMS 0x00000000a5a00000, 0x00000000a5a00000| Untracked 
|  91|0x00000000a5b00000, 0x00000000a5b00000, 0x00000000a5c00000|  0%| F|  |TAMS 0x00000000a5b00000, 0x00000000a5b00000| Untracked 
|  92|0x00000000a5c00000, 0x00000000a5c00000, 0x00000000a5d00000|  0%| F|  |TAMS 0x00000000a5c00000, 0x00000000a5c00000| Untracked 
|  93|0x00000000a5d00000, 0x00000000a5d00000, 0x00000000a5e00000|  0%| F|  |TAMS 0x00000000a5d00000, 0x00000000a5d00000| Untracked 
|  94|0x00000000a5e00000, 0x00000000a5e00000, 0x00000000a5f00000|  0%| F|  |TAMS 0x00000000a5e00000, 0x00000000a5e00000| Untracked 
|  95|0x00000000a5f00000, 0x00000000a5f00000, 0x00000000a6000000|  0%| F|  |TAMS 0x00000000a5f00000, 0x00000000a5f00000| Untracked 
|  96|0x00000000a6000000, 0x00000000a6000000, 0x00000000a6100000|  0%| F|  |TAMS 0x00000000a6000000, 0x00000000a6000000| Untracked 
|  97|0x00000000a6100000, 0x00000000a6100000, 0x00000000a6200000|  0%| F|  |TAMS 0x00000000a6100000, 0x00000000a6100000| Untracked 
|  98|0x00000000a6200000, 0x00000000a6200000, 0x00000000a6300000|  0%| F|  |TAMS 0x00000000a6200000, 0x00000000a6200000| Untracked 
|  99|0x00000000a6300000, 0x00000000a6300000, 0x00000000a6400000|  0%| F|  |TAMS 0x00000000a6300000, 0x00000000a6300000| Untracked 
| 100|0x00000000a6400000, 0x00000000a6400000, 0x00000000a6500000|  0%| F|  |TAMS 0x00000000a6400000, 0x00000000a6400000| Untracked 
| 101|0x00000000a6500000, 0x00000000a6500000, 0x00000000a6600000|  0%| F|  |TAMS 0x00000000a6500000, 0x00000000a6500000| Untracked 
| 102|0x00000000a6600000, 0x00000000a6600000, 0x00000000a6700000|  0%| F|  |TAMS 0x00000000a6600000, 0x00000000a6600000| Untracked 
| 103|0x00000000a6700000, 0x00000000a6700000, 0x00000000a6800000|  0%| F|  |TAMS 0x00000000a6700000, 0x00000000a6700000| Untracked 
| 104|0x00000000a6800000, 0x00000000a6800000, 0x00000000a6900000|  0%| F|  |TAMS 0x00000000a6800000, 0x00000000a6800000| Untracked 
| 105|0x00000000a6900000, 0x00000000a6900000, 0x00000000a6a00000|  0%| F|  |TAMS 0x00000000a6900000, 0x00000000a6900000| Untracked 
| 106|0x00000000a6a00000, 0x00000000a6a00000, 0x00000000a6b00000|  0%| F|  |TAMS 0x00000000a6a00000, 0x00000000a6a00000| Untracked 
| 107|0x00000000a6b00000, 0x00000000a6b00000, 0x00000000a6c00000|  0%| F|  |TAMS 0x00000000a6b00000, 0x00000000a6b00000| Untracked 
| 108|0x00000000a6c00000, 0x00000000a6c00000, 0x00000000a6d00000|  0%| F|  |TAMS 0x00000000a6c00000, 0x00000000a6c00000| Untracked 
| 109|0x00000000a6d00000, 0x00000000a6d00000, 0x00000000a6e00000|  0%| F|  |TAMS 0x00000000a6d00000, 0x00000000a6d00000| Untracked 
| 110|0x00000000a6e00000, 0x00000000a6e00000, 0x00000000a6f00000|  0%| F|  |TAMS 0x00000000a6e00000, 0x00000000a6e00000| Untracked 
| 111|0x00000000a6f00000, 0x00000000a6f00000, 0x00000000a7000000|  0%| F|  |TAMS 0x00000000a6f00000, 0x00000000a6f00000| Untracked 
| 112|0x00000000a7000000, 0x00000000a7000000, 0x00000000a7100000|  0%| F|  |TAMS 0x00000000a7000000, 0x00000000a7000000| Untracked 
| 113|0x00000000a7100000, 0x00000000a7100000, 0x00000000a7200000|  0%| F|  |TAMS 0x00000000a7100000, 0x00000000a7100000| Untracked 
| 114|0x00000000a7200000, 0x00000000a7200000, 0x00000000a7300000|  0%| F|  |TAMS 0x00000000a7200000, 0x00000000a7200000| Untracked 
| 115|0x00000000a7300000, 0x00000000a7300000, 0x00000000a7400000|  0%| F|  |TAMS 0x00000000a7300000, 0x00000000a7300000| Untracked 
| 116|0x00000000a7400000, 0x00000000a7400000, 0x00000000a7500000|  0%| F|  |TAMS 0x00000000a7400000, 0x00000000a7400000| Untracked 
| 117|0x00000000a7500000, 0x00000000a7500000, 0x00000000a7600000|  0%| F|  |TAMS 0x00000000a7500000, 0x00000000a7500000| Untracked 
| 118|0x00000000a7600000, 0x00000000a7600000, 0x00000000a7700000|  0%| F|  |TAMS 0x00000000a7600000, 0x00000000a7600000| Untracked 
| 119|0x00000000a7700000, 0x00000000a7700000, 0x00000000a7800000|  0%| F|  |TAMS 0x00000000a7700000, 0x00000000a7700000| Untracked 
| 120|0x00000000a7800000, 0x00000000a7800000, 0x00000000a7900000|  0%| F|  |TAMS 0x00000000a7800000, 0x00000000a7800000| Untracked 
| 121|0x00000000a7900000, 0x00000000a7900000, 0x00000000a7a00000|  0%| F|  |TAMS 0x00000000a7900000, 0x00000000a7900000| Untracked 
| 122|0x00000000a7a00000, 0x00000000a7a00000, 0x00000000a7b00000|  0%| F|  |TAMS 0x00000000a7a00000, 0x00000000a7a00000| Untracked 
| 123|0x00000000a7b00000, 0x00000000a7b00000, 0x00000000a7c00000|  0%| F|  |TAMS 0x00000000a7b00000, 0x00000000a7b00000| Untracked 
| 124|0x00000000a7c00000, 0x00000000a7c00000, 0x00000000a7d00000|  0%| F|  |TAMS 0x00000000a7c00000, 0x00000000a7c00000| Untracked 
| 125|0x00000000a7d00000, 0x00000000a7d00000, 0x00000000a7e00000|  0%| F|  |TAMS 0x00000000a7d00000, 0x00000000a7d00000| Untracked 
| 126|0x00000000a7e00000, 0x00000000a7e00000, 0x00000000a7f00000|  0%| F|  |TAMS 0x00000000a7e00000, 0x00000000a7e00000| Untracked 
| 127|0x00000000a7f00000, 0x00000000a7f00000, 0x00000000a8000000|  0%| F|  |TAMS 0x00000000a7f00000, 0x00000000a7f00000| Untracked 
| 128|0x00000000a8000000, 0x00000000a8000000, 0x00000000a8100000|  0%| F|  |TAMS 0x00000000a8000000, 0x00000000a8000000| Untracked 
| 129|0x00000000a8100000, 0x00000000a8100000, 0x00000000a8200000|  0%| F|  |TAMS 0x00000000a8100000, 0x00000000a8100000| Untracked 
| 130|0x00000000a8200000, 0x00000000a8200000, 0x00000000a8300000|  0%| F|  |TAMS 0x00000000a8200000, 0x00000000a8200000| Untracked 
| 131|0x00000000a8300000, 0x00000000a8300000, 0x00000000a8400000|  0%| F|  |TAMS 0x00000000a8300000, 0x00000000a8300000| Untracked 
| 132|0x00000000a8400000, 0x00000000a8400000, 0x00000000a8500000|  0%| F|  |TAMS 0x00000000a8400000, 0x00000000a8400000| Untracked 
| 133|0x00000000a8500000, 0x00000000a8500000, 0x00000000a8600000|  0%| F|  |TAMS 0x00000000a8500000, 0x00000000a8500000| Untracked 
| 134|0x00000000a8600000, 0x00000000a8600000, 0x00000000a8700000|  0%| F|  |TAMS 0x00000000a8600000, 0x00000000a8600000| Untracked 
| 135|0x00000000a8700000, 0x00000000a8700000, 0x00000000a8800000|  0%| F|  |TAMS 0x00000000a8700000, 0x00000000a8700000| Untracked 
| 136|0x00000000a8800000, 0x00000000a8800000, 0x00000000a8900000|  0%| F|  |TAMS 0x00000000a8800000, 0x00000000a8800000| Untracked 
| 137|0x00000000a8900000, 0x00000000a8900000, 0x00000000a8a00000|  0%| F|  |TAMS 0x00000000a8900000, 0x00000000a8900000| Untracked 
| 138|0x00000000a8a00000, 0x00000000a8a00000, 0x00000000a8b00000|  0%| F|  |TAMS 0x00000000a8a00000, 0x00000000a8a00000| Untracked 
| 139|0x00000000a8b00000, 0x00000000a8b00000, 0x00000000a8c00000|  0%| F|  |TAMS 0x00000000a8b00000, 0x00000000a8b00000| Untracked 
| 140|0x00000000a8c00000, 0x00000000a8c00000, 0x00000000a8d00000|  0%| F|  |TAMS 0x00000000a8c00000, 0x00000000a8c00000| Untracked 
| 141|0x00000000a8d00000, 0x00000000a8d00000, 0x00000000a8e00000|  0%| F|  |TAMS 0x00000000a8d00000, 0x00000000a8d00000| Untracked 
| 142|0x00000000a8e00000, 0x00000000a8e00000, 0x00000000a8f00000|  0%| F|  |TAMS 0x00000000a8e00000, 0x00000000a8e00000| Untracked 
| 143|0x00000000a8f00000, 0x00000000a8f00000, 0x00000000a9000000|  0%| F|  |TAMS 0x00000000a8f00000, 0x00000000a8f00000| Untracked 
| 144|0x00000000a9000000, 0x00000000a9000000, 0x00000000a9100000|  0%| F|  |TAMS 0x00000000a9000000, 0x00000000a9000000| Untracked 
| 145|0x00000000a9100000, 0x00000000a9100000, 0x00000000a9200000|  0%| F|  |TAMS 0x00000000a9100000, 0x00000000a9100000| Untracked 
| 146|0x00000000a9200000, 0x00000000a9200000, 0x00000000a9300000|  0%| F|  |TAMS 0x00000000a9200000, 0x00000000a9200000| Untracked 
| 147|0x00000000a9300000, 0x00000000a9300000, 0x00000000a9400000|  0%| F|  |TAMS 0x00000000a9300000, 0x00000000a9300000| Untracked 
| 148|0x00000000a9400000, 0x00000000a9400000, 0x00000000a9500000|  0%| F|  |TAMS 0x00000000a9400000, 0x00000000a9400000| Untracked 
| 149|0x00000000a9500000, 0x00000000a9500000, 0x00000000a9600000|  0%| F|  |TAMS 0x00000000a9500000, 0x00000000a9500000| Untracked 
| 150|0x00000000a9600000, 0x00000000a9600000, 0x00000000a9700000|  0%| F|  |TAMS 0x00000000a9600000, 0x00000000a9600000| Untracked 
| 151|0x00000000a9700000, 0x00000000a9700000, 0x00000000a9800000|  0%| F|  |TAMS 0x00000000a9700000, 0x00000000a9700000| Untracked 
| 152|0x00000000a9800000, 0x00000000a9800000, 0x00000000a9900000|  0%| F|  |TAMS 0x00000000a9800000, 0x00000000a9800000| Untracked 
| 153|0x00000000a9900000, 0x00000000a9900000, 0x00000000a9a00000|  0%| F|  |TAMS 0x00000000a9900000, 0x00000000a9900000| Untracked 
| 154|0x00000000a9a00000, 0x00000000a9a00000, 0x00000000a9b00000|  0%| F|  |TAMS 0x00000000a9a00000, 0x00000000a9a00000| Untracked 
| 155|0x00000000a9b00000, 0x00000000a9b00000, 0x00000000a9c00000|  0%| F|  |TAMS 0x00000000a9b00000, 0x00000000a9b00000| Untracked 
| 156|0x00000000a9c00000, 0x00000000a9c00000, 0x00000000a9d00000|  0%| F|  |TAMS 0x00000000a9c00000, 0x00000000a9c00000| Untracked 
| 157|0x00000000a9d00000, 0x00000000a9d00000, 0x00000000a9e00000|  0%| F|  |TAMS 0x00000000a9d00000, 0x00000000a9d00000| Untracked 
| 158|0x00000000a9e00000, 0x00000000a9e00000, 0x00000000a9f00000|  0%| F|  |TAMS 0x00000000a9e00000, 0x00000000a9e00000| Untracked 
| 159|0x00000000a9f00000, 0x00000000a9f00000, 0x00000000aa000000|  0%| F|  |TAMS 0x00000000a9f00000, 0x00000000a9f00000| Untracked 
| 160|0x00000000aa000000, 0x00000000aa000000, 0x00000000aa100000|  0%| F|  |TAMS 0x00000000aa000000, 0x00000000aa000000| Untracked 
| 161|0x00000000aa100000, 0x00000000aa100000, 0x00000000aa200000|  0%| F|  |TAMS 0x00000000aa100000, 0x00000000aa100000| Untracked 
| 162|0x00000000aa200000, 0x00000000aa200000, 0x00000000aa300000|  0%| F|  |TAMS 0x00000000aa200000, 0x00000000aa200000| Untracked 
| 163|0x00000000aa300000, 0x00000000aa300000, 0x00000000aa400000|  0%| F|  |TAMS 0x00000000aa300000, 0x00000000aa300000| Untracked 
| 164|0x00000000aa400000, 0x00000000aa400000, 0x00000000aa500000|  0%| F|  |TAMS 0x00000000aa400000, 0x00000000aa400000| Untracked 
| 165|0x00000000aa500000, 0x00000000aa500000, 0x00000000aa600000|  0%| F|  |TAMS 0x00000000aa500000, 0x00000000aa500000| Untracked 
| 166|0x00000000aa600000, 0x00000000aa600000, 0x00000000aa700000|  0%| F|  |TAMS 0x00000000aa600000, 0x00000000aa600000| Untracked 
| 167|0x00000000aa700000, 0x00000000aa700000, 0x00000000aa800000|  0%| F|  |TAMS 0x00000000aa700000, 0x00000000aa700000| Untracked 
| 168|0x00000000aa800000, 0x00000000aa800000, 0x00000000aa900000|  0%| F|  |TAMS 0x00000000aa800000, 0x00000000aa800000| Untracked 
| 169|0x00000000aa900000, 0x00000000aa900000, 0x00000000aaa00000|  0%| F|  |TAMS 0x00000000aa900000, 0x00000000aa900000| Untracked 
| 170|0x00000000aaa00000, 0x00000000aaa00000, 0x00000000aab00000|  0%| F|  |TAMS 0x00000000aaa00000, 0x00000000aaa00000| Untracked 
| 171|0x00000000aab00000, 0x00000000aab00000, 0x00000000aac00000|  0%| F|  |TAMS 0x00000000aab00000, 0x00000000aab00000| Untracked 
| 172|0x00000000aac00000, 0x00000000aac00000, 0x00000000aad00000|  0%| F|  |TAMS 0x00000000aac00000, 0x00000000aac00000| Untracked 
| 173|0x00000000aad00000, 0x00000000aad00000, 0x00000000aae00000|  0%| F|  |TAMS 0x00000000aad00000, 0x00000000aad00000| Untracked 
| 174|0x00000000aae00000, 0x00000000aae00000, 0x00000000aaf00000|  0%| F|  |TAMS 0x00000000aae00000, 0x00000000aae00000| Untracked 
| 175|0x00000000aaf00000, 0x00000000aaf00000, 0x00000000ab000000|  0%| F|  |TAMS 0x00000000aaf00000, 0x00000000aaf00000| Untracked 
| 176|0x00000000ab000000, 0x00000000ab000000, 0x00000000ab100000|  0%| F|  |TAMS 0x00000000ab000000, 0x00000000ab000000| Untracked 
| 177|0x00000000ab100000, 0x00000000ab150ad8, 0x00000000ab200000| 31%| S|CS|TAMS 0x00000000ab100000, 0x00000000ab100000| Complete 
| 178|0x00000000ab200000, 0x00000000ab300000, 0x00000000ab300000|100%| S|CS|TAMS 0x00000000ab200000, 0x00000000ab200000| Complete 
| 179|0x00000000ab300000, 0x00000000ab400000, 0x00000000ab400000|100%| S|CS|TAMS 0x00000000ab300000, 0x00000000ab300000| Complete 
| 180|0x00000000ab400000, 0x00000000ab500000, 0x00000000ab500000|100%| S|CS|TAMS 0x00000000ab400000, 0x00000000ab400000| Complete 
| 181|0x00000000ab500000, 0x00000000ab500000, 0x00000000ab600000|  0%| F|  |TAMS 0x00000000ab500000, 0x00000000ab500000| Untracked 
| 182|0x00000000ab600000, 0x00000000ab600000, 0x00000000ab700000|  0%| F|  |TAMS 0x00000000ab600000, 0x00000000ab600000| Untracked 
| 183|0x00000000ab700000, 0x00000000ab700000, 0x00000000ab800000|  0%| F|  |TAMS 0x00000000ab700000, 0x00000000ab700000| Untracked 
| 184|0x00000000ab800000, 0x00000000ab800000, 0x00000000ab900000|  0%| F|  |TAMS 0x00000000ab800000, 0x00000000ab800000| Untracked 
| 185|0x00000000ab900000, 0x00000000ab900000, 0x00000000aba00000|  0%| F|  |TAMS 0x00000000ab900000, 0x00000000ab900000| Untracked 
| 186|0x00000000aba00000, 0x00000000aba00000, 0x00000000abb00000|  0%| F|  |TAMS 0x00000000aba00000, 0x00000000aba00000| Untracked 
| 187|0x00000000abb00000, 0x00000000abb00000, 0x00000000abc00000|  0%| F|  |TAMS 0x00000000abb00000, 0x00000000abb00000| Untracked 
| 188|0x00000000abc00000, 0x00000000abc00000, 0x00000000abd00000|  0%| F|  |TAMS 0x00000000abc00000, 0x00000000abc00000| Untracked 
| 189|0x00000000abd00000, 0x00000000abd00000, 0x00000000abe00000|  0%| F|  |TAMS 0x00000000abd00000, 0x00000000abd00000| Untracked 
| 190|0x00000000abe00000, 0x00000000abe00000, 0x00000000abf00000|  0%| F|  |TAMS 0x00000000abe00000, 0x00000000abe00000| Untracked 
| 191|0x00000000abf00000, 0x00000000abf00000, 0x00000000ac000000|  0%| F|  |TAMS 0x00000000abf00000, 0x00000000abf00000| Untracked 
| 192|0x00000000ac000000, 0x00000000ac000000, 0x00000000ac100000|  0%| F|  |TAMS 0x00000000ac000000, 0x00000000ac000000| Untracked 
| 193|0x00000000ac100000, 0x00000000ac100000, 0x00000000ac200000|  0%| F|  |TAMS 0x00000000ac100000, 0x00000000ac100000| Untracked 
| 194|0x00000000ac200000, 0x00000000ac200000, 0x00000000ac300000|  0%| F|  |TAMS 0x00000000ac200000, 0x00000000ac200000| Untracked 
| 195|0x00000000ac300000, 0x00000000ac300000, 0x00000000ac400000|  0%| F|  |TAMS 0x00000000ac300000, 0x00000000ac300000| Untracked 
| 196|0x00000000ac400000, 0x00000000ac400000, 0x00000000ac500000|  0%| F|  |TAMS 0x00000000ac400000, 0x00000000ac400000| Untracked 
| 197|0x00000000ac500000, 0x00000000ac500000, 0x00000000ac600000|  0%| F|  |TAMS 0x00000000ac500000, 0x00000000ac500000| Untracked 
| 198|0x00000000ac600000, 0x00000000ac600000, 0x00000000ac700000|  0%| F|  |TAMS 0x00000000ac600000, 0x00000000ac600000| Untracked 
| 199|0x00000000ac700000, 0x00000000ac700000, 0x00000000ac800000|  0%| F|  |TAMS 0x00000000ac700000, 0x00000000ac700000| Untracked 
| 200|0x00000000ac800000, 0x00000000ac800000, 0x00000000ac900000|  0%| F|  |TAMS 0x00000000ac800000, 0x00000000ac800000| Untracked 
| 201|0x00000000ac900000, 0x00000000ac900000, 0x00000000aca00000|  0%| F|  |TAMS 0x00000000ac900000, 0x00000000ac900000| Untracked 
| 202|0x00000000aca00000, 0x00000000aca00000, 0x00000000acb00000|  0%| F|  |TAMS 0x00000000aca00000, 0x00000000aca00000| Untracked 
| 203|0x00000000acb00000, 0x00000000acb00000, 0x00000000acc00000|  0%| F|  |TAMS 0x00000000acb00000, 0x00000000acb00000| Untracked 
| 204|0x00000000acc00000, 0x00000000acc00000, 0x00000000acd00000|  0%| F|  |TAMS 0x00000000acc00000, 0x00000000acc00000| Untracked 
| 205|0x00000000acd00000, 0x00000000acd00000, 0x00000000ace00000|  0%| F|  |TAMS 0x00000000acd00000, 0x00000000acd00000| Untracked 
| 206|0x00000000ace00000, 0x00000000ace00000, 0x00000000acf00000|  0%| F|  |TAMS 0x00000000ace00000, 0x00000000ace00000| Untracked 
| 207|0x00000000acf00000, 0x00000000acf00000, 0x00000000ad000000|  0%| F|  |TAMS 0x00000000acf00000, 0x00000000acf00000| Untracked 
| 208|0x00000000ad000000, 0x00000000ad000000, 0x00000000ad100000|  0%| F|  |TAMS 0x00000000ad000000, 0x00000000ad000000| Untracked 
| 209|0x00000000ad100000, 0x00000000ad100000, 0x00000000ad200000|  0%| F|  |TAMS 0x00000000ad100000, 0x00000000ad100000| Untracked 
| 210|0x00000000ad200000, 0x00000000ad200000, 0x00000000ad300000|  0%| F|  |TAMS 0x00000000ad200000, 0x00000000ad200000| Untracked 
| 211|0x00000000ad300000, 0x00000000ad300000, 0x00000000ad400000|  0%| F|  |TAMS 0x00000000ad300000, 0x00000000ad300000| Untracked 
| 212|0x00000000ad400000, 0x00000000ad400000, 0x00000000ad500000|  0%| F|  |TAMS 0x00000000ad400000, 0x00000000ad400000| Untracked 
| 213|0x00000000ad500000, 0x00000000ad500000, 0x00000000ad600000|  0%| F|  |TAMS 0x00000000ad500000, 0x00000000ad500000| Untracked 
| 214|0x00000000ad600000, 0x00000000ad600000, 0x00000000ad700000|  0%| F|  |TAMS 0x00000000ad600000, 0x00000000ad600000| Untracked 
| 215|0x00000000ad700000, 0x00000000ad700000, 0x00000000ad800000|  0%| F|  |TAMS 0x00000000ad700000, 0x00000000ad700000| Untracked 
| 216|0x00000000ad800000, 0x00000000ad800000, 0x00000000ad900000|  0%| F|  |TAMS 0x00000000ad800000, 0x00000000ad800000| Untracked 
| 217|0x00000000ad900000, 0x00000000ad900000, 0x00000000ada00000|  0%| F|  |TAMS 0x00000000ad900000, 0x00000000ad900000| Untracked 
| 218|0x00000000ada00000, 0x00000000ada00000, 0x00000000adb00000|  0%| F|  |TAMS 0x00000000ada00000, 0x00000000ada00000| Untracked 
| 219|0x00000000adb00000, 0x00000000adb87000, 0x00000000adc00000| 52%| E|  |TAMS 0x00000000adb00000, 0x00000000adb00000| Complete 
| 220|0x00000000adc00000, 0x00000000add00000, 0x00000000add00000|100%| E|CS|TAMS 0x00000000adc00000, 0x00000000adc00000| Complete 
| 221|0x00000000add00000, 0x00000000ade00000, 0x00000000ade00000|100%| E|CS|TAMS 0x00000000add00000, 0x00000000add00000| Complete 
| 222|0x00000000ade00000, 0x00000000adf00000, 0x00000000adf00000|100%| E|CS|TAMS 0x00000000ade00000, 0x00000000ade00000| Complete 
| 223|0x00000000adf00000, 0x00000000ae000000, 0x00000000ae000000|100%| E|CS|TAMS 0x00000000adf00000, 0x00000000adf00000| Complete 
| 224|0x00000000ae000000, 0x00000000ae100000, 0x00000000ae100000|100%| E|CS|TAMS 0x00000000ae000000, 0x00000000ae000000| Complete 
| 225|0x00000000ae100000, 0x00000000ae200000, 0x00000000ae200000|100%| E|CS|TAMS 0x00000000ae100000, 0x00000000ae100000| Complete 
| 226|0x00000000ae200000, 0x00000000ae300000, 0x00000000ae300000|100%| E|CS|TAMS 0x00000000ae200000, 0x00000000ae200000| Complete 
| 227|0x00000000ae300000, 0x00000000ae400000, 0x00000000ae400000|100%| E|CS|TAMS 0x00000000ae300000, 0x00000000ae300000| Complete 
| 228|0x00000000ae400000, 0x00000000ae500000, 0x00000000ae500000|100%| E|CS|TAMS 0x00000000ae400000, 0x00000000ae400000| Complete 
| 229|0x00000000ae500000, 0x00000000ae600000, 0x00000000ae600000|100%| E|CS|TAMS 0x00000000ae500000, 0x00000000ae500000| Complete 
| 230|0x00000000ae600000, 0x00000000ae700000, 0x00000000ae700000|100%| E|CS|TAMS 0x00000000ae600000, 0x00000000ae600000| Complete 
| 231|0x00000000ae700000, 0x00000000ae800000, 0x00000000ae800000|100%| E|CS|TAMS 0x00000000ae700000, 0x00000000ae700000| Complete 
| 232|0x00000000ae800000, 0x00000000ae900000, 0x00000000ae900000|100%| E|CS|TAMS 0x00000000ae800000, 0x00000000ae800000| Complete 
| 233|0x00000000ae900000, 0x00000000aea00000, 0x00000000aea00000|100%| E|CS|TAMS 0x00000000ae900000, 0x00000000ae900000| Complete 
| 234|0x00000000aea00000, 0x00000000aeb00000, 0x00000000aeb00000|100%| E|CS|TAMS 0x00000000aea00000, 0x00000000aea00000| Complete 
| 235|0x00000000aeb00000, 0x00000000aec00000, 0x00000000aec00000|100%| E|CS|TAMS 0x00000000aeb00000, 0x00000000aeb00000| Complete 
| 236|0x00000000aec00000, 0x00000000aed00000, 0x00000000aed00000|100%| E|CS|TAMS 0x00000000aec00000, 0x00000000aec00000| Complete 
| 237|0x00000000aed00000, 0x00000000aee00000, 0x00000000aee00000|100%| E|CS|TAMS 0x00000000aed00000, 0x00000000aed00000| Complete 
| 238|0x00000000aee00000, 0x00000000aef00000, 0x00000000aef00000|100%| E|CS|TAMS 0x00000000aee00000, 0x00000000aee00000| Complete 
| 239|0x00000000aef00000, 0x00000000af000000, 0x00000000af000000|100%| E|CS|TAMS 0x00000000aef00000, 0x00000000aef00000| Complete 
| 240|0x00000000af000000, 0x00000000af100000, 0x00000000af100000|100%| E|CS|TAMS 0x00000000af000000, 0x00000000af000000| Complete 
| 241|0x00000000af100000, 0x00000000af200000, 0x00000000af200000|100%| E|CS|TAMS 0x00000000af100000, 0x00000000af100000| Complete 
| 242|0x00000000af200000, 0x00000000af300000, 0x00000000af300000|100%| E|CS|TAMS 0x00000000af200000, 0x00000000af200000| Complete 
| 243|0x00000000af300000, 0x00000000af400000, 0x00000000af400000|100%| E|CS|TAMS 0x00000000af300000, 0x00000000af300000| Complete 
| 244|0x00000000af400000, 0x00000000af500000, 0x00000000af500000|100%| E|CS|TAMS 0x00000000af400000, 0x00000000af400000| Complete 
| 245|0x00000000af500000, 0x00000000af600000, 0x00000000af600000|100%| E|CS|TAMS 0x00000000af500000, 0x00000000af500000| Complete 
| 246|0x00000000af600000, 0x00000000af700000, 0x00000000af700000|100%| E|CS|TAMS 0x00000000af600000, 0x00000000af600000| Complete 
| 247|0x00000000af700000, 0x00000000af800000, 0x00000000af800000|100%| E|CS|TAMS 0x00000000af700000, 0x00000000af700000| Complete 
| 248|0x00000000af800000, 0x00000000af900000, 0x00000000af900000|100%| E|CS|TAMS 0x00000000af800000, 0x00000000af800000| Complete 
| 249|0x00000000af900000, 0x00000000afa00000, 0x00000000afa00000|100%| E|CS|TAMS 0x00000000af900000, 0x00000000af900000| Complete 
| 250|0x00000000afa00000, 0x00000000afb00000, 0x00000000afb00000|100%| E|CS|TAMS 0x00000000afa00000, 0x00000000afa00000| Complete 
| 251|0x00000000afb00000, 0x00000000afc00000, 0x00000000afc00000|100%| E|CS|TAMS 0x00000000afb00000, 0x00000000afb00000| Complete 
| 252|0x00000000afc00000, 0x00000000afd00000, 0x00000000afd00000|100%| E|CS|TAMS 0x00000000afc00000, 0x00000000afc00000| Complete 
| 253|0x00000000afd00000, 0x00000000afe00000, 0x00000000afe00000|100%| E|CS|TAMS 0x00000000afd00000, 0x00000000afd00000| Complete 

Card table byte_map: [0x00000265f6b40000,0x00000265f6e40000] _byte_map_base: 0x00000265f6640000

Marking Bits (Prev, Next): (CMBitMap*) 0x00000265e3a3b040, (CMBitMap*) 0x00000265e3a3b008
 Prev Bits: [0x00000265f8940000, 0x00000265fa140000)
 Next Bits: [0x00000265f7140000, 0x00000265f8940000)

Polling page: 0x00000265e1940000

Metaspace:

Usage:
  Non-class:     27.31 MB capacity,    26.87 MB ( 98%) used,   386.71 KB (  1%) free+waste,    65.63 KB ( <1%) overhead. 
      Class:      4.39 MB capacity,     4.13 MB ( 94%) used,   234.46 KB (  5%) free+waste,    32.81 KB ( <1%) overhead. 
       Both:     31.70 MB capacity,    30.99 MB ( 98%) used,   621.17 KB (  2%) free+waste,    98.44 KB ( <1%) overhead. 

Virtual space:
  Non-class space:       28.00 MB reserved,      27.50 MB ( 98%) committed 
      Class space:        1.00 GB reserved,       4.50 MB ( <1%) committed 
             Both:        1.03 GB reserved,      32.00 MB (  3%) committed 

Chunk freelists:
   Non-Class:  5.00 KB
       Class:  0 bytes
        Both:  5.00 KB

MaxMetaspaceSize: 17179869184.00 GB
CompressedClassSpaceSize: 1.00 GB
Initial GC threshold: 20.80 MB
Current GC threshold: 35.20 MB
CDS: off

CodeHeap 'non-profiled nmethods': size=120000Kb used=1355Kb max_used=1355Kb free=118644Kb
 bounds [0x00000265eefe0000, 0x00000265ef250000, 0x00000265f6510000]
CodeHeap 'profiled nmethods': size=120000Kb used=5651Kb max_used=5651Kb free=114348Kb
 bounds [0x00000265e7ab0000, 0x00000265e8040000, 0x00000265eefe0000]
CodeHeap 'non-nmethods': size=5760Kb used=1234Kb max_used=1316Kb free=4525Kb
 bounds [0x00000265e7510000, 0x00000265e7780000, 0x00000265e7ab0000]
 total_blobs=3141 nmethods=2636 adapters=417
 compilation: enabled
              stopped_count=0, restarted_count=0
 full_count=0

Compilation events (20 events):
Event: 8.451 Thread 0x00000265fd45e800 nmethod 2613 0x00000265e8027390 code [0x00000265e80275c0, 0x00000265e8027a28]
Event: 8.451 Thread 0x00000265fd45e800 2606       3       org.objectweb.asm.Type::getOpcode (284 bytes)
Event: 8.451 Thread 0x00000265fd45e800 nmethod 2606 0x00000265e8027d10 code [0x00000265e8027f80, 0x00000265e8028af8]
Event: 8.451 Thread 0x00000265fd45e800 2605       3       org.objectweb.asm.MethodWriter::visitCode (1 bytes)
Event: 8.452 Thread 0x00000265fd45e800 nmethod 2605 0x00000265e8028d90 code [0x00000265e8028f40, 0x00000265e8029038]
Event: 8.452 Thread 0x00000265fd45e800 2610       1       org.gradle.internal.instantiation.generator.AbstractClassGenerator$PropertyMetadata::getOverridableSetters (5 bytes)
Event: 8.452 Thread 0x00000265fd45e800 nmethod 2610 0x00000265ef12ae10 code [0x00000265ef12afc0, 0x00000265ef12b078]
Event: 8.486 Thread 0x00000265fd45e800 2615       3       java.util.concurrent.TimeUnit::toNanos (45 bytes)
Event: 8.486 Thread 0x00000265fd45e800 nmethod 2615 0x00000265e8029110 code [0x00000265e80292c0, 0x00000265e80294d8]
Event: 8.517 Thread 0x00000265fd45e800 2616       3       java.util.stream.PipelineHelper::<init> (5 bytes)
Event: 8.518 Thread 0x00000265fd45e800 nmethod 2616 0x00000265e8029590 code [0x00000265e8029740, 0x00000265e8029898]
Event: 8.608 Thread 0x00000265fd45e800 2618       3       java.io.DataInputStream::readInt (72 bytes)
Event: 8.610 Thread 0x00000265fd45e800 nmethod 2618 0x00000265e8029990 code [0x00000265e8029ba0, 0x00000265e802a108]
Event: 8.611 Thread 0x00000265812aa000 2608       4       org.objectweb.asm.ByteVector::putShort (52 bytes)
Event: 8.611 Thread 0x00000265fd45e800 2619       3       org.codehaus.groovy.reflection.GeneratedMetaMethod$DgmMethodRecord::<init> (5 bytes)
Event: 8.611 Thread 0x00000265fd45e800 nmethod 2619 0x00000265e802a310 code [0x00000265e802a4c0, 0x00000265e802a618]
Event: 8.612 Thread 0x00000265812aa000 nmethod 2608 0x00000265ef12b110 code [0x00000265ef12b2a0, 0x00000265ef12b3b8]
Event: 8.612 Thread 0x00000265812aa000 2581       4       org.gradle.internal.reflect.PropertyAccessorType::of (95 bytes)
Event: 8.627 Thread 0x00000265812aa000 nmethod 2581 0x00000265ef12b510 code [0x00000265ef12b6e0, 0x00000265ef12bab8]
Event: 8.627 Thread 0x00000265812aa000 2620       4       java.io.DataInputStream::readUTF (501 bytes)

GC Heap History (10 events):
Event: 1.518 GC heap before
{Heap before GC invocations=0 (full 0):
 garbage-first heap   total 260096K, used 29696K [0x00000000a0000000, 0x0000000100000000)
  region size 1024K, 24 young (24576K), 0 survivors (0K)
 Metaspace       used 9822K, capacity 10000K, committed 10112K, reserved 1058816K
  class space    used 1024K, capacity 1101K, committed 1152K, reserved 1048576K
}
Event: 1.562 GC heap after
{Heap after GC invocations=1 (full 0):
 garbage-first heap   total 260096K, used 9414K [0x00000000a0000000, 0x0000000100000000)
  region size 1024K, 3 young (3072K), 3 survivors (3072K)
 Metaspace       used 9822K, capacity 10000K, committed 10112K, reserved 1058816K
  class space    used 1024K, capacity 1101K, committed 1152K, reserved 1048576K
}
Event: 2.405 GC heap before
{Heap before GC invocations=1 (full 0):
 garbage-first heap   total 260096K, used 31942K [0x00000000a0000000, 0x0000000100000000)
  region size 1024K, 25 young (25600K), 3 survivors (3072K)
 Metaspace       used 10847K, capacity 11021K, committed 11264K, reserved 1058816K
  class space    used 1132K, capacity 1207K, committed 1280K, reserved 1048576K
}
Event: 2.408 GC heap after
{Heap after GC invocations=2 (full 0):
 garbage-first heap   total 260096K, used 9904K [0x00000000a0000000, 0x0000000100000000)
  region size 1024K, 1 young (1024K), 1 survivors (1024K)
 Metaspace       used 10847K, capacity 11021K, committed 11264K, reserved 1058816K
  class space    used 1132K, capacity 1207K, committed 1280K, reserved 1048576K
}
Event: 5.472 GC heap before
{Heap before GC invocations=2 (full 0):
 garbage-first heap   total 260096K, used 66224K [0x00000000a0000000, 0x0000000100000000)
  region size 1024K, 56 young (57344K), 1 survivors (1024K)
 Metaspace       used 17958K, capacity 18374K, committed 18432K, reserved 1064960K
  class space    used 2131K, capacity 2276K, committed 2304K, reserved 1048576K
}
Event: 5.480 GC heap after
{Heap after GC invocations=3 (full 0):
 garbage-first heap   total 260096K, used 16487K [0x00000000a0000000, 0x0000000100000000)
  region size 1024K, 7 young (7168K), 7 survivors (7168K)
 Metaspace       used 17958K, capacity 18374K, committed 18432K, reserved 1064960K
  class space    used 2131K, capacity 2276K, committed 2304K, reserved 1048576K
}
Event: 6.208 GC heap before
{Heap before GC invocations=3 (full 0):
 garbage-first heap   total 260096K, used 35943K [0x00000000a0000000, 0x0000000100000000)
  region size 1024K, 28 young (28672K), 7 survivors (7168K)
 Metaspace       used 20719K, capacity 21175K, committed 21296K, reserved 1069056K
  class space    used 2520K, capacity 2660K, committed 2688K, reserved 1048576K
}
Event: 6.218 GC heap after
{Heap after GC invocations=4 (full 0):
 garbage-first heap   total 260096K, used 17332K [0x00000000a0000000, 0x0000000100000000)
  region size 1024K, 1 young (1024K), 1 survivors (1024K)
 Metaspace       used 20719K, capacity 21175K, committed 21296K, reserved 1069056K
  class space    used 2520K, capacity 2660K, committed 2688K, reserved 1048576K
}
Event: 7.872 GC heap before
{Heap before GC invocations=5 (full 0):
 garbage-first heap   total 260096K, used 91060K [0x00000000a0000000, 0x0000000100000000)
  region size 1024K, 73 young (74752K), 1 survivors (1024K)
 Metaspace       used 27861K, capacity 28445K, committed 28544K, reserved 1073152K
  class space    used 3650K, capacity 3878K, committed 3968K, reserved 1048576K
}
Event: 7.878 GC heap after
{Heap after GC invocations=6 (full 0):
 garbage-first heap   total 260096K, used 19702K [0x00000000a0000000, 0x0000000100000000)
  region size 1024K, 4 young (4096K), 4 survivors (4096K)
 Metaspace       used 27861K, capacity 28445K, committed 28544K, reserved 1073152K
  class space    used 3650K, capacity 3878K, committed 3968K, reserved 1048576K
}

Deoptimization events (20 events):
Event: 7.947 Thread 0x00000265fe8a2800 DEOPT PACKING pc=0x00000265ef11bee4 sp=0x0000009b337f9460
Event: 7.947 Thread 0x00000265fe8a2800 DEOPT UNPACKING pc=0x00000265e755a1af sp=0x0000009b337f9410 mode 2
Event: 8.184 Thread 0x00000265fe8a2800 DEOPT PACKING pc=0x00000265e7edef79 sp=0x0000009b337f6a30
Event: 8.184 Thread 0x00000265fe8a2800 DEOPT UNPACKING pc=0x00000265e755a95e sp=0x0000009b337f5f78 mode 0
Event: 8.608 Thread 0x00000265fe8a2800 Uncommon trap: trap_request=0xffffffde fr.pc=0x00000265ef0ba38c relative=0x000000000000132c
Event: 8.610 Thread 0x00000265fe8a2800 Uncommon trap: reason=class_check action=maybe_recompile pc=0x00000265ef0ba38c method=java.io.BufferedInputStream.read([BII)I @ 101 c2
Event: 8.610 Thread 0x00000265fe8a2800 DEOPT PACKING pc=0x00000265ef0ba38c sp=0x0000009b337f94d0
Event: 8.610 Thread 0x00000265fe8a2800 DEOPT UNPACKING pc=0x00000265e755a1af sp=0x0000009b337f9390 mode 2
Event: 8.611 Thread 0x00000265fe8a2800 Uncommon trap: trap_request=0xffffffde fr.pc=0x00000265ef0ba38c relative=0x000000000000132c
Event: 8.611 Thread 0x00000265fe8a2800 Uncommon trap: reason=class_check action=maybe_recompile pc=0x00000265ef0ba38c method=java.io.BufferedInputStream.read([BII)I @ 101 c2
Event: 8.611 Thread 0x00000265fe8a2800 DEOPT PACKING pc=0x00000265ef0ba38c sp=0x0000009b337f94d0
Event: 8.611 Thread 0x00000265fe8a2800 DEOPT UNPACKING pc=0x00000265e755a1af sp=0x0000009b337f9390 mode 2
Event: 8.611 Thread 0x00000265fe8a2800 Uncommon trap: trap_request=0xffffffde fr.pc=0x00000265ef0ba38c relative=0x000000000000132c
Event: 8.611 Thread 0x00000265fe8a2800 Uncommon trap: reason=class_check action=maybe_recompile pc=0x00000265ef0ba38c method=java.io.BufferedInputStream.read([BII)I @ 101 c2
Event: 8.611 Thread 0x00000265fe8a2800 DEOPT PACKING pc=0x00000265ef0ba38c sp=0x0000009b337f94d0
Event: 8.611 Thread 0x00000265fe8a2800 DEOPT UNPACKING pc=0x00000265e755a1af sp=0x0000009b337f9390 mode 2
Event: 8.613 Thread 0x00000265fe8a2800 Uncommon trap: trap_request=0xffffffde fr.pc=0x00000265ef0ba38c relative=0x000000000000132c
Event: 8.613 Thread 0x00000265fe8a2800 Uncommon trap: reason=class_check action=maybe_recompile pc=0x00000265ef0ba38c method=java.io.BufferedInputStream.read([BII)I @ 101 c2
Event: 8.613 Thread 0x00000265fe8a2800 DEOPT PACKING pc=0x00000265ef0ba38c sp=0x0000009b337f94d0
Event: 8.613 Thread 0x00000265fe8a2800 DEOPT UNPACKING pc=0x00000265e755a1af sp=0x0000009b337f9390 mode 2

Classes redefined (0 events):
No events

Internal exceptions (20 events):
Event: 6.920 Thread 0x00000265fe8a2800 Exception <a 'java/lang/NoSuchMethodError'{0x00000000adf9de10}: 'java.lang.Object java.lang.invoke.DirectMethodHandle$Holder.invokeVirtual(java.lang.Object, java.lang.Object, java.lang.Object, java.lang.Object, java.lang.Object, java.lang.Object, java.lang.Object, java.lang.Object, java.lang.Object, java.lang.Object, java.lang.Object, java.lang.Object, java.lang.Object, java.lang.Object, java.lang.Object, java.lang.Object, java.lang.Object, java.lang.Object, java.lang.Object, java.lang.Object, java.lang.Ob
Event: 7.048 Thread 0x00000265fe8a2800 Exception <a 'java/lang/NoSuchMethodError'{0x00000000ad7c30d8}: 'int java.lang.invoke.DirectMethodHandle$Holder.invokeStaticInit(java.lang.Object, java.lang.Object, java.lang.Object)'> (0x00000000ad7c30d8) thrown at [./src/hotspot/share/interpreter/linkResolver.cpp, line 773]
Event: 7.188 Thread 0x00000265fe8a2800 Exception <a 'java/lang/NoSuchMethodError'{0x00000000ad255130}: 'void java.lang.invoke.DirectMethodHandle$Holder.invokeStaticInit(java.lang.Object, java.lang.Object)'> (0x00000000ad255130) thrown at [./src/hotspot/share/interpreter/linkResolver.cpp, line 773]
Event: 7.397 Thread 0x00000265fe8a2800 Exception <a 'java/lang/NoSuchMethodError'{0x00000000acc09608}: 'void java.lang.invoke.DirectMethodHandle$Holder.invokeStatic(java.lang.Object, java.lang.Object, java.lang.Object, java.lang.Object)'> (0x00000000acc09608) thrown at [./src/hotspot/share/interpreter/linkResolver.cpp, line 773]
Event: 7.400 Thread 0x00000265fe8a2800 Exception <a 'java/lang/NoSuchMethodError'{0x00000000acc28740}: 'int java.lang.invoke.DirectMethodHandle$Holder.invokeVirtual(java.lang.Object, java.lang.Object)'> (0x00000000acc28740) thrown at [./src/hotspot/share/interpreter/linkResolver.cpp, line 773]
Event: 7.403 Thread 0x00000265fe8a2800 Exception <a 'java/lang/NoSuchMethodError'{0x00000000acc41298}: 'java.lang.Object java.lang.invoke.DirectMethodHandle$Holder.invokeVirtual(java.lang.Object, java.lang.Object, java.lang.Object)'> (0x00000000acc41298) thrown at [./src/hotspot/share/interpreter/linkResolver.cpp, line 773]
Event: 7.409 Thread 0x00000265fe8a2800 Exception <a 'java/lang/NoSuchMethodError'{0x00000000acc6d600}: 'int java.lang.invoke.DirectMethodHandle$Holder.invokeVirtual(java.lang.Object, java.lang.Object, java.lang.Object)'> (0x00000000acc6d600) thrown at [./src/hotspot/share/interpreter/linkResolver.cpp, line 773]
Event: 7.451 Thread 0x00000265fe8a2800 Exception <a 'java/lang/NoSuchMethodError'{0x00000000aca433d0}: 'void java.lang.invoke.DirectMethodHandle$Holder.invokeSpecial(java.lang.Object, java.lang.Object)'> (0x00000000aca433d0) thrown at [./src/hotspot/share/interpreter/linkResolver.cpp, line 773]
Event: 7.697 Thread 0x00000265fe8a2800 Exception <a 'java/lang/NoSuchMethodError'{0x00000000abcb7260}: 'java.lang.Object java.lang.invoke.DirectMethodHandle$Holder.invokeSpecialIFC(java.lang.Object, java.lang.Object, java.lang.Object, java.lang.Object)'> (0x00000000abcb7260) thrown at [./src/hotspot/share/interpreter/linkResolver.cpp, line 773]
Event: 7.885 Thread 0x00000265fe8a2800 Implicit null exception at 0x00000265ef0ccf75 to 0x00000265ef0cd13c
Event: 7.885 Thread 0x00000265fe8a2800 Implicit null exception at 0x00000265ef0963af to 0x00000265ef09641d
Event: 7.953 Thread 0x00000265fe8a2800 Exception <a 'java/lang/NoSuchMethodError'{0x00000000afa98150}: 'java.lang.Object java.lang.invoke.DirectMethodHandle$Holder.invokeSpecial(java.lang.Object, java.lang.Object, java.lang.Object, java.lang.Object, java.lang.Object, java.lang.Object, java.lang.Object, java.lang.Object, java.lang.Object, java.lang.Object, java.lang.Object, java.lang.Object, java.lang.Object)'> (0x00000000afa98150) thrown at [./src/hotspot/share/interpreter/linkResolver.cpp, line 773]
Event: 7.954 Thread 0x00000265fe8a2800 Exception <a 'java/lang/NoSuchMethodError'{0x00000000afaa9258}: 'java.lang.Object java.lang.invoke.DirectMethodHandle$Holder.invokeSpecial(java.lang.Object, java.lang.Object, java.lang.Object, java.lang.Object, java.lang.Object, java.lang.Object, java.lang.Object, java.lang.Object, java.lang.Object, java.lang.Object, java.lang.Object, java.lang.Object)'> (0x00000000afaa9258) thrown at [./src/hotspot/share/interpreter/linkResolver.cpp, line 773]
Event: 7.955 Thread 0x00000265fe8a2800 Exception <a 'java/lang/NoSuchMethodError'{0x00000000afaae628}: 'java.lang.Object java.lang.invoke.Invokers$Holder.linkToTargetMethod(java.lang.Object, java.lang.Object, java.lang.Object, java.lang.Object, java.lang.Object, java.lang.Object, java.lang.Object, java.lang.Object, java.lang.Object, java.lang.Object, java.lang.Object)'> (0x00000000afaae628) thrown at [./src/hotspot/share/interpreter/linkResolver.cpp, line 773]
Event: 7.965 Thread 0x00000265fe8a2800 Exception <a 'java/lang/NoSuchMethodError'{0x00000000af952848}: 'java.lang.Object java.lang.invoke.DirectMethodHandle$Holder.invokeSpecial(java.lang.Object, java.lang.Object, java.lang.Object, java.lang.Object, java.lang.Object, java.lang.Object, java.lang.Object, java.lang.Object, java.lang.Object, java.lang.Object, java.lang.Object, java.lang.Object, java.lang.Object, java.lang.Object)'> (0x00000000af952848) thrown at [./src/hotspot/share/interpreter/linkResolver.cpp, line 773]
Event: 7.966 Thread 0x00000265fe8a2800 Exception <a 'java/lang/NoSuchMethodError'{0x00000000af964168}: 'java.lang.Object java.lang.invoke.Invokers$Holder.linkToTargetMethod(java.lang.Object, java.lang.Object, java.lang.Object, java.lang.Object, java.lang.Object, java.lang.Object, java.lang.Object, java.lang.Object, java.lang.Object, java.lang.Object, java.lang.Object, java.lang.Object)'> (0x00000000af964168) thrown at [./src/hotspot/share/interpreter/linkResolver.cpp, line 773]
Event: 7.988 Thread 0x00000265fe8a2800 Exception <a 'java/lang/NoSuchMethodError'{0x00000000af8552d0}: 'java.lang.Object java.lang.invoke.DirectMethodHandle$Holder.invokeStaticInit(java.lang.Object, java.lang.Object, java.lang.Object, java.lang.Object)'> (0x00000000af8552d0) thrown at [./src/hotspot/share/interpreter/linkResolver.cpp, line 773]
Event: 8.174 Thread 0x00000265fe8a2800 Exception <a 'java/lang/NoSuchMethodError'{0x00000000aef575c0}: 'java.lang.Object java.lang.invoke.Invokers$Holder.linkToTargetMethod(java.lang.Object, java.lang.Object, java.lang.Object, java.lang.Object, java.lang.Object, java.lang.Object, java.lang.Object, java.lang.Object)'> (0x00000000aef575c0) thrown at [./src/hotspot/share/interpreter/linkResolver.cpp, line 773]
Event: 8.181 Thread 0x00000265fe8a2800 Exception <a 'java/lang/NoSuchMethodError'{0x00000000aefb07e0}: 'java.lang.Object java.lang.invoke.Invokers$Holder.linkToTargetMethod(java.lang.Object, java.lang.Object, java.lang.Object, java.lang.Object, java.lang.Object, java.lang.Object, java.lang.Object)'> (0x00000000aefb07e0) thrown at [./src/hotspot/share/interpreter/linkResolver.cpp, line 773]
Event: 8.188 Thread 0x00000265fe8a2800 Exception <a 'java/lang/IncompatibleClassChangeError'{0x00000000aee07138}: Found class java.lang.Object, but interface was expected> (0x00000000aee07138) thrown at [./src/hotspot/share/interpreter/linkResolver.cpp, line 839]

Events (20 events):
Event: 8.635 loading class org/codehaus/groovy/util/ReferenceType$HardRef
Event: 8.635 loading class org/codehaus/groovy/util/ReferenceType$HardRef done
Event: 8.635 loading class org/codehaus/groovy/reflection/ClassInfo$LazyClassLoaderRef
Event: 8.635 loading class org/codehaus/groovy/reflection/ClassInfo$LazyClassLoaderRef done
Event: 8.636 loading class org/codehaus/groovy/util/ManagedConcurrentLinkedQueue$Element
Event: 8.636 loading class org/codehaus/groovy/util/ManagedConcurrentLinkedQueue$Element done
Event: 8.637 loading class org/codehaus/groovy/util/ReferenceType$WeakRef
Event: 8.637 loading class org/codehaus/groovy/util/ReferenceType$WeakRef done
Event: 8.637 loading class org/codehaus/groovy/reflection/CachedClass$1
Event: 8.637 loading class org/codehaus/groovy/reflection/CachedClass$1 done
Event: 8.638 loading class org/codehaus/groovy/reflection/CachedClass$2
Event: 8.638 loading class org/codehaus/groovy/reflection/CachedClass$2 done
Event: 8.639 loading class org/codehaus/groovy/reflection/CachedClass$3
Event: 8.639 loading class org/codehaus/groovy/reflection/CachedClass$3 done
Event: 8.639 loading class org/codehaus/groovy/reflection/CachedClass$4
Event: 8.639 loading class org/codehaus/groovy/reflection/CachedClass$4 done
Event: 8.639 loading class org/codehaus/groovy/reflection/CachedClass$5
Event: 8.639 loading class org/codehaus/groovy/reflection/CachedClass$5 done
Event: 8.640 loading class org/codehaus/groovy/reflection/CachedClass$6
Event: 8.640 loading class org/codehaus/groovy/reflection/CachedClass$6 done


Dynamic libraries:
0x00007ff765420000 - 0x00007ff76542a000 	C:\Program Files\Android\Android Studio4\jre\bin\java.exe
0x00007ffc56640000 - 0x00007ffc56849000 	C:\WINDOWS\SYSTEM32\ntdll.dll
0x00007ffc556d0000 - 0x00007ffc5578d000 	C:\WINDOWS\System32\KERNEL32.DLL
0x00007ffc53db0000 - 0x00007ffc54129000 	C:\WINDOWS\System32\KERNELBASE.dll
0x00007ffc53ba0000 - 0x00007ffc53cb1000 	C:\WINDOWS\System32\ucrtbase.dll
0x00007ffc21d20000 - 0x00007ffc21d37000 	C:\Program Files\Android\Android Studio4\jre\bin\VCRUNTIME140.dll
0x00007ffc247a0000 - 0x00007ffc247b9000 	C:\Program Files\Android\Android Studio4\jre\bin\jli.dll
0x00007ffc55120000 - 0x00007ffc552cc000 	C:\WINDOWS\System32\USER32.dll
0x00007ffc3bab0000 - 0x00007ffc3bd55000 	C:\WINDOWS\WinSxS\amd64_microsoft.windows.common-controls_6595b64144ccf1df_6.0.22000.120_none_9d947278b86cc467\COMCTL32.dll
0x00007ffc552d0000 - 0x00007ffc55373000 	C:\WINDOWS\System32\msvcrt.dll
0x00007ffc53d80000 - 0x00007ffc53da6000 	C:\WINDOWS\System32\win32u.dll
0x00007ffc55930000 - 0x00007ffc55959000 	C:\WINDOWS\System32\GDI32.dll
0x00007ffc543b0000 - 0x00007ffc544c2000 	C:\WINDOWS\System32\gdi32full.dll
0x00007ffc54130000 - 0x00007ffc541cd000 	C:\WINDOWS\System32\msvcp_win.dll
0x00007ffc550e0000 - 0x00007ffc55111000 	C:\WINDOWS\System32\IMM32.DLL
0x00007ffc1b970000 - 0x00007ffc1ba0d000 	C:\Program Files\Android\Android Studio4\jre\bin\msvcp140.dll
0x00007ffc0b630000 - 0x00007ffc0c115000 	C:\Program Files\Android\Android Studio4\jre\bin\server\jvm.dll
0x00007ffc55880000 - 0x00007ffc5592e000 	C:\WINDOWS\System32\ADVAPI32.dll
0x00007ffc54530000 - 0x00007ffc545ce000 	C:\WINDOWS\System32\sechost.dll
0x00007ffc55d10000 - 0x00007ffc55e30000 	C:\WINDOWS\System32\RPCRT4.dll
0x00007ffc550d0000 - 0x00007ffc550d8000 	C:\WINDOWS\System32\PSAPI.DLL
0x00007ffc3fb80000 - 0x00007ffc3fb89000 	C:\WINDOWS\SYSTEM32\WSOCK32.dll
0x00007ffc4cf20000 - 0x00007ffc4cf53000 	C:\WINDOWS\SYSTEM32\WINMM.dll
0x00007ffc55660000 - 0x00007ffc556cf000 	C:\WINDOWS\System32\WS2_32.dll
0x00007ffc4c460000 - 0x00007ffc4c46a000 	C:\WINDOWS\SYSTEM32\VERSION.dll
0x00007ffc52ca0000 - 0x00007ffc52cb8000 	C:\WINDOWS\SYSTEM32\kernel.appcore.dll
0x00007ffc4e770000 - 0x00007ffc4e781000 	C:\Program Files\Android\Android Studio4\jre\bin\verify.dll
0x00007ffc51800000 - 0x00007ffc51a21000 	C:\WINDOWS\SYSTEM32\DBGHELP.DLL
0x00007ffc2e900000 - 0x00007ffc2e931000 	C:\WINDOWS\SYSTEM32\dbgcore.DLL
0x00007ffc53b20000 - 0x00007ffc53b9f000 	C:\WINDOWS\System32\bcryptPrimitives.dll
0x00007ffc39080000 - 0x00007ffc390a9000 	C:\Program Files\Android\Android Studio4\jre\bin\java.dll
0x00007ffc4ea30000 - 0x00007ffc4ea3b000 	C:\Program Files\Android\Android Studio4\jre\bin\jimage.dll
0x00007ffc4d350000 - 0x00007ffc4d368000 	C:\Program Files\Android\Android Studio4\jre\bin\zip.dll
0x00007ffc54910000 - 0x00007ffc550c8000 	C:\WINDOWS\System32\SHELL32.dll
0x00007ffc51c90000 - 0x00007ffc524f7000 	C:\WINDOWS\SYSTEM32\windows.storage.dll
0x00007ffc55990000 - 0x00007ffc55d09000 	C:\WINDOWS\System32\combase.dll
0x00007ffc51b20000 - 0x00007ffc51c86000 	C:\WINDOWS\SYSTEM32\wintypes.dll
0x00007ffc55790000 - 0x00007ffc5587a000 	C:\WINDOWS\System32\SHCORE.dll
0x00007ffc544d0000 - 0x00007ffc5452d000 	C:\WINDOWS\System32\shlwapi.dll
0x00007ffc53a50000 - 0x00007ffc53a71000 	C:\WINDOWS\SYSTEM32\profapi.dll
0x00007ffc4d2e0000 - 0x00007ffc4d2fa000 	C:\Program Files\Android\Android Studio4\jre\bin\net.dll
0x00007ffc4c5b0000 - 0x00007ffc4c6bc000 	C:\WINDOWS\SYSTEM32\WINHTTP.dll
0x00007ffc53140000 - 0x00007ffc531a7000 	C:\WINDOWS\system32\mswsock.dll
0x00007ffc38aa0000 - 0x00007ffc38ab4000 	C:\Program Files\Android\Android Studio4\jre\bin\nio.dll
0x00007ffc2c4f0000 - 0x00007ffc2c517000 	C:\Users\ahmed\.gradle\native\e1d6ef7f7dcc3fd88c89a11ec53ec762bb8ba0a96d01ffa2cd45eb1d1d8dd5c5\windows-amd64\native-platform.dll
0x00007ffbdd3f0000 - 0x00007ffbdd534000 	C:\Users\ahmed\.gradle\native\0d407fdbe67a94daf76414ababcb853783967236a71b16ec16e742cd7a986fd3\windows-amd64\native-platform-file-events.dll
0x00007ffc3fc90000 - 0x00007ffc3fc9a000 	C:\Program Files\Android\Android Studio4\jre\bin\management.dll
0x00007ffc3fb90000 - 0x00007ffc3fb9d000 	C:\Program Files\Android\Android Studio4\jre\bin\management_ext.dll
0x00007ffc53380000 - 0x00007ffc53398000 	C:\WINDOWS\SYSTEM32\CRYPTSP.dll
0x00007ffc52c00000 - 0x00007ffc52c35000 	C:\WINDOWS\system32\rsaenh.dll
0x00007ffc53230000 - 0x00007ffc53259000 	C:\WINDOWS\SYSTEM32\USERENV.dll
0x00007ffc53500000 - 0x00007ffc53527000 	C:\WINDOWS\SYSTEM32\bcrypt.dll
0x00007ffc533a0000 - 0x00007ffc533ac000 	C:\WINDOWS\SYSTEM32\CRYPTBASE.dll
0x00007ffc52790000 - 0x00007ffc527bd000 	C:\WINDOWS\SYSTEM32\IPHLPAPI.DLL
0x00007ffc553f0000 - 0x00007ffc553f9000 	C:\WINDOWS\System32\NSI.dll
0x00007ffc4c400000 - 0x00007ffc4c419000 	C:\WINDOWS\SYSTEM32\dhcpcsvc6.DLL
0x00007ffc4d1a0000 - 0x00007ffc4d1be000 	C:\WINDOWS\SYSTEM32\dhcpcsvc.DLL
0x00007ffc527c0000 - 0x00007ffc528a8000 	C:\WINDOWS\SYSTEM32\DNSAPI.dll

dbghelp: loaded successfully - version: 4.0.5 - missing functions: none
symbol engine: initialized successfully - sym options: 0x614 - pdb path: .;C:\Program Files\Android\Android Studio4\jre\bin;C:\WINDOWS\SYSTEM32;C:\WINDOWS\WinSxS\amd64_microsoft.windows.common-controls_6595b64144ccf1df_6.0.22000.120_none_9d947278b86cc467;C:\Program Files\Android\Android Studio4\jre\bin\server;C:\Users\ahmed\.gradle\native\e1d6ef7f7dcc3fd88c89a11ec53ec762bb8ba0a96d01ffa2cd45eb1d1d8dd5c5\windows-amd64;C:\Users\ahmed\.gradle\native\0d407fdbe67a94daf76414ababcb853783967236a71b16ec16e742cd7a986fd3\windows-amd64

VM Arguments:
jvm_args: --add-opens=java.base/java.util=ALL-UNNAMED --add-opens=java.base/java.lang=ALL-UNNAMED --add-opens=java.base/java.lang.invoke=ALL-UNNAMED --add-opens=java.base/java.util=ALL-UNNAMED --add-opens=java.prefs/java.util.prefs=ALL-UNNAMED --add-opens=java.prefs/java.util.prefs=ALL-UNNAMED --add-opens=java.base/java.nio.charset=ALL-UNNAMED --add-opens=java.base/java.net=ALL-UNNAMED --add-opens=java.base/java.util.concurrent.atomic=ALL-UNNAMED -Xmx1536M -Dfile.encoding=windows-1256 -Duser.country=US -Duser.language=en -Duser.variant 
java_command: org.gradle.launcher.daemon.bootstrap.GradleDaemon 7.4
java_class_path (initial): C:\Users\ahmed\.gradle\wrapper\dists\gradle-7.4-all\aadb4xli5jkdsnukm30eibyiu\gradle-7.4\lib\gradle-launcher-7.4.jar
Launcher Type: SUN_STANDARD

[Global flags]
     intx CICompilerCount                          = 4                                         {product} {ergonomic}
     uint ConcGCThreads                            = 2                                         {product} {ergonomic}
     uint G1ConcRefinementThreads                  = 8                                         {product} {ergonomic}
   size_t G1HeapRegionSize                         = 1048576                                   {product} {ergonomic}
    uintx GCDrainStackTargetSize                   = 64                                        {product} {ergonomic}
   size_t InitialHeapSize                          = 266338304                                 {product} {ergonomic}
   size_t MarkStackSize                            = 4194304                                   {product} {ergonomic}
   size_t MaxHeapSize                              = 1610612736                                {product} {command line}
   size_t MaxNewSize                               = 965738496                                 {product} {ergonomic}
   size_t MinHeapDeltaBytes                        = 1048576                                   {product} {ergonomic}
    uintx NonNMethodCodeHeapSize                   = 5836300                                {pd product} {ergonomic}
    uintx NonProfiledCodeHeapSize                  = 122910970                              {pd product} {ergonomic}
    uintx ProfiledCodeHeapSize                     = 122910970                              {pd product} {ergonomic}
    uintx ReservedCodeCacheSize                    = 251658240                              {pd product} {ergonomic}
     bool SegmentedCodeCache                       = true                                      {product} {ergonomic}
     bool UseCompressedClassPointers               = true                                 {lp64_product} {ergonomic}
     bool UseCompressedOops                        = true                                 {lp64_product} {ergonomic}
     bool UseG1GC                                  = true                                      {product} {ergonomic}
     bool UseLargePagesIndividualAllocation        = false                                  {pd product} {ergonomic}

Logging:
Log output configuration:
 #0: stdout all=warning uptime,level,tags
 #1: stderr all=off uptime,level,tags

Environment Variables:
JAVA_HOME=C:\Program Files\Android\Android Studio4\jre
CLASSPATH=C:\Users\ahmed\StudioProjects\azkar_app\android\\gradle\wrapper\gradle-wrapper.jar
PATH=C:\WINDOWS\system32;C:\WINDOWS;C:\WINDOWS\System32\Wbem;C:\WINDOWS\System32\WindowsPowerShell\v1.0\;C:\WINDOWS\System32\OpenSSH\;C:\Program Files\Git\cmd;C:\Users\ahmed\AppData\Local\Microsoft\WindowsApps;E:\development\dart-sdk\bin;E:\development\flutter\bin;C:\Users\ahmed\AppData\Local\Programs\Microsoft VS Code\bin;;E:\development\flutter\bin\mingit\cmd
USERNAME=ahmed
OS=Windows_NT
PROCESSOR_IDENTIFIER=Intel64 Family 6 Model 142 Stepping 12, GenuineIntel



---------------  S Y S T E M  ---------------

OS: Windows 10 , 64 bit Build 22000 (10.0.22000.708)
OS uptime: 0 days 15:08 hours

CPU:total 8 (initial active 8) (4 cores per cpu, 2 threads per core) family 6 model 142 stepping 12 microcode 0xec, cmov, cx8, fxsr, mmx, sse, sse2, sse3, ssse3, sse4.1, sse4.2, popcnt, avx, avx2, aes, clmul, erms, 3dnowpref, lzcnt, ht, tsc, tscinvbit, bmi1, bmi2, adx, fma

Memory: 4k page, system-wide physical 16254M (2657M free)
TotalPageFile size 20350M (AvailPageFile size 1M)
current process WorkingSet (physical memory assigned to process): 239M, peak: 239M
current process commit charge ("private bytes"): 438M, peak: 440M

vm_info: OpenJDK 64-Bit Server VM (11.0.12+7-b1504.28-7817840) for windows-amd64 JRE (11.0.12+7-b1504.28-7817840), built on Oct 13 2021 22:12:33 by "builder" with MS VC++ 14.0 (VS2015)

END.
